<?xml version="1.0" encoding="UTF-8"?>
<coverage generated="1671787130378" clover="3.2.0">
  <project timestamp="1671787130378" name="All files">
    <metrics statements="2533" coveredstatements="2435" conditionals="501" coveredconditionals="451" methods="661" coveredmethods="642" elements="3695" coveredelements="3528" complexity="0" loc="2533" ncloc="2533" packages="24" files="80" classes="80"/>
    <package name="2022.1">
      <metrics statements="17" coveredstatements="17" conditionals="3" coveredconditionals="2" methods="2" coveredmethods="2"/>
      <file name="1.ts" path="D:\Proyectos\Node\Advent_Code\src\2022\1\1.ts">
        <metrics statements="17" coveredstatements="17" conditionals="3" coveredconditionals="2" methods="2" coveredmethods="2"/>
        <line num="1" count="1" type="stmt"/>
        <line num="3" count="1" type="stmt"/>
        <line num="7" count="2" type="stmt"/>
        <line num="9" count="2" type="stmt"/>
        <line num="10" count="2" type="stmt"/>
        <line num="12" count="2" type="stmt"/>
        <line num="13" count="4474" type="cond" truecount="1" falsecount="0"/>
        <line num="14" count="480" type="stmt"/>
        <line num="16" count="480" type="cond" truecount="1" falsecount="0"/>
        <line num="17" count="16" type="stmt"/>
        <line num="18" count="16" type="stmt"/>
        <line num="20" count="480" type="stmt"/>
        <line num="21" count="480" type="stmt"/>
        <line num="24" count="3994" type="stmt"/>
        <line num="27" count="2" type="stmt"/>
        <line num="28" count="2" type="stmt"/>
        <line num="29" count="2" type="stmt"/>
      </file>
    </package>
    <package name="2022.10">
      <metrics statements="61" coveredstatements="61" conditionals="6" coveredconditionals="6" methods="14" coveredmethods="14"/>
      <file name="10.1.ts" path="D:\Proyectos\Node\Advent_Code\src\2022\10\10.1.ts">
        <metrics statements="9" coveredstatements="9" conditionals="0" coveredconditionals="0" methods="1" coveredmethods="1"/>
        <line num="1" count="1" type="stmt"/>
        <line num="2" count="1" type="stmt"/>
        <line num="4" count="1" type="stmt"/>
        <line num="5" count="2" type="stmt"/>
        <line num="7" count="2" type="stmt"/>
        <line num="9" count="2" type="stmt"/>
        <line num="10" count="288" type="stmt"/>
        <line num="13" count="2" type="stmt"/>
        <line num="14" count="2" type="stmt"/>
      </file>
      <file name="10.2.ts" path="D:\Proyectos\Node\Advent_Code\src\2022\10\10.2.ts">
        <metrics statements="9" coveredstatements="9" conditionals="0" coveredconditionals="0" methods="1" coveredmethods="1"/>
        <line num="1" count="1" type="stmt"/>
        <line num="2" count="1" type="stmt"/>
        <line num="4" count="1" type="stmt"/>
        <line num="5" count="3" type="stmt"/>
        <line num="7" count="3" type="stmt"/>
        <line num="9" count="3" type="stmt"/>
        <line num="10" count="434" type="stmt"/>
        <line num="13" count="3" type="stmt"/>
        <line num="14" count="3" type="stmt"/>
      </file>
      <file name="singalReader.ts" path="D:\Proyectos\Node\Advent_Code\src\2022\10\singalReader.ts">
        <metrics statements="43" coveredstatements="43" conditionals="6" coveredconditionals="6" methods="12" coveredmethods="12"/>
        <line num="1" count="2" type="stmt"/>
        <line num="6" count="13" type="stmt"/>
        <line num="7" count="13" type="stmt"/>
        <line num="9" count="2" type="stmt"/>
        <line num="10" count="2" type="stmt"/>
        <line num="13" count="13" type="stmt"/>
        <line num="14" count="13" type="stmt"/>
        <line num="15" count="13" type="stmt"/>
        <line num="16" count="13" type="stmt"/>
        <line num="18" count="78" type="stmt"/>
        <line num="22" count="2431" type="stmt"/>
        <line num="26" count="1218" type="stmt"/>
        <line num="30" count="732" type="stmt"/>
        <line num="31" count="732" type="stmt"/>
        <line num="32" count="732" type="cond" truecount="1" falsecount="0"/>
        <line num="33" count="250" type="stmt"/>
        <line num="34" count="250" type="stmt"/>
        <line num="36" count="482" type="cond" truecount="1" falsecount="0"/>
        <line num="37" count="482" type="stmt"/>
        <line num="38" count="482" type="stmt"/>
        <line num="43" count="250" type="stmt"/>
        <line num="47" count="482" type="stmt"/>
        <line num="48" count="482" type="stmt"/>
        <line num="49" count="482" type="stmt"/>
        <line num="50" count="482" type="stmt"/>
        <line num="54" count="732" type="stmt"/>
        <line num="55" count="732" type="stmt"/>
        <line num="59" count="1214" type="stmt"/>
        <line num="60" count="1214" type="stmt"/>
        <line num="62" count="1214" type="stmt"/>
        <line num="63" count="1214" type="stmt"/>
        <line num="65" count="1214" type="cond" truecount="4" falsecount="0"/>
        <line num="66" count="567" type="stmt"/>
        <line num="68" count="647" type="stmt"/>
        <line num="73" count="3" type="stmt"/>
        <line num="74" count="3" type="stmt"/>
        <line num="75" count="3" type="stmt"/>
        <line num="76" count="12" type="stmt"/>
        <line num="77" count="12" type="stmt"/>
        <line num="78" count="12" type="stmt"/>
        <line num="81" count="3" type="stmt"/>
        <line num="85" count="42" type="stmt"/>
        <line num="86" count="7" type="stmt"/>
      </file>
    </package>
    <package name="2022.11">
      <metrics statements="98" coveredstatements="98" conditionals="18" coveredconditionals="18" methods="25" coveredmethods="25"/>
      <file name="11.1.ts" path="D:\Proyectos\Node\Advent_Code\src\2022\11\11.1.ts">
        <metrics statements="15" coveredstatements="15" conditionals="0" coveredconditionals="0" methods="3" coveredmethods="3"/>
        <line num="1" count="2" type="stmt"/>
        <line num="2" count="2" type="stmt"/>
        <line num="4" count="2" type="stmt"/>
        <line num="10" count="4" type="stmt"/>
        <line num="12" count="4" type="stmt"/>
        <line num="14" count="4" type="stmt"/>
        <line num="15" count="164" type="stmt"/>
        <line num="17" count="4" type="stmt"/>
        <line num="18" count="4" type="stmt"/>
        <line num="19" count="4" type="stmt"/>
        <line num="20" count="4" type="stmt"/>
        <line num="21" count="44" type="stmt"/>
        <line num="23" count="4" type="stmt"/>
        <line num="24" count="4" type="stmt"/>
        <line num="26" count="4" type="stmt"/>
      </file>
      <file name="monkey.ts" path="D:\Proyectos\Node\Advent_Code\src\2022\11\monkey.ts">
        <metrics statements="83" coveredstatements="83" conditionals="18" coveredconditionals="18" methods="22" coveredmethods="22"/>
        <line num="1" count="2" type="stmt"/>
        <line num="3" count="2" type="stmt"/>
        <line num="10" count="19" type="stmt"/>
        <line num="11" count="19" type="stmt"/>
        <line num="12" count="19" type="stmt"/>
        <line num="13" count="19" type="stmt"/>
        <line num="17" count="48" type="stmt"/>
        <line num="18" count="48" type="stmt"/>
        <line num="22" count="203" type="cond" truecount="1" falsecount="0"/>
        <line num="23" count="202" type="stmt"/>
        <line num="27" count="56" type="stmt"/>
        <line num="31" count="262" type="cond" truecount="1" falsecount="0"/>
        <line num="32" count="233" type="stmt"/>
        <line num="33" count="233" type="stmt"/>
        <line num="35" count="233" type="cond" truecount="1" falsecount="0"/>
        <line num="36" count="44" type="stmt"/>
        <line num="37" count="44" type="stmt"/>
        <line num="39" count="189" type="stmt"/>
        <line num="40" count="189" type="stmt"/>
        <line num="42" count="189" type="cond" truecount="1" falsecount="0"/>
        <line num="43" count="37" type="stmt"/>
        <line num="44" count="37" type="stmt"/>
        <line num="47" count="152" type="cond" truecount="1" falsecount="0"/>
        <line num="48" count="40" type="stmt"/>
        <line num="49" count="40" type="stmt"/>
        <line num="52" count="112" type="cond" truecount="1" falsecount="0"/>
        <line num="53" count="38" type="stmt"/>
        <line num="54" count="38" type="stmt"/>
        <line num="57" count="74" type="cond" truecount="1" falsecount="0"/>
        <line num="58" count="37" type="stmt"/>
        <line num="59" count="37" type="stmt"/>
        <line num="62" count="37" type="cond" truecount="1" falsecount="0"/>
        <line num="63" count="37" type="stmt"/>
        <line num="64" count="37" type="stmt"/>
        <line num="69" count="37" type="stmt"/>
        <line num="70" count="37" type="stmt"/>
        <line num="71" count="127" type="stmt"/>
        <line num="72" count="127" type="stmt"/>
        <line num="77" count="40" type="stmt"/>
        <line num="78" count="40" type="stmt"/>
        <line num="79" count="40" type="stmt"/>
        <line num="80" count="40" type="stmt"/>
        <line num="81" count="40" type="cond" truecount="2" falsecount="0"/>
        <line num="82" count="22" type="cond" truecount="2" falsecount="0"/>
        <line num="83" count="1" type="stmt"/>
        <line num="85" count="551710" type="stmt"/>
        <line num="87" count="18" type="cond" truecount="1" falsecount="0"/>
        <line num="88" count="18" type="cond" truecount="2" falsecount="0"/>
        <line num="89" count="97331" type="stmt"/>
        <line num="91" count="186348" type="stmt"/>
        <line num="97" count="38" type="stmt"/>
        <line num="98" count="38" type="stmt"/>
        <line num="99" count="38" type="stmt"/>
        <line num="101" count="835388" type="stmt"/>
        <line num="104" count="38" type="stmt"/>
        <line num="108" count="37" type="stmt"/>
        <line num="109" count="37" type="stmt"/>
        <line num="110" count="37" type="stmt"/>
        <line num="114" count="37" type="stmt"/>
        <line num="115" count="37" type="stmt"/>
        <line num="116" count="37" type="stmt"/>
        <line num="120" count="7" type="stmt"/>
        <line num="124" count="6" type="stmt"/>
        <line num="125" count="20061" type="stmt"/>
        <line num="126" count="120324" type="stmt"/>
        <line num="132" count="28" type="stmt"/>
        <line num="136" count="2" type="stmt"/>
        <line num="146" count="48" type="stmt"/>
        <line num="147" count="48" type="stmt"/>
        <line num="148" count="48" type="stmt"/>
        <line num="152" count="835513" type="stmt"/>
        <line num="156" count="120324" type="stmt"/>
        <line num="158" count="835386" type="stmt"/>
        <line num="159" count="835386" type="stmt"/>
        <line num="161" count="835386" type="stmt"/>
        <line num="163" count="835386" type="cond" truecount="1" falsecount="0"/>
        <line num="164" count="1898" type="stmt"/>
        <line num="166" count="835386" type="stmt"/>
        <line num="168" count="835386" type="stmt"/>
        <line num="171" count="835386" type="cond" truecount="2" falsecount="0"/>
        <line num="174" count="835386" type="stmt"/>
        <line num="175" count="835386" type="stmt"/>
        <line num="178" count="120324" type="stmt"/>
      </file>
    </package>
    <package name="2022.12">
      <metrics statements="156" coveredstatements="154" conditionals="28" coveredconditionals="28" methods="33" coveredmethods="32"/>
      <file name="12.ts" path="D:\Proyectos\Node\Advent_Code\src\2022\12\12.ts">
        <metrics statements="9" coveredstatements="9" conditionals="0" coveredconditionals="0" methods="1" coveredmethods="1"/>
        <line num="1" count="2" type="stmt"/>
        <line num="2" count="2" type="stmt"/>
        <line num="4" count="2" type="stmt"/>
        <line num="8" count="4" type="stmt"/>
        <line num="10" count="4" type="stmt"/>
        <line num="12" count="4" type="stmt"/>
        <line num="13" count="92" type="stmt"/>
        <line num="16" count="4" type="stmt"/>
        <line num="17" count="4" type="stmt"/>
      </file>
      <file name="heightMap.ts" path="D:\Proyectos\Node\Advent_Code\src\2022\12\heightMap.ts">
        <metrics statements="91" coveredstatements="91" conditionals="24" coveredconditionals="24" methods="18" coveredmethods="18"/>
        <line num="1" count="2" type="stmt"/>
        <line num="3" count="2" type="stmt"/>
        <line num="7" count="10" type="stmt"/>
        <line num="11" count="122" type="stmt"/>
        <line num="13" count="122" type="stmt"/>
        <line num="14" count="5814" type="stmt"/>
        <line num="15" count="5814" type="stmt"/>
        <line num="16" count="5814" type="stmt"/>
        <line num="17" count="5814" type="stmt"/>
        <line num="18" count="5814" type="stmt"/>
        <line num="20" count="122" type="stmt"/>
        <line num="24" count="1" type="stmt"/>
        <line num="25" count="1" type="stmt"/>
        <line num="26" count="1" type="stmt"/>
        <line num="28" count="1" type="stmt"/>
        <line num="29" count="1" type="stmt"/>
        <line num="30" count="1" type="stmt"/>
        <line num="32" count="1" type="stmt"/>
        <line num="33" count="6585" type="stmt"/>
        <line num="34" count="6585" type="stmt"/>
        <line num="35" count="6585" type="stmt"/>
        <line num="36" count="6585" type="cond" truecount="1" falsecount="0"/>
        <line num="37" count="1317" type="stmt"/>
        <line num="38" count="1317" type="stmt"/>
        <line num="39" count="1317" type="stmt"/>
        <line num="42" count="5268" type="stmt"/>
        <line num="43" count="5268" type="stmt"/>
        <line num="45" count="5268" type="stmt"/>
        <line num="46" count="5268" type="stmt"/>
        <line num="47" count="5268" type="cond" truecount="2" falsecount="0"/>
        <line num="48" count="1317" type="stmt"/>
        <line num="49" count="3951" type="cond" truecount="2" falsecount="0"/>
        <line num="50" count="1317" type="stmt"/>
        <line num="51" count="2634" type="cond" truecount="2" falsecount="0"/>
        <line num="52" count="1317" type="stmt"/>
        <line num="53" count="1317" type="cond" truecount="1" falsecount="0"/>
        <line num="54" count="1317" type="stmt"/>
        <line num="57" count="5268" type="stmt"/>
        <line num="58" count="10682" type="cond" truecount="2" falsecount="0"/>
        <line num="61" count="5268" type="cond" truecount="1" falsecount="0"/>
        <line num="62" count="2122" type="stmt"/>
        <line num="65" count="3146" type="cond" truecount="1" falsecount="0"/>
        <line num="66" count="1346" type="stmt"/>
        <line num="68" count="1346" type="cond" truecount="1" falsecount="0"/>
        <line num="69" count="13" type="stmt"/>
        <line num="70" count="13" type="stmt"/>
        <line num="71" count="13" type="stmt"/>
        <line num="72" count="13" type="stmt"/>
        <line num="75" count="1333" type="cond" truecount="1" falsecount="0"/>
        <line num="76" count="17" type="stmt"/>
        <line num="77" count="17" type="stmt"/>
        <line num="80" count="1316" type="stmt"/>
        <line num="84" count="1" type="stmt"/>
        <line num="88" count="5" type="stmt"/>
        <line num="89" count="5" type="stmt"/>
        <line num="91" count="856" type="stmt"/>
        <line num="95" count="1345" type="stmt"/>
        <line num="99" count="2856" type="stmt"/>
        <line num="103" count="2787" type="stmt"/>
        <line num="107" count="10748" type="stmt"/>
        <line num="108" count="10748" type="stmt"/>
        <line num="109" count="38636" type="stmt"/>
        <line num="110" count="38636" type="stmt"/>
        <line num="115" count="10748" type="stmt"/>
        <line num="116" count="10748" type="stmt"/>
        <line num="117" count="10748" type="stmt"/>
        <line num="118" count="10748" type="cond" truecount="1" falsecount="0"/>
        <line num="119" count="9589" type="stmt"/>
        <line num="121" count="10748" type="cond" truecount="1" falsecount="0"/>
        <line num="122" count="9358" type="stmt"/>
        <line num="124" count="10748" type="cond" truecount="1" falsecount="0"/>
        <line num="125" count="9638" type="stmt"/>
        <line num="127" count="10748" type="cond" truecount="1" falsecount="0"/>
        <line num="128" count="10051" type="stmt"/>
        <line num="131" count="10748" type="stmt"/>
        <line num="135" count="42992" type="stmt"/>
        <line num="141" count="2" type="stmt"/>
        <line num="149" count="5821" type="stmt"/>
        <line num="150" count="5821" type="stmt"/>
        <line num="151" count="5821" type="stmt"/>
        <line num="155" count="5818" type="cond" truecount="1" falsecount="0"/>
        <line num="156" count="11" type="stmt"/>
        <line num="157" count="11" type="stmt"/>
        <line num="158" count="11" type="stmt"/>
        <line num="161" count="5807" type="cond" truecount="1" falsecount="0"/>
        <line num="162" count="11" type="stmt"/>
        <line num="163" count="11" type="stmt"/>
        <line num="164" count="11" type="stmt"/>
        <line num="167" count="5796" type="stmt"/>
        <line num="168" count="5796" type="stmt"/>
        <line num="169" count="5796" type="stmt"/>
      </file>
      <file name="heightMapSearch.ts" path="D:\Proyectos\Node\Advent_Code\src\2022\12\heightMapSearch.ts">
        <metrics statements="56" coveredstatements="54" conditionals="4" coveredconditionals="4" methods="14" coveredmethods="13"/>
        <line num="2" count="2" type="stmt"/>
        <line num="4" count="2" type="stmt"/>
        <line num="10" count="5" type="stmt"/>
        <line num="16" count="5" type="stmt"/>
        <line num="17" count="281034" type="stmt"/>
        <line num="18" count="5" type="stmt"/>
        <line num="20" count="5" type="cond" truecount="2" falsecount="0"/>
        <line num="21" count="3" type="stmt"/>
        <line num="22" count="3" type="stmt"/>
        <line num="24" count="2" type="stmt"/>
        <line num="25" count="2" type="stmt"/>
        <line num="26" count="684" type="stmt"/>
        <line num="30" count="5" type="stmt"/>
        <line num="31" count="19988" type="stmt"/>
        <line num="33" count="19988" type="cond" truecount="1" falsecount="0"/>
        <line num="34" count="5" type="stmt"/>
        <line num="37" count="19983" type="cond" truecount="1" falsecount="0"/>
        <line num="38" count="5479" type="stmt"/>
        <line num="40" count="5479" type="stmt"/>
        <line num="42" count="5479" type="stmt"/>
        <line num="43" count="19481" type="stmt"/>
        <line num="48" count="0" type="stmt"/>
        <line num="52" count="687" type="stmt"/>
        <line num="53" count="687" type="stmt"/>
        <line num="54" count="687" type="stmt"/>
        <line num="55" count="687" type="stmt"/>
        <line num="56" count="687" type="stmt"/>
        <line num="63" count="20168" type="stmt"/>
        <line num="64" count="20168" type="stmt"/>
        <line num="65" count="20168" type="stmt"/>
        <line num="72" count="5479" type="stmt"/>
        <line num="75" count="5479" type="stmt"/>
        <line num="76" count="19481" type="stmt"/>
        <line num="77" count="19481" type="stmt"/>
        <line num="78" count="19481" type="stmt"/>
        <line num="79" count="19481" type="stmt"/>
        <line num="80" count="19481" type="stmt"/>
        <line num="81" count="19481" type="stmt"/>
        <line num="83" count="5479" type="stmt"/>
        <line num="87" count="2" type="stmt"/>
        <line num="90" count="20171" type="stmt"/>
        <line num="91" count="20171" type="stmt"/>
        <line num="92" count="20171" type="stmt"/>
        <line num="96" count="20171" type="stmt"/>
        <line num="100" count="20168" type="stmt"/>
        <line num="104" count="20168" type="stmt"/>
        <line num="108" count="20168" type="stmt"/>
        <line num="112" count="0" type="stmt"/>
        <line num="116" count="19988" type="stmt"/>
        <line num="120" count="6" type="stmt"/>
        <line num="121" count="6" type="stmt"/>
        <line num="122" count="6" type="stmt"/>
        <line num="123" count="853" type="stmt"/>
        <line num="124" count="853" type="stmt"/>
        <line num="126" count="6" type="stmt"/>
        <line num="127" count="6" type="stmt"/>
      </file>
    </package>
    <package name="2022.13">
      <metrics statements="101" coveredstatements="99" conditionals="21" coveredconditionals="20" methods="19" coveredmethods="18"/>
      <file name="13.1.ts" path="D:\Proyectos\Node\Advent_Code\src\2022\13\13.1.ts">
        <metrics statements="9" coveredstatements="9" conditionals="0" coveredconditionals="0" methods="1" coveredmethods="1"/>
        <line num="1" count="1" type="stmt"/>
        <line num="2" count="1" type="stmt"/>
        <line num="4" count="1" type="stmt"/>
        <line num="7" count="2" type="stmt"/>
        <line num="9" count="2" type="stmt"/>
        <line num="11" count="2" type="stmt"/>
        <line num="12" count="472" type="stmt"/>
        <line num="15" count="2" type="stmt"/>
        <line num="17" count="2" type="stmt"/>
      </file>
      <file name="13.2.ts" path="D:\Proyectos\Node\Advent_Code\src\2022\13\13.2.ts">
        <metrics statements="9" coveredstatements="9" conditionals="0" coveredconditionals="0" methods="1" coveredmethods="1"/>
        <line num="1" count="1" type="stmt"/>
        <line num="2" count="1" type="stmt"/>
        <line num="4" count="1" type="stmt"/>
        <line num="7" count="2" type="stmt"/>
        <line num="9" count="2" type="stmt"/>
        <line num="11" count="2" type="stmt"/>
        <line num="12" count="472" type="stmt"/>
        <line num="15" count="2" type="stmt"/>
        <line num="17" count="2" type="stmt"/>
      </file>
      <file name="packetsReader.ts" path="D:\Proyectos\Node\Advent_Code\src\2022\13\packetsReader.ts">
        <metrics statements="83" coveredstatements="81" conditionals="21" coveredconditionals="20" methods="17" coveredmethods="16"/>
        <line num="1" count="2" type="stmt"/>
        <line num="5" count="15" type="stmt"/>
        <line num="9" count="968" type="cond" truecount="1" falsecount="0"/>
        <line num="10" count="313" type="stmt"/>
        <line num="11" count="313" type="stmt"/>
        <line num="14" count="655" type="stmt"/>
        <line num="15" count="655" type="stmt"/>
        <line num="19" count="12" type="stmt"/>
        <line num="20" count="12" type="stmt"/>
        <line num="21" count="168" type="stmt"/>
        <line num="22" count="168" type="stmt"/>
        <line num="23" count="168" type="cond" truecount="1" falsecount="0"/>
        <line num="24" count="90" type="stmt"/>
        <line num="27" count="12" type="stmt"/>
        <line num="31" count="655" type="stmt"/>
        <line num="35" count="2" type="stmt"/>
        <line num="36" count="158" type="stmt"/>
        <line num="39" count="2" type="stmt"/>
        <line num="40" count="2" type="stmt"/>
        <line num="42" count="2" type="stmt"/>
        <line num="43" count="2" type="stmt"/>
        <line num="45" count="2145" type="stmt"/>
        <line num="46" count="2" type="stmt"/>
        <line num="47" count="2" type="stmt"/>
        <line num="49" count="2" type="stmt"/>
        <line num="53" count="2" type="stmt"/>
        <line num="57" count="328" type="stmt"/>
        <line num="61" count="168" type="stmt"/>
        <line num="63" count="168" type="stmt"/>
        <line num="64" count="168" type="stmt"/>
        <line num="65" count="168" type="stmt"/>
        <line num="66" count="168" type="cond" truecount="1" falsecount="0"/>
        <line num="67" count="78" type="stmt"/>
        <line num="69" count="90" type="stmt"/>
        <line num="72" count="90" type="stmt"/>
        <line num="87" count="2" type="stmt"/>
        <line num="91" count="13018" type="stmt"/>
        <line num="95" count="3367" type="cond" truecount="2" falsecount="0"/>
        <line num="96" count="2368" type="stmt"/>
        <line num="97" count="999" type="cond" truecount="1" falsecount="0"/>
        <line num="98" count="999" type="stmt"/>
        <line num="99" count="999" type="stmt"/>
        <line num="100" count="999" type="stmt"/>
        <line num="105" count="2" type="stmt"/>
        <line num="109" count="9794" type="stmt"/>
        <line num="113" count="657" type="stmt"/>
        <line num="114" count="657" type="stmt"/>
        <line num="116" count="657" type="stmt"/>
        <line num="117" count="1973" type="stmt"/>
        <line num="118" count="1973" type="stmt"/>
        <line num="121" count="657" type="stmt"/>
        <line num="125" count="20229" type="cond" truecount="2" falsecount="0"/>
        <line num="126" count="13002" type="stmt"/>
        <line num="128" count="7227" type="stmt"/>
        <line num="129" count="7227" type="stmt"/>
        <line num="130" count="7227" type="stmt"/>
        <line num="131" count="18256" type="stmt"/>
        <line num="133" count="7227" type="stmt"/>
        <line num="138" count="0" type="stmt"/>
        <line num="142" count="1" type="stmt"/>
        <line num="147" count="7486" type="cond" truecount="2" falsecount="0"/>
        <line num="148" count="894" type="stmt"/>
        <line num="150" count="6592" type="stmt"/>
        <line num="153" count="7486" type="cond" truecount="3" falsecount="0"/>
        <line num="154" count="269" type="stmt"/>
        <line num="156" count="7217" type="cond" truecount="1" falsecount="0"/>
        <line num="157" count="279" type="stmt"/>
        <line num="159" count="6938" type="cond" truecount="1" falsecount="0"/>
        <line num="160" count="177" type="stmt"/>
        <line num="163" count="6761" type="stmt"/>
        <line num="164" count="6761" type="stmt"/>
        <line num="168" count="8012" type="cond" truecount="2" falsecount="1"/>
        <line num="169" count="0" type="stmt"/>
        <line num="171" count="8012" type="cond" truecount="1" falsecount="0"/>
        <line num="172" count="237" type="stmt"/>
        <line num="174" count="7775" type="cond" truecount="1" falsecount="0"/>
        <line num="175" count="234" type="stmt"/>
        <line num="177" count="7541" type="stmt"/>
        <line num="178" count="7541" type="stmt"/>
        <line num="179" count="7541" type="stmt"/>
        <line num="180" count="7541" type="cond" truecount="1" falsecount="0"/>
        <line num="181" count="6057" type="stmt"/>
        <line num="185" count="233" type="stmt"/>
      </file>
    </package>
    <package name="2022.14">
      <metrics statements="111" coveredstatements="111" conditionals="15" coveredconditionals="13" methods="20" coveredmethods="20"/>
      <file name="14.1.ts" path="D:\Proyectos\Node\Advent_Code\src\2022\14\14.1.ts">
        <metrics statements="10" coveredstatements="10" conditionals="0" coveredconditionals="0" methods="1" coveredmethods="1"/>
        <line num="1" count="1" type="stmt"/>
        <line num="2" count="1" type="stmt"/>
        <line num="4" count="1" type="stmt"/>
        <line num="5" count="2" type="stmt"/>
        <line num="7" count="2" type="stmt"/>
        <line num="9" count="2" type="stmt"/>
        <line num="10" count="179" type="stmt"/>
        <line num="12" count="2" type="stmt"/>
        <line num="13" count="2" type="stmt"/>
        <line num="15" count="2" type="stmt"/>
      </file>
      <file name="14.2.ts" path="D:\Proyectos\Node\Advent_Code\src\2022\14\14.2.ts">
        <metrics statements="10" coveredstatements="10" conditionals="0" coveredconditionals="0" methods="1" coveredmethods="1"/>
        <line num="1" count="1" type="stmt"/>
        <line num="2" count="1" type="stmt"/>
        <line num="4" count="1" type="stmt"/>
        <line num="7" count="2" type="stmt"/>
        <line num="9" count="2" type="stmt"/>
        <line num="11" count="2" type="stmt"/>
        <line num="12" count="179" type="stmt"/>
        <line num="14" count="2" type="stmt"/>
        <line num="15" count="2" type="stmt"/>
        <line num="17" count="2" type="stmt"/>
      </file>
      <file name="cave.ts" path="D:\Proyectos\Node\Advent_Code\src\2022\14\cave.ts">
        <metrics statements="91" coveredstatements="91" conditionals="15" coveredconditionals="13" methods="18" coveredmethods="18"/>
        <line num="3" count="2" type="stmt"/>
        <line num="6" count="6" type="stmt"/>
        <line num="14" count="6" type="stmt"/>
        <line num="18" count="366" type="stmt"/>
        <line num="20" count="366" type="stmt"/>
        <line num="21" count="366" type="stmt"/>
        <line num="23" count="366" type="stmt"/>
        <line num="24" count="5080" type="stmt"/>
        <line num="25" count="5080" type="stmt"/>
        <line num="26" count="5080" type="stmt"/>
        <line num="27" count="5080" type="stmt"/>
        <line num="28" count="5080" type="stmt"/>
        <line num="33" count="7" type="stmt"/>
        <line num="34" count="7" type="stmt"/>
        <line num="35" count="5090" type="stmt"/>
        <line num="39" count="10187" type="stmt"/>
        <line num="40" count="10187" type="stmt"/>
        <line num="41" count="10187" type="stmt"/>
        <line num="42" count="10187" type="stmt"/>
        <line num="43" count="7" type="stmt"/>
        <line num="44" count="7" type="stmt"/>
        <line num="46" count="7" type="stmt"/>
        <line num="48" count="466088" type="stmt"/>
        <line num="50" count="7" type="stmt"/>
        <line num="51" count="5090" type="cond" truecount="2" falsecount="0"/>
        <line num="52" count="3392" type="stmt"/>
        <line num="54" count="3392" type="stmt"/>
        <line num="56" count="3392" type="stmt"/>
        <line num="58" count="3392" type="stmt"/>
        <line num="59" count="21768" type="stmt"/>
        <line num="61" count="1698" type="cond" truecount="1" falsecount="0"/>
        <line num="62" count="1698" type="stmt"/>
        <line num="64" count="1698" type="stmt"/>
        <line num="66" count="1698" type="stmt"/>
        <line num="68" count="1698" type="stmt"/>
        <line num="69" count="6518" type="stmt"/>
        <line num="74" count="7" type="stmt"/>
        <line num="80" count="3" type="stmt"/>
        <line num="81" count="3" type="stmt"/>
        <line num="82" count="3" type="stmt"/>
        <line num="83" count="1015" type="stmt"/>
        <line num="85" count="1015" type="stmt"/>
        <line num="86" count="1015" type="cond" truecount="1" falsecount="0"/>
        <line num="87" count="1012" type="stmt"/>
        <line num="88" count="1012" type="stmt"/>
        <line num="92" count="3" type="stmt"/>
        <line num="98" count="2" type="stmt"/>
        <line num="99" count="2" type="stmt"/>
        <line num="100" count="2" type="stmt"/>
        <line num="101" count="2" type="stmt"/>
        <line num="102" count="894" type="stmt"/>
        <line num="107" count="2" type="stmt"/>
        <line num="109" count="2" type="stmt"/>
        <line num="111" count="2" type="stmt"/>
        <line num="112" count="32134" type="stmt"/>
        <line num="114" count="32134" type="stmt"/>
        <line num="115" count="32134" type="stmt"/>
        <line num="116" count="32134" type="cond" truecount="3" falsecount="0"/>
        <line num="117" count="2" type="stmt"/>
        <line num="120" count="32132" type="stmt"/>
        <line num="125" count="33151" type="stmt"/>
        <line num="132" count="33149" type="stmt"/>
        <line num="133" count="4082733" type="cond" truecount="1" falsecount="0"/>
        <line num="134" count="4082732" type="stmt"/>
        <line num="136" count="4082732" type="cond" truecount="1" falsecount="0"/>
        <line num="137" count="1470333" type="stmt"/>
        <line num="138" count="1470333" type="stmt"/>
        <line num="141" count="2612399" type="cond" truecount="1" falsecount="0"/>
        <line num="142" count="2612397" type="stmt"/>
        <line num="143" count="2612397" type="cond" truecount="1" falsecount="0"/>
        <line num="144" count="1303161" type="stmt"/>
        <line num="145" count="1303161" type="stmt"/>
        <line num="146" count="1303161" type="stmt"/>
        <line num="149" count="1309236" type="stmt"/>
        <line num="151" count="1309236" type="cond" truecount="0" falsecount="1"/>
        <line num="152" count="1309236" type="cond" truecount="0" falsecount="1"/>
        <line num="153" count="1309236" type="cond" truecount="1" falsecount="0"/>
        <line num="154" count="1276090" type="stmt"/>
        <line num="155" count="1276090" type="stmt"/>
        <line num="156" count="1276090" type="stmt"/>
        <line num="159" count="33146" type="stmt"/>
        <line num="164" count="2" type="stmt"/>
        <line num="169" count="5080" type="stmt"/>
        <line num="170" count="5080" type="stmt"/>
        <line num="174" count="2" type="stmt"/>
        <line num="179" count="38609" type="stmt"/>
        <line num="180" count="38609" type="stmt"/>
        <line num="184" count="5447" type="stmt"/>
        <line num="185" count="5447" type="stmt"/>
        <line num="186" count="5447" type="stmt"/>
        <line num="187" count="5447" type="stmt"/>
      </file>
    </package>
    <package name="2022.15">
      <metrics statements="172" coveredstatements="141" conditionals="40" coveredconditionals="29" methods="39" coveredmethods="36"/>
      <file name="15.1.ts" path="D:\Proyectos\Node\Advent_Code\src\2022\15\15.1.ts">
        <metrics statements="9" coveredstatements="9" conditionals="0" coveredconditionals="0" methods="1" coveredmethods="1"/>
        <line num="1" count="1" type="stmt"/>
        <line num="2" count="1" type="stmt"/>
        <line num="4" count="1" type="stmt"/>
        <line num="8" count="2" type="stmt"/>
        <line num="10" count="2" type="stmt"/>
        <line num="12" count="2" type="stmt"/>
        <line num="13" count="50" type="stmt"/>
        <line num="16" count="2" type="stmt"/>
        <line num="18" count="2" type="stmt"/>
      </file>
      <file name="15.2.ts" path="D:\Proyectos\Node\Advent_Code\src\2022\15\15.2.ts">
        <metrics statements="10" coveredstatements="10" conditionals="2" coveredconditionals="1" methods="1" coveredmethods="1"/>
        <line num="1" count="1" type="stmt"/>
        <line num="2" count="1" type="stmt"/>
        <line num="4" count="1" type="stmt"/>
        <line num="10" count="2" type="stmt"/>
        <line num="12" count="2" type="stmt"/>
        <line num="14" count="2" type="stmt"/>
        <line num="15" count="50" type="stmt"/>
        <line num="18" count="2" type="cond" truecount="1" falsecount="1"/>
        <line num="21" count="2" type="stmt"/>
        <line num="22" count="2" type="stmt"/>
      </file>
      <file name="beaconZone.ts" path="D:\Proyectos\Node\Advent_Code\src\2022\15\beaconZone.ts">
        <metrics statements="123" coveredstatements="92" conditionals="29" coveredconditionals="19" methods="29" coveredmethods="26"/>
        <line num="1" count="2" type="stmt"/>
        <line num="3" count="2" type="stmt"/>
        <line num="7" count="6" type="stmt"/>
        <line num="11" count="130" type="stmt"/>
        <line num="12" count="130" type="stmt"/>
        <line num="16" count="3" type="stmt"/>
        <line num="17" count="3" type="stmt"/>
        <line num="18" count="78" type="stmt"/>
        <line num="19" count="78" type="cond" truecount="1" falsecount="0"/>
        <line num="20" count="28" type="stmt"/>
        <line num="24" count="3" type="stmt"/>
        <line num="25" count="56" type="stmt"/>
        <line num="27" count="3" type="stmt"/>
        <line num="28" count="3" type="stmt"/>
        <line num="29" count="28" type="stmt"/>
        <line num="30" count="28" type="stmt"/>
        <line num="31" count="28" type="stmt"/>
        <line num="33" count="28" type="stmt"/>
        <line num="35" count="126" type="cond" truecount="2" falsecount="0"/>
        <line num="37" count="28" type="stmt"/>
        <line num="38" count="126" type="stmt"/>
        <line num="39" count="237" type="stmt"/>
        <line num="40" count="28" type="stmt"/>
        <line num="41" count="51" type="stmt"/>
        <line num="42" count="175" type="cond" truecount="2" falsecount="0"/>
        <line num="44" count="51" type="cond" truecount="1" falsecount="0"/>
        <line num="45" count="28" type="stmt"/>
        <line num="46" count="28" type="stmt"/>
        <line num="49" count="63" type="cond" truecount="2" falsecount="0"/>
        <line num="50" count="23" type="cond" truecount="2" falsecount="0"/>
        <line num="52" count="23" type="stmt"/>
        <line num="53" count="23" type="stmt"/>
        <line num="57" count="3" type="stmt"/>
        <line num="58" count="78" type="stmt"/>
        <line num="59" count="156" type="stmt"/>
        <line num="61" count="12" type="cond" truecount="2" falsecount="0"/>
        <line num="63" count="3" type="stmt"/>
        <line num="67" count="0" type="stmt"/>
        <line num="68" count="0" type="stmt"/>
        <line num="70" count="0" type="stmt"/>
        <line num="71" count="0" type="stmt"/>
        <line num="72" count="0" type="stmt"/>
        <line num="74" count="0" type="stmt"/>
        <line num="75" count="0" type="stmt"/>
        <line num="76" count="0" type="stmt"/>
        <line num="78" count="0" type="stmt"/>
        <line num="79" count="0" type="cond" truecount="0" falsecount="1"/>
        <line num="80" count="0" type="stmt"/>
        <line num="81" count="0" type="stmt"/>
        <line num="84" count="0" type="stmt"/>
        <line num="85" count="0" type="cond" truecount="0" falsecount="2"/>
        <line num="86" count="0" type="stmt"/>
        <line num="88" count="0" type="stmt"/>
        <line num="92" count="0" type="stmt"/>
        <line num="93" count="0" type="stmt"/>
        <line num="94" count="0" type="stmt"/>
        <line num="96" count="0" type="stmt"/>
        <line num="97" count="0" type="cond" truecount="0" falsecount="1"/>
        <line num="98" count="0" type="stmt"/>
        <line num="99" count="0" type="stmt"/>
        <line num="102" count="0" type="stmt"/>
        <line num="103" count="0" type="cond" truecount="0" falsecount="2"/>
        <line num="104" count="0" type="stmt"/>
        <line num="106" count="0" type="stmt"/>
        <line num="113" count="2" type="stmt"/>
        <line num="114" count="337" type="cond" truecount="4" falsecount="0"/>
        <line num="117" count="2" type="stmt"/>
        <line num="118" count="106" type="stmt"/>
        <line num="119" count="106" type="cond" truecount="1" falsecount="0"/>
        <line num="120" count="2" type="stmt"/>
        <line num="124" count="0" type="stmt"/>
        <line num="128" count="3" type="stmt"/>
        <line num="129" count="52" type="stmt"/>
        <line num="131" count="3" type="stmt"/>
        <line num="132" count="52" type="stmt"/>
        <line num="133" count="52" type="stmt"/>
        <line num="134" count="208" type="stmt"/>
        <line num="136" count="208" type="stmt"/>
        <line num="137" count="2888" type="stmt"/>
        <line num="138" count="2888" type="stmt"/>
        <line num="139" count="11552" type="stmt"/>
        <line num="140" count="11552" type="stmt"/>
        <line num="141" count="11552" type="cond" truecount="1" falsecount="0"/>
        <line num="142" count="339" type="stmt"/>
        <line num="149" count="3" type="stmt"/>
        <line num="153" count="106" type="stmt"/>
        <line num="154" count="3112" type="stmt"/>
        <line num="159" count="2" type="stmt"/>
        <line num="164" count="140" type="stmt"/>
        <line num="165" count="140" type="stmt"/>
        <line num="169" count="131" type="stmt"/>
        <line num="170" count="131" type="stmt"/>
        <line num="171" count="131" type="stmt"/>
        <line num="172" count="131" type="stmt"/>
        <line num="174" count="131" type="stmt"/>
        <line num="175" count="131" type="stmt"/>
        <line num="176" count="131" type="stmt"/>
        <line num="177" count="131" type="stmt"/>
        <line num="178" count="131" type="stmt"/>
        <line num="182" count="3249" type="stmt"/>
        <line num="186" count="81" type="stmt"/>
        <line num="187" count="81" type="stmt"/>
        <line num="188" count="81" type="cond" truecount="1" falsecount="0"/>
        <line num="189" count="51" type="stmt"/>
        <line num="192" count="30" type="stmt"/>
        <line num="193" count="30" type="stmt"/>
        <line num="195" count="30" type="stmt"/>
        <line num="199" count="53" type="stmt"/>
        <line num="200" count="53" type="stmt"/>
        <line num="202" count="53" type="stmt"/>
        <line num="203" count="53" type="stmt"/>
        <line num="204" count="53" type="stmt"/>
        <line num="205" count="53" type="stmt"/>
        <line num="207" count="53" type="stmt"/>
        <line num="208" count="53" type="stmt"/>
        <line num="209" count="53" type="stmt"/>
        <line num="210" count="53" type="stmt"/>
        <line num="212" count="53" type="stmt"/>
        <line num="216" count="0" type="stmt"/>
        <line num="223" count="0" type="stmt"/>
        <line num="224" count="0" type="stmt"/>
        <line num="228" count="3114" type="stmt"/>
        <line num="229" count="3114" type="stmt"/>
      </file>
      <file name="cartesianMath.ts" path="D:\Proyectos\Node\Advent_Code\src\2022\15\cartesianMath.ts">
        <metrics statements="30" coveredstatements="30" conditionals="9" coveredconditionals="9" methods="8" coveredmethods="8"/>
        <line num="1" count="2" type="stmt"/>
        <line num="6" count="229" type="cond" truecount="2" falsecount="0"/>
        <line num="7" count="120" type="stmt"/>
        <line num="8" count="120" type="stmt"/>
        <line num="10" count="109" type="stmt"/>
        <line num="11" count="109" type="stmt"/>
        <line num="16" count="11558" type="stmt"/>
        <line num="17" count="11558" type="stmt"/>
        <line num="18" count="11558" type="cond" truecount="1" falsecount="0"/>
        <line num="19" count="5778" type="stmt"/>
        <line num="22" count="5780" type="stmt"/>
        <line num="23" count="5780" type="stmt"/>
        <line num="25" count="5780" type="stmt"/>
        <line num="26" count="5780" type="stmt"/>
        <line num="27" count="5780" type="stmt"/>
        <line num="31" count="11556" type="stmt"/>
        <line num="32" count="11556" type="cond" truecount="1" falsecount="0"/>
        <line num="33" count="5777" type="stmt"/>
        <line num="35" count="5779" type="cond" truecount="1" falsecount="0"/>
        <line num="41" count="5438" type="stmt"/>
        <line num="43" count="341" type="stmt"/>
        <line num="47" count="40459" type="stmt"/>
        <line num="51" count="17342" type="stmt"/>
        <line num="55" count="11561" type="stmt"/>
        <line num="59" count="2" type="stmt"/>
        <line num="64" count="6371" type="stmt"/>
        <line num="65" count="6371" type="stmt"/>
        <line num="69" count="6363" type="stmt"/>
        <line num="70" count="6363" type="stmt"/>
        <line num="71" count="6363" type="stmt"/>
      </file>
    </package>
    <package name="2022.16">
      <metrics statements="183" coveredstatements="148" conditionals="34" coveredconditionals="25" methods="32" coveredmethods="31"/>
      <file name="16.ts" path="D:\Proyectos\Node\Advent_Code\src\2022\16\16.ts">
        <metrics statements="9" coveredstatements="9" conditionals="0" coveredconditionals="0" methods="1" coveredmethods="1"/>
        <line num="1" count="2" type="stmt"/>
        <line num="2" count="2" type="stmt"/>
        <line num="4" count="2" type="stmt"/>
        <line num="9" count="4" type="stmt"/>
        <line num="11" count="4" type="stmt"/>
        <line num="13" count="4" type="stmt"/>
        <line num="14" count="134" type="stmt"/>
        <line num="17" count="4" type="stmt"/>
        <line num="19" count="4" type="stmt"/>
      </file>
      <file name="volcano.ts" path="D:\Proyectos\Node\Advent_Code\src\2022\16\volcano.ts">
        <metrics statements="151" coveredstatements="116" conditionals="32" coveredconditionals="23" methods="24" coveredmethods="23"/>
        <line num="2" count="2" type="stmt"/>
        <line num="4" count="2" type="stmt"/>
        <line num="8" count="6" type="stmt"/>
        <line num="12" count="156" type="stmt"/>
        <line num="13" count="156" type="stmt"/>
        <line num="14" count="156" type="stmt"/>
        <line num="15" count="352" type="stmt"/>
        <line num="17" count="156" type="stmt"/>
        <line num="18" count="156" type="stmt"/>
        <line num="22" count="7" type="stmt"/>
        <line num="23" count="7" type="stmt"/>
        <line num="27" count="4" type="stmt"/>
        <line num="28" count="4" type="stmt"/>
        <line num="30" count="4" type="cond" truecount="2" falsecount="0"/>
        <line num="31" count="2" type="stmt"/>
        <line num="32" count="2" type="cond" truecount="1" falsecount="0"/>
        <line num="33" count="2" type="stmt"/>
        <line num="37" count="2" type="stmt"/>
        <line num="38" count="2" type="stmt"/>
        <line num="39" count="2" type="stmt"/>
        <line num="41" count="2" type="stmt"/>
        <line num="44" count="442566" type="stmt"/>
        <line num="45" count="2" type="stmt"/>
        <line num="48" count="442469" type="stmt"/>
        <line num="50" count="2" type="stmt"/>
        <line num="51" count="2" type="stmt"/>
        <line num="53" count="2" type="stmt"/>
        <line num="54" count="3792" type="stmt"/>
        <line num="57" count="3792" type="stmt"/>
        <line num="58" count="21871" type="stmt"/>
        <line num="59" count="3792" type="stmt"/>
        <line num="63" count="2" type="stmt"/>
        <line num="71" count="4" type="stmt"/>
        <line num="72" count="4" type="stmt"/>
        <line num="73" count="4" type="stmt"/>
        <line num="74" count="4" type="stmt"/>
        <line num="75" count="4" type="stmt"/>
        <line num="76" count="4" type="stmt"/>
        <line num="77" count="1153806" type="stmt"/>
        <line num="78" count="1153806" type="stmt"/>
        <line num="79" count="1153806" type="stmt"/>
        <line num="82" count="1153806" type="cond" truecount="1" falsecount="0"/>
        <line num="87" count="73017" type="stmt"/>
        <line num="89" count="73017" type="cond" truecount="1" falsecount="0"/>
        <line num="90" count="73013" type="stmt"/>
        <line num="92" count="73013" type="stmt"/>
        <line num="93" count="73013" type="cond" truecount="2" falsecount="0"/>
        <line num="94" count="73013" type="stmt"/>
        <line num="96" count="73017" type="stmt"/>
        <line num="97" count="73017" type="stmt"/>
        <line num="98" count="73017" type="stmt"/>
        <line num="101" count="1080789" type="stmt"/>
        <line num="102" count="1080789" type="cond" truecount="1" falsecount="0"/>
        <line num="104" count="729858" type="stmt"/>
        <line num="105" count="729858" type="cond" truecount="1" falsecount="0"/>
        <line num="106" count="73013" type="stmt"/>
        <line num="107" count="73013" type="stmt"/>
        <line num="108" count="73013" type="stmt"/>
        <line num="109" count="73013" type="stmt"/>
        <line num="112" count="4" type="stmt"/>
        <line num="116" count="2" type="stmt"/>
        <line num="117" count="2" type="stmt"/>
        <line num="118" count="2" type="stmt"/>
        <line num="119" count="2" type="stmt"/>
        <line num="120" count="67" type="stmt"/>
        <line num="122" count="2" type="stmt"/>
        <line num="123" count="2" type="stmt"/>
        <line num="124" count="2" type="stmt"/>
        <line num="125" count="376830" type="stmt"/>
        <line num="126" count="376830" type="stmt"/>
        <line num="127" count="376830" type="stmt"/>
        <line num="129" count="376830" type="stmt"/>
        <line num="131" count="376830" type="cond" truecount="1" falsecount="0"/>
        <line num="136" count="120120" type="stmt"/>
        <line num="138" count="120120" type="cond" truecount="1" falsecount="0"/>
        <line num="139" count="120118" type="stmt"/>
        <line num="141" count="120118" type="stmt"/>
        <line num="142" count="120118" type="cond" truecount="2" falsecount="0"/>
        <line num="143" count="120118" type="stmt"/>
        <line num="145" count="120120" type="stmt"/>
        <line num="146" count="120120" type="stmt"/>
        <line num="147" count="120120" type="stmt"/>
        <line num="150" count="256710" type="stmt"/>
        <line num="151" count="256710" type="cond" truecount="1" falsecount="0"/>
        <line num="153" count="161574" type="stmt"/>
        <line num="154" count="161574" type="cond" truecount="1" falsecount="0"/>
        <line num="155" count="120118" type="stmt"/>
        <line num="156" count="120118" type="stmt"/>
        <line num="157" count="120118" type="stmt"/>
        <line num="158" count="120118" type="stmt"/>
        <line num="161" count="2" type="stmt"/>
        <line num="165" count="376830" type="stmt"/>
        <line num="166" count="376830" type="stmt"/>
        <line num="167" count="376830" type="stmt"/>
        <line num="168" count="5400117" type="stmt"/>
        <line num="169" count="3477791" type="stmt"/>
        <line num="170" count="7890217" type="stmt"/>
        <line num="172" count="376830" type="stmt"/>
        <line num="173" count="376830" type="stmt"/>
        <line num="174" count="1745944" type="cond" truecount="2" falsecount="0"/>
        <line num="175" count="1745944" type="stmt"/>
        <line num="177" count="376830" type="stmt"/>
        <line num="181" count="0" type="stmt"/>
        <line num="182" count="0" type="stmt"/>
        <line num="183" count="0" type="stmt"/>
        <line num="184" count="0" type="stmt"/>
        <line num="185" count="0" type="stmt"/>
        <line num="186" count="0" type="stmt"/>
        <line num="187" count="0" type="stmt"/>
        <line num="189" count="0" type="stmt"/>
        <line num="190" count="0" type="stmt"/>
        <line num="191" count="0" type="stmt"/>
        <line num="192" count="0" type="stmt"/>
        <line num="195" count="0" type="cond" truecount="0" falsecount="3"/>
        <line num="196" count="0" type="cond" truecount="0" falsecount="1"/>
        <line num="197" count="0" type="stmt"/>
        <line num="200" count="0" type="cond" truecount="0" falsecount="1"/>
        <line num="201" count="0" type="stmt"/>
        <line num="202" count="0" type="stmt"/>
        <line num="203" count="0" type="stmt"/>
        <line num="205" count="0" type="stmt"/>
        <line num="206" count="0" type="stmt"/>
        <line num="207" count="0" type="stmt"/>
        <line num="208" count="0" type="stmt"/>
        <line num="209" count="0" type="stmt"/>
        <line num="213" count="0" type="cond" truecount="0" falsecount="1"/>
        <line num="214" count="0" type="cond" truecount="0" falsecount="3"/>
        <line num="215" count="0" type="stmt"/>
        <line num="216" count="0" type="stmt"/>
        <line num="217" count="0" type="stmt"/>
        <line num="218" count="0" type="stmt"/>
        <line num="222" count="0" type="stmt"/>
        <line num="223" count="0" type="stmt"/>
        <line num="224" count="0" type="stmt"/>
        <line num="225" count="0" type="stmt"/>
        <line num="226" count="0" type="stmt"/>
        <line num="229" count="0" type="stmt"/>
        <line num="233" count="2" type="stmt"/>
        <line num="243" count="159" type="stmt"/>
        <line num="244" count="159" type="stmt"/>
        <line num="245" count="159" type="stmt"/>
        <line num="246" count="159" type="stmt"/>
        <line num="250" count="193132" type="stmt"/>
        <line num="251" count="193132" type="stmt"/>
        <line num="255" count="193132" type="stmt"/>
        <line num="264" count="73017" type="stmt"/>
        <line num="265" count="73017" type="stmt"/>
        <line num="269" count="3792" type="stmt"/>
        <line num="271" count="3792" type="stmt"/>
        <line num="272" count="17081718" type="stmt"/>
        <line num="277" count="13241666" type="stmt"/>
      </file>
      <file name="volcanoTunnelsSearch.ts" path="D:\Proyectos\Node\Advent_Code\src\2022\16\volcanoTunnelsSearch.ts">
        <metrics statements="23" coveredstatements="23" conditionals="2" coveredconditionals="2" methods="7" coveredmethods="7"/>
        <line num="1" count="2" type="stmt"/>
        <line num="4" count="2" type="stmt"/>
        <line num="8" count="7" type="stmt"/>
        <line num="12" count="7" type="stmt"/>
        <line num="13" count="211" type="stmt"/>
        <line num="14" count="211" type="stmt"/>
        <line num="16" count="211" type="stmt"/>
        <line num="17" count="165174" type="stmt"/>
        <line num="20" count="211" type="stmt"/>
        <line num="22" count="211" type="stmt"/>
        <line num="23" count="24196" type="stmt"/>
        <line num="25" count="24196" type="cond" truecount="1" falsecount="0"/>
        <line num="26" count="10147" type="cond" truecount="1" falsecount="0"/>
        <line num="27" count="2805" type="stmt"/>
        <line num="30" count="10147" type="stmt"/>
        <line num="31" count="10147" type="stmt"/>
        <line num="38" count="24203" type="stmt"/>
        <line num="42" count="10358" type="stmt"/>
        <line num="43" count="24196" type="stmt"/>
        <line num="48" count="2" type="stmt"/>
        <line num="49" count="24407" type="stmt"/>
        <line num="53" count="24407" type="stmt"/>
        <line num="54" count="24407" type="stmt"/>
      </file>
    </package>
    <package name="2022.17">
      <metrics statements="86" coveredstatements="86" conditionals="18" coveredconditionals="18" methods="12" coveredmethods="12"/>
      <file name="17.1.ts" path="D:\Proyectos\Node\Advent_Code\src\2022\17\17.1.ts">
        <metrics statements="8" coveredstatements="8" conditionals="0" coveredconditionals="0" methods="1" coveredmethods="1"/>
        <line num="1" count="2" type="stmt"/>
        <line num="2" count="2" type="stmt"/>
        <line num="4" count="2" type="stmt"/>
        <line num="8" count="4" type="stmt"/>
        <line num="10" count="4" type="stmt"/>
        <line num="12" count="4" type="stmt"/>
        <line num="13" count="4" type="stmt"/>
        <line num="14" count="4" type="stmt"/>
      </file>
      <file name="tetris.ts" path="D:\Proyectos\Node\Advent_Code\src\2022\17\tetris.ts">
        <metrics statements="78" coveredstatements="78" conditionals="18" coveredconditionals="18" methods="11" coveredmethods="11"/>
        <line num="1" count="2" type="stmt"/>
        <line num="3" count="2" type="stmt"/>
        <line num="4" count="2" type="stmt"/>
        <line num="7" count="8" type="stmt"/>
        <line num="14" count="7" type="stmt"/>
        <line num="15" count="7" type="stmt"/>
        <line num="16" count="7" type="stmt"/>
        <line num="18" count="7" type="stmt"/>
        <line num="19" count="7674" type="stmt"/>
        <line num="20" count="7674" type="stmt"/>
        <line num="22" count="7674" type="stmt"/>
        <line num="23" count="7674" type="stmt"/>
        <line num="25" count="7674" type="stmt"/>
        <line num="28" count="7674" type="stmt"/>
        <line num="29" count="44267" type="stmt"/>
        <line num="30" count="44267" type="stmt"/>
        <line num="31" count="44267" type="cond" truecount="2" falsecount="0"/>
        <line num="32" count="44267" type="stmt"/>
        <line num="39" count="44267" type="cond" truecount="1" falsecount="0"/>
        <line num="40" count="33823" type="stmt"/>
        <line num="43" count="44267" type="stmt"/>
        <line num="51" count="44267" type="cond" truecount="2" falsecount="0"/>
        <line num="52" count="7674" type="stmt"/>
        <line num="53" count="7674" type="stmt"/>
        <line num="55" count="36593" type="stmt"/>
        <line num="58" count="7674" type="stmt"/>
        <line num="60" count="15998379" type="cond" truecount="2" falsecount="0"/>
        <line num="62" count="7674" type="cond" truecount="1" falsecount="0"/>
        <line num="63" count="4" type="stmt"/>
        <line num="64" count="4" type="stmt"/>
        <line num="66" count="4" type="stmt"/>
        <line num="67" count="4" type="stmt"/>
        <line num="68" count="4" type="stmt"/>
        <line num="69" count="4" type="stmt"/>
        <line num="70" count="4" type="stmt"/>
        <line num="72" count="4" type="stmt"/>
        <line num="74" count="4" type="stmt"/>
        <line num="75" count="4" type="stmt"/>
        <line num="78" count="7670" type="stmt"/>
        <line num="87" count="3" type="stmt"/>
        <line num="91" count="2" type="stmt"/>
        <line num="93" count="40" type="stmt"/>
        <line num="103" count="7674" type="stmt"/>
        <line num="104" count="19951" type="stmt"/>
        <line num="105" count="19951" type="stmt"/>
        <line num="106" count="46051" type="stmt"/>
        <line num="107" count="46051" type="cond" truecount="1" falsecount="0"/>
        <line num="108" count="33767" type="cond" truecount="1" falsecount="0"/>
        <line num="109" count="33767" type="stmt"/>
        <line num="110" count="33767" type="stmt"/>
        <line num="112" count="33767" type="stmt"/>
        <line num="125" count="88534" type="stmt"/>
        <line num="126" count="213456" type="stmt"/>
        <line num="127" count="213456" type="stmt"/>
        <line num="128" count="435479" type="stmt"/>
        <line num="129" count="435479" type="cond" truecount="1" falsecount="0"/>
        <line num="130" count="337825" type="cond" truecount="1" falsecount="0"/>
        <line num="131" count="337825" type="stmt"/>
        <line num="132" count="337825" type="stmt"/>
        <line num="135" count="337825" type="stmt"/>
        <line num="136" count="337825" type="cond" truecount="1" falsecount="0"/>
        <line num="137" count="18118" type="stmt"/>
        <line num="143" count="70416" type="stmt"/>
        <line num="147" count="7674" type="stmt"/>
        <line num="149" count="7674" type="stmt"/>
        <line num="150" count="7674" type="stmt"/>
        <line num="154" count="12269" type="stmt"/>
        <line num="157" count="7674" type="stmt"/>
        <line num="162" count="15347" type="stmt"/>
        <line num="163" count="98266" type="stmt"/>
        <line num="164" count="98266" type="stmt"/>
        <line num="166" count="638834" type="stmt"/>
        <line num="168" count="98266" type="cond" truecount="2" falsecount="0"/>
        <line num="169" count="82919" type="stmt"/>
        <line num="171" count="15347" type="stmt"/>
        <line num="174" count="15347" type="stmt"/>
        <line num="178" count="337825" type="cond" truecount="3" falsecount="0"/>
        <line num="182" count="2" type="stmt"/>
      </file>
    </package>
    <package name="2022.18">
      <metrics statements="67" coveredstatements="67" conditionals="17" coveredconditionals="17" methods="16" coveredmethods="16"/>
      <file name="18.ts" path="D:\Proyectos\Node\Advent_Code\src\2022\18\18.ts">
        <metrics statements="11" coveredstatements="11" conditionals="1" coveredconditionals="1" methods="1" coveredmethods="1"/>
        <line num="1" count="2" type="stmt"/>
        <line num="2" count="2" type="stmt"/>
        <line num="5" count="2" type="stmt"/>
        <line num="10" count="4" type="stmt"/>
        <line num="12" count="4" type="stmt"/>
        <line num="14" count="4" type="stmt"/>
        <line num="15" count="4298" type="stmt"/>
        <line num="17" count="4" type="cond" truecount="1" falsecount="0"/>
        <line num="18" count="2" type="stmt"/>
        <line num="21" count="4" type="stmt"/>
        <line num="22" count="4" type="stmt"/>
      </file>
      <file name="lavaMap.ts" path="D:\Proyectos\Node\Advent_Code\src\2022\18\lavaMap.ts">
        <metrics statements="56" coveredstatements="56" conditionals="16" coveredconditionals="16" methods="15" coveredmethods="15"/>
        <line num="1" count="2" type="stmt"/>
        <line num="8" count="10" type="stmt"/>
        <line num="10" count="10" type="stmt"/>
        <line num="11" count="79" type="stmt"/>
        <line num="12" count="79" type="stmt"/>
        <line num="13" count="1061" type="stmt"/>
        <line num="14" count="1061" type="stmt"/>
        <line num="15" count="18199" type="stmt"/>
        <line num="17" count="1061" type="stmt"/>
        <line num="19" count="79" type="stmt"/>
        <line num="23" count="10" type="stmt"/>
        <line num="28" count="4324" type="stmt"/>
        <line num="30" count="4324" type="stmt"/>
        <line num="31" count="4324" type="stmt"/>
        <line num="32" count="4324" type="stmt"/>
        <line num="34" count="4324" type="stmt"/>
        <line num="35" count="4324" type="stmt"/>
        <line num="36" count="4324" type="stmt"/>
        <line num="37" count="4324" type="stmt"/>
        <line num="41" count="4" type="stmt"/>
        <line num="42" count="9091" type="cond" truecount="2" falsecount="0"/>
        <line num="43" count="4" type="stmt"/>
        <line num="44" count="2710" type="stmt"/>
        <line num="47" count="4" type="stmt"/>
        <line num="48" count="29" type="stmt"/>
        <line num="49" count="393" type="stmt"/>
        <line num="50" count="6353" type="stmt"/>
        <line num="51" count="6353" type="cond" truecount="3" falsecount="0"/>
        <line num="52" count="1099" type="stmt"/>
        <line num="53" count="6548" type="stmt"/>
        <line num="54" count="1099" type="cond" truecount="1" falsecount="0"/>
        <line num="55" count="17" type="stmt"/>
        <line num="56" count="17" type="stmt"/>
        <line num="64" count="9091" type="cond" truecount="2" falsecount="0"/>
        <line num="65" count="4" type="stmt"/>
        <line num="66" count="1082" type="stmt"/>
        <line num="67" count="1082" type="stmt"/>
        <line num="73" count="44688" type="cond" truecount="2" falsecount="0"/>
        <line num="74" count="7448" type="stmt"/>
        <line num="75" count="7431" type="stmt"/>
        <line num="76" count="7431" type="stmt"/>
        <line num="82" count="13953" type="stmt"/>
        <line num="83" count="13953" type="stmt"/>
        <line num="84" count="13953" type="stmt"/>
        <line num="85" count="13953" type="stmt"/>
        <line num="86" count="13953" type="stmt"/>
        <line num="87" count="13953" type="stmt"/>
        <line num="88" count="13953" type="stmt"/>
        <line num="91" count="83718" type="stmt"/>
        <line num="98" count="32375" type="stmt"/>
        <line num="112" count="18199" type="stmt"/>
        <line num="113" count="18199" type="stmt"/>
        <line num="114" count="18199" type="stmt"/>
        <line num="115" count="18199" type="stmt"/>
        <line num="116" count="18199" type="stmt"/>
        <line num="120" count="6926" type="cond" truecount="6" falsecount="0"/>
      </file>
    </package>
    <package name="2022.19">
      <metrics statements="150" coveredstatements="149" conditionals="23" coveredconditionals="23" methods="37" coveredmethods="36"/>
      <file name="19.1.ts" path="D:\Proyectos\Node\Advent_Code\src\2022\19\19.1.ts">
        <metrics statements="11" coveredstatements="11" conditionals="0" coveredconditionals="0" methods="1" coveredmethods="1"/>
        <line num="1" count="1" type="stmt"/>
        <line num="2" count="1" type="stmt"/>
        <line num="3" count="1" type="stmt"/>
        <line num="6" count="1" type="stmt"/>
        <line num="9" count="2" type="stmt"/>
        <line num="11" count="2" type="stmt"/>
        <line num="13" count="2" type="stmt"/>
        <line num="14" count="32" type="stmt"/>
        <line num="15" count="32" type="stmt"/>
        <line num="19" count="2" type="stmt"/>
        <line num="20" count="2" type="stmt"/>
      </file>
      <file name="19.2.ts" path="D:\Proyectos\Node\Advent_Code\src\2022\19\19.2.ts">
        <metrics statements="14" coveredstatements="14" conditionals="1" coveredconditionals="1" methods="2" coveredmethods="2"/>
        <line num="1" count="1" type="stmt"/>
        <line num="2" count="1" type="stmt"/>
        <line num="3" count="1" type="stmt"/>
        <line num="6" count="1" type="stmt"/>
        <line num="11" count="2" type="stmt"/>
        <line num="13" count="2" type="stmt"/>
        <line num="15" count="2" type="stmt"/>
        <line num="16" count="2" type="stmt"/>
        <line num="17" count="6" type="cond" truecount="1" falsecount="0"/>
        <line num="18" count="5" type="stmt"/>
        <line num="19" count="5" type="stmt"/>
        <line num="23" count="2" type="stmt"/>
        <line num="24" count="5" type="stmt"/>
        <line num="25" count="2" type="stmt"/>
      </file>
      <file name="blueprint.ts" path="D:\Proyectos\Node\Advent_Code\src\2022\19\blueprint.ts">
        <metrics statements="52" coveredstatements="52" conditionals="1" coveredconditionals="1" methods="13" coveredmethods="13"/>
        <line num="1" count="2" type="stmt"/>
        <line num="3" count="2" type="stmt"/>
        <line num="6" count="53" type="stmt"/>
        <line num="9" count="53" type="stmt"/>
        <line num="11" count="53" type="stmt"/>
        <line num="12" count="53" type="stmt"/>
        <line num="14" count="53" type="stmt"/>
        <line num="15" count="53" type="stmt"/>
        <line num="16" count="53" type="stmt"/>
        <line num="18" count="53" type="stmt"/>
        <line num="19" count="53" type="stmt"/>
        <line num="20" count="53" type="stmt"/>
        <line num="22" count="53" type="stmt"/>
        <line num="23" count="53" type="stmt"/>
        <line num="25" count="53" type="stmt"/>
        <line num="26" count="53" type="stmt"/>
        <line num="27" count="53" type="stmt"/>
        <line num="31" count="53" type="stmt"/>
        <line num="32" count="53" type="stmt"/>
        <line num="33" count="53" type="stmt"/>
        <line num="37" count="7241192" type="stmt"/>
        <line num="42" count="633077" type="stmt"/>
        <line num="43" count="633077" type="stmt"/>
        <line num="47" count="42" type="stmt"/>
        <line num="51" count="32" type="stmt"/>
        <line num="55" count="544146" type="stmt"/>
        <line num="56" count="544146" type="stmt"/>
        <line num="57" count="544146" type="stmt"/>
        <line num="58" count="1632438" type="stmt"/>
        <line num="59" count="6529752" type="stmt"/>
        <line num="60" count="1632438" type="cond" truecount="1" falsecount="0"/>
        <line num="61" count="450435" type="stmt"/>
        <line num="65" count="544146" type="stmt"/>
        <line num="69" count="2" type="stmt"/>
        <line num="74" count="237" type="stmt"/>
        <line num="75" count="237" type="stmt"/>
        <line num="79" count="2" type="stmt"/>
        <line num="81" count="65" type="stmt"/>
        <line num="82" count="65" type="stmt"/>
        <line num="83" count="65" type="stmt"/>
        <line num="87" count="2" type="stmt"/>
        <line num="89" count="60" type="stmt"/>
        <line num="90" count="60" type="stmt"/>
        <line num="91" count="60" type="stmt"/>
        <line num="95" count="2" type="stmt"/>
        <line num="97" count="57" type="stmt"/>
        <line num="98" count="57" type="stmt"/>
        <line num="99" count="57" type="stmt"/>
        <line num="103" count="2" type="stmt"/>
        <line num="105" count="55" type="stmt"/>
        <line num="106" count="55" type="stmt"/>
        <line num="107" count="55" type="stmt"/>
      </file>
      <file name="resources.ts" path="D:\Proyectos\Node\Advent_Code\src\2022\19\resources.ts">
        <metrics statements="11" coveredstatements="10" conditionals="12" coveredconditionals="12" methods="7" coveredmethods="6"/>
        <line num="8" count="2" type="stmt"/>
        <line num="15" count="42278282" type="cond" truecount="2" falsecount="0"/>
        <line num="16" count="42278282" type="cond" truecount="2" falsecount="0"/>
        <line num="17" count="42278282" type="cond" truecount="2" falsecount="0"/>
        <line num="18" count="42278282" type="cond" truecount="2" falsecount="0"/>
        <line num="22" count="7073898" type="stmt"/>
        <line num="28" count="37702497" type="stmt"/>
        <line num="33" count="1117890" type="stmt"/>
        <line num="37" count="7241192" type="cond" truecount="4" falsecount="0"/>
        <line num="41" count="633077" type="stmt"/>
        <line num="45" count="0" type="stmt"/>
      </file>
      <file name="robotOptimizer.ts" path="D:\Proyectos\Node\Advent_Code\src\2022\19\robotOptimizer.ts">
        <metrics statements="62" coveredstatements="62" conditionals="9" coveredconditionals="9" methods="14" coveredmethods="14"/>
        <line num="9" count="2" type="stmt"/>
        <line num="11" count="2" type="stmt"/>
        <line num="12" count="9" type="stmt"/>
        <line num="15" count="42" type="stmt"/>
        <line num="17" count="42" type="stmt"/>
        <line num="18" count="42" type="stmt"/>
        <line num="19" count="42" type="stmt"/>
        <line num="21" count="42" type="stmt"/>
        <line num="22" count="633414" type="stmt"/>
        <line num="23" count="633414" type="cond" truecount="2" falsecount="0"/>
        <line num="24" count="343" type="stmt"/>
        <line num="27" count="633071" type="stmt"/>
        <line num="31" count="1102919" type="stmt"/>
        <line num="36" count="633071" type="stmt"/>
        <line num="39" count="42" type="stmt"/>
        <line num="40" count="42" type="stmt"/>
        <line num="44" count="2" type="stmt"/>
        <line num="45" count="32" type="stmt"/>
        <line num="51" count="2" type="stmt"/>
        <line num="53" count="1102970" type="stmt"/>
        <line num="57" count="2" type="stmt"/>
        <line num="60" count="1102970" type="stmt"/>
        <line num="61" count="1102970" type="stmt"/>
        <line num="65" count="633075" type="cond" truecount="1" falsecount="0"/>
        <line num="67" count="633074" type="stmt"/>
        <line num="68" count="633074" type="stmt"/>
        <line num="70" count="633074" type="stmt"/>
        <line num="71" count="633074" type="stmt"/>
        <line num="73" count="1838460" type="stmt"/>
        <line num="75" count="633074" type="cond" truecount="1" falsecount="0"/>
        <line num="76" count="88929" type="stmt"/>
        <line num="80" count="88929" type="stmt"/>
        <line num="83" count="544145" type="stmt"/>
        <line num="87" count="544145" type="cond" truecount="2" falsecount="0"/>
        <line num="88" count="282016" type="stmt"/>
        <line num="89" count="282016" type="stmt"/>
        <line num="92" count="544145" type="stmt"/>
        <line num="95" count="544145" type="stmt"/>
        <line num="96" count="1494529" type="stmt"/>
        <line num="99" count="544145" type="stmt"/>
        <line num="100" count="644135" type="stmt"/>
        <line num="104" count="544145" type="stmt"/>
        <line num="105" count="484816" type="stmt"/>
        <line num="107" count="484816" type="stmt"/>
        <line num="109" count="484816" type="cond" truecount="1" falsecount="0"/>
        <line num="110" count="373859" type="stmt"/>
        <line num="111" count="373859" type="stmt"/>
        <line num="112" count="373859" type="stmt"/>
        <line num="115" count="484816" type="stmt"/>
        <line num="117" count="544145" type="cond" truecount="1" falsecount="0"/>
        <line num="118" count="529178" type="stmt"/>
        <line num="122" count="529178" type="stmt"/>
        <line num="123" count="529178" type="stmt"/>
        <line num="126" count="544145" type="stmt"/>
        <line num="130" count="573745" type="stmt"/>
        <line num="131" count="573745" type="stmt"/>
        <line num="135" count="573745" type="stmt"/>
        <line num="136" count="573745" type="stmt"/>
        <line num="137" count="573745" type="stmt"/>
        <line num="141" count="633075" type="stmt"/>
        <line num="145" count="2824285" type="stmt"/>
        <line num="146" count="37069422" type="stmt"/>
      </file>
    </package>
    <package name="2022.2">
      <metrics statements="98" coveredstatements="94" conditionals="29" coveredconditionals="26" methods="33" coveredmethods="32"/>
      <file name="2.1.ts" path="D:\Proyectos\Node\Advent_Code\src\2022\2\2.1.ts">
        <metrics statements="15" coveredstatements="15" conditionals="1" coveredconditionals="0" methods="1" coveredmethods="1"/>
        <line num="1" count="1" type="stmt"/>
        <line num="2" count="1" type="stmt"/>
        <line num="4" count="1" type="stmt"/>
        <line num="7" count="1" type="stmt"/>
        <line num="9" count="1" type="stmt"/>
        <line num="11" count="1" type="stmt"/>
        <line num="13" count="1" type="stmt"/>
        <line num="14" count="2500" type="stmt"/>
        <line num="15" count="2500" type="stmt"/>
        <line num="17" count="2500" type="stmt"/>
        <line num="18" count="2500" type="stmt"/>
        <line num="20" count="2500" type="stmt"/>
        <line num="21" count="2500" type="stmt"/>
        <line num="24" count="1" type="stmt"/>
        <line num="25" count="1" type="stmt"/>
      </file>
      <file name="2.2.ts" path="D:\Proyectos\Node\Advent_Code\src\2022\2\2.2.ts">
        <metrics statements="18" coveredstatements="18" conditionals="1" coveredconditionals="0" methods="1" coveredmethods="1"/>
        <line num="1" count="1" type="stmt"/>
        <line num="3" count="1" type="stmt"/>
        <line num="5" count="1" type="stmt"/>
        <line num="7" count="1" type="stmt"/>
        <line num="10" count="1" type="stmt"/>
        <line num="12" count="1" type="stmt"/>
        <line num="14" count="1" type="stmt"/>
        <line num="15" count="1" type="stmt"/>
        <line num="17" count="1" type="stmt"/>
        <line num="18" count="2500" type="stmt"/>
        <line num="20" count="2500" type="stmt"/>
        <line num="22" count="2500" type="stmt"/>
        <line num="24" count="2500" type="stmt"/>
        <line num="27" count="2500" type="stmt"/>
        <line num="28" count="2500" type="stmt"/>
        <line num="29" count="2500" type="stmt"/>
        <line num="32" count="1" type="stmt"/>
        <line num="33" count="1" type="stmt"/>
      </file>
      <file name="RoundResult.ts" path="D:\Proyectos\Node\Advent_Code\src\2022\2\RoundResult.ts">
        <metrics statements="7" coveredstatements="7" conditionals="0" coveredconditionals="0" methods="3" coveredmethods="3"/>
        <line num="1" count="2" type="stmt"/>
        <line num="5" count="2" type="stmt"/>
        <line num="6" count="3262" type="stmt"/>
        <line num="9" count="2" type="stmt"/>
        <line num="10" count="5063" type="stmt"/>
        <line num="13" count="2" type="stmt"/>
        <line num="14" count="3252" type="stmt"/>
      </file>
      <file name="RoundResultFactory.ts" path="D:\Proyectos\Node\Advent_Code\src\2022\2\RoundResultFactory.ts">
        <metrics statements="13" coveredstatements="13" conditionals="8" coveredconditionals="8" methods="9" coveredmethods="9"/>
        <line num="1" count="1" type="stmt"/>
        <line num="8" count="1" type="stmt"/>
        <line num="12" count="1" type="cond" truecount="2" falsecount="0"/>
        <line num="15" count="1" type="stmt"/>
        <line num="22" count="2500" type="stmt"/>
        <line num="23" count="2500" type="stmt"/>
        <line num="24" count="2500" type="stmt"/>
        <line num="36" count="1" type="cond" truecount="2" falsecount="0"/>
        <line num="40" count="771" type="stmt"/>
        <line num="48" count="1" type="cond" truecount="2" falsecount="0"/>
        <line num="52" count="1178" type="stmt"/>
        <line num="60" count="1" type="cond" truecount="2" falsecount="0"/>
        <line num="64" count="551" type="stmt"/>
      </file>
      <file name="handShape.ts" path="D:\Proyectos\Node\Advent_Code\src\2022\2\handShape.ts">
        <metrics statements="29" coveredstatements="25" conditionals="11" coveredconditionals="10" methods="10" coveredmethods="9"/>
        <line num="1" count="2" type="stmt"/>
        <line num="6" count="2" type="stmt"/>
        <line num="13" count="2" type="stmt"/>
        <line num="22" count="0" type="stmt"/>
        <line num="23" count="0" type="stmt"/>
        <line num="25" count="0" type="cond" truecount="0" falsecount="1"/>
        <line num="26" count="0" type="stmt"/>
        <line num="35" count="2500" type="stmt"/>
        <line num="36" count="4077" type="stmt"/>
        <line num="38" count="4077" type="cond" truecount="1" falsecount="0"/>
        <line num="39" count="2500" type="stmt"/>
        <line num="45" count="5000" type="stmt"/>
        <line num="46" count="5000" type="stmt"/>
        <line num="50" count="2500" type="stmt"/>
        <line num="58" count="2" type="stmt"/>
        <line num="59" count="5660" type="stmt"/>
        <line num="62" count="5097" type="cond" truecount="1" falsecount="0"/>
        <line num="63" count="2616" type="cond" truecount="1" falsecount="0"/>
        <line num="64" count="1324" type="cond" truecount="1" falsecount="0"/>
        <line num="68" count="2" type="stmt"/>
        <line num="69" count="4479" type="stmt"/>
        <line num="72" count="2217" type="cond" truecount="1" falsecount="0"/>
        <line num="73" count="1571" type="cond" truecount="1" falsecount="0"/>
        <line num="74" count="1061" type="cond" truecount="1" falsecount="0"/>
        <line num="78" count="2" type="stmt"/>
        <line num="79" count="4861" type="stmt"/>
        <line num="82" count="1763" type="cond" truecount="1" falsecount="0"/>
        <line num="83" count="1625" type="cond" truecount="1" falsecount="0"/>
        <line num="84" count="894" type="cond" truecount="1" falsecount="0"/>
      </file>
      <file name="handShapeFactory.ts" path="D:\Proyectos\Node\Advent_Code\src\2022\2\handShapeFactory.ts">
        <metrics statements="16" coveredstatements="16" conditionals="8" coveredconditionals="8" methods="9" coveredmethods="9"/>
        <line num="1" count="2" type="stmt"/>
        <line num="8" count="2" type="stmt"/>
        <line num="12" count="2" type="cond" truecount="2" falsecount="0"/>
        <line num="15" count="2" type="stmt"/>
        <line num="25" count="7500" type="stmt"/>
        <line num="26" count="7500" type="stmt"/>
        <line num="27" count="7500" type="stmt"/>
        <line num="35" count="2" type="stmt"/>
        <line num="39" count="2504" type="cond" truecount="2" falsecount="0"/>
        <line num="43" count="5660" type="stmt"/>
        <line num="47" count="2" type="stmt"/>
        <line num="51" count="2504" type="cond" truecount="2" falsecount="0"/>
        <line num="55" count="4479" type="stmt"/>
        <line num="59" count="2" type="stmt"/>
        <line num="63" count="2504" type="cond" truecount="2" falsecount="0"/>
        <line num="67" count="4861" type="stmt"/>
      </file>
    </package>
    <package name="2022.20">
      <metrics statements="80" coveredstatements="78" conditionals="14" coveredconditionals="13" methods="23" coveredmethods="21"/>
      <file name="20.ts" path="D:\Proyectos\Node\Advent_Code\src\2022\20\20.ts">
[...]
        <line num="67" count="431" type="stmt"/>
        <line num="68" count="1050" type="cond" truecount="1" falsecount="0"/>
        <line num="69" count="421" type="stmt"/>
        <line num="70" count="421" type="stmt"/>
        <line num="73" count="431" type="stmt"/>
      </file>
      <file name="fileExplorer.ts" path="D:\Proyectos\Node\Advent_Code\src\2022\7\fileExplorer.ts">
        <metrics statements="27" coveredstatements="27" conditionals="5" coveredconditionals="4" methods="7" coveredmethods="7"/>
        <line num="1" count="2" type="stmt"/>
        <line num="3" count="2" type="stmt"/>
        <line num="9" count="17" type="stmt"/>
        <line num="10" count="17" type="stmt"/>
        <line num="14" count="831" type="cond" truecount="1" falsecount="0"/>
        <line num="15" count="408" type="stmt"/>
        <line num="16" count="408" type="stmt"/>
        <line num="18" count="423" type="cond" truecount="1" falsecount="0"/>
        <line num="19" count="5" type="stmt"/>
        <line num="20" count="5" type="stmt"/>
        <line num="23" count="418" type="stmt"/>
        <line num="24" count="418" type="cond" truecount="1" falsecount="0"/>
        <line num="25" count="2" type="stmt"/>
        <line num="28" count="416" type="stmt"/>
        <line num="32" count="1035" type="stmt"/>
        <line num="33" count="1035" type="stmt"/>
        <line num="34" count="1035" type="cond" truecount="1" falsecount="0"/>
        <line num="35" count="415" type="stmt"/>
        <line num="36" count="415" type="stmt"/>
        <line num="39" count="620" type="stmt"/>
        <line num="40" count="620" type="stmt"/>
        <line num="44" count="418" type="stmt"/>
        <line num="48" count="625" type="stmt"/>
        <line num="52" count="4" type="stmt"/>
        <line num="55" count="3" type="stmt"/>
        <line num="57" count="3" type="cond" truecount="0" falsecount="1"/>
        <line num="58" count="3" type="stmt"/>
      </file>
      <file name="terminal.ts" path="D:\Proyectos\Node\Advent_Code\src\2022\7\terminal.ts">
        <metrics statements="9" coveredstatements="9" conditionals="3" coveredconditionals="3" methods="2" coveredmethods="2"/>
        <line num="1" count="2" type="stmt"/>
        <line num="3" count="2" type="stmt"/>
        <line num="7" count="9" type="stmt"/>
        <line num="11" count="2272" type="stmt"/>
        <line num="13" count="2272" type="cond" truecount="2" falsecount="0"/>
        <line num="15" count="1239" type="cond" truecount="1" falsecount="0"/>
        <line num="16" count="825" type="stmt"/>
        <line num="17" count="825" type="stmt"/>
        <line num="20" count="1033" type="stmt"/>
      </file>
    </package>
    <package name="2022.8">
      <metrics statements="115" coveredstatements="115" conditionals="12" coveredconditionals="10" methods="45" coveredmethods="45"/>
      <file name="8.1.ts" path="D:\Proyectos\Node\Advent_Code\src\2022\8\8.1.ts">
        <metrics statements="10" coveredstatements="10" conditionals="1" coveredconditionals="0" methods="1" coveredmethods="1"/>
        <line num="1" count="1" type="stmt"/>
        <line num="2" count="1" type="stmt"/>
        <line num="4" count="1" type="stmt"/>
        <line num="7" count="2" type="stmt"/>
        <line num="9" count="2" type="stmt"/>
        <line num="10" count="2" type="stmt"/>
        <line num="11" count="104" type="stmt"/>
        <line num="13" count="2" type="stmt"/>
        <line num="14" count="2" type="stmt"/>
        <line num="15" count="2" type="stmt"/>
      </file>
      <file name="8.2.ts" path="D:\Proyectos\Node\Advent_Code\src\2022\8\8.2.ts">
        <metrics statements="11" coveredstatements="11" conditionals="1" coveredconditionals="0" methods="1" coveredmethods="1"/>
        <line num="1" count="1" type="stmt"/>
        <line num="2" count="1" type="stmt"/>
        <line num="4" count="1" type="stmt"/>
        <line num="7" count="2" type="stmt"/>
        <line num="9" count="2" type="stmt"/>
        <line num="10" count="2" type="stmt"/>
        <line num="11" count="104" type="stmt"/>
        <line num="13" count="2" type="stmt"/>
        <line num="14" count="2" type="stmt"/>
        <line num="15" count="2" type="stmt"/>
        <line num="16" count="2" type="stmt"/>
      </file>
      <file name="direction.ts" path="D:\Proyectos\Node\Advent_Code\src\2022\8\direction.ts">
        <metrics statements="46" coveredstatements="46" conditionals="9" coveredconditionals="9" methods="22" coveredmethods="22"/>
        <line num="3" count="2" type="stmt"/>
        <line num="5" count="9838" type="stmt"/>
        <line num="17" count="884" type="stmt"/>
        <line num="18" count="884" type="stmt"/>
        <line num="19" count="884" type="stmt"/>
        <line num="20" count="78796" type="stmt"/>
        <line num="21" count="78796" type="stmt"/>
        <line num="22" count="78796" type="cond" truecount="1" falsecount="0"/>
        <line num="23" count="4419" type="stmt"/>
        <line num="25" count="78796" type="stmt"/>
        <line num="45" count="2" type="stmt"/>
        <line num="49" count="10303" type="cond" truecount="2" falsecount="0"/>
        <line num="53" count="227" type="stmt"/>
        <line num="57" count="29573" type="stmt"/>
        <line num="61" count="10066" type="stmt"/>
        <line num="63" count="10066" type="stmt"/>
        <line num="64" count="500044" type="stmt"/>
        <line num="67" count="10066" type="stmt"/>
        <line num="71" count="227" type="stmt"/>
        <line num="75" count="2" type="stmt"/>
        <line num="79" count="10274" type="cond" truecount="2" falsecount="0"/>
        <line num="83" count="215" type="stmt"/>
        <line num="87" count="29516" type="stmt"/>
        <line num="91" count="10054" type="stmt"/>
        <line num="93" count="10054" type="stmt"/>
        <line num="94" count="499985" type="stmt"/>
        <line num="97" count="10054" type="stmt"/>
        <line num="101" count="215" type="stmt"/>
        <line num="105" count="2" type="stmt"/>
        <line num="109" count="10302" type="cond" truecount="2" falsecount="0"/>
        <line num="113" count="227" type="stmt"/>
        <line num="117" count="29572" type="stmt"/>
        <line num="121" count="10066" type="stmt"/>
        <line num="123" count="10066" type="stmt"/>
        <line num="124" count="500043" type="stmt"/>
        <line num="127" count="10066" type="stmt"/>
        <line num="131" count="227" type="stmt"/>
        <line num="135" count="2" type="stmt"/>
        <line num="139" count="10275" type="cond" truecount="2" falsecount="0"/>
        <line num="143" count="215" type="stmt"/>
        <line num="147" count="29517" type="stmt"/>
        <line num="151" count="10054" type="stmt"/>
        <line num="153" count="10054" type="stmt"/>
        <line num="154" count="499985" type="stmt"/>
        <line num="157" count="10054" type="stmt"/>
        <line num="161" count="215" type="stmt"/>
      </file>
      <file name="forest.ts" path="D:\Proyectos\Node\Advent_Code\src\2022\8\forest.ts">
        <metrics statements="34" coveredstatements="34" conditionals="1" coveredconditionals="1" methods="12" coveredmethods="12"/>
        <line num="1" count="2" type="stmt"/>
        <line num="2" count="2" type="stmt"/>
        <line num="4" count="2" type="stmt"/>
        <line num="8" count="11" type="stmt"/>
        <line num="12" count="9835" type="stmt"/>
        <line num="16" count="9838" type="stmt"/>
        <line num="20" count="227" type="stmt"/>
        <line num="22" count="227" type="stmt"/>
        <line num="23" count="227" type="stmt"/>
        <line num="24" count="227" type="stmt"/>
        <line num="26" count="227" type="stmt"/>
        <line num="27" count="227" type="stmt"/>
        <line num="31" count="227" type="stmt"/>
        <line num="32" count="19725" type="stmt"/>
        <line num="33" count="19725" type="stmt"/>
        <line num="34" count="19725" type="stmt"/>
        <line num="39" count="6" type="stmt"/>
        <line num="40" count="215" type="stmt"/>
        <line num="41" count="215" type="stmt"/>
        <line num="46" count="3" type="stmt"/>
        <line num="47" count="107" type="stmt"/>
        <line num="48" count="9838" type="stmt"/>
        <line num="49" count="9838" type="stmt"/>
        <line num="50" count="39352" type="stmt"/>
        <line num="62" count="39352" type="stmt"/>
        <line num="63" count="39352" type="stmt"/>
        <line num="67" count="39352" type="stmt"/>
        <line num="71" count="39356" type="stmt"/>
        <line num="78" count="39352" type="stmt"/>
        <line num="79" count="39352" type="stmt"/>
        <line num="80" count="107727" type="stmt"/>
        <line num="81" count="107727" type="cond" truecount="1" falsecount="0"/>
        <line num="82" count="37164" type="stmt"/>
        <line num="86" count="39352" type="stmt"/>
      </file>
      <file name="tree.ts" path="D:\Proyectos\Node\Advent_Code\src\2022\8\tree.ts">
        <metrics statements="14" coveredstatements="14" conditionals="0" coveredconditionals="0" methods="9" coveredmethods="9"/>
        <line num="1" count="2" type="stmt"/>
        <line num="6" count="19741" type="stmt"/>
        <line num="7" count="19741" type="stmt"/>
        <line num="9" count="78964" type="stmt"/>
        <line num="13" count="36405" type="stmt"/>
        <line num="17" count="9840" type="stmt"/>
        <line num="18" count="39360" type="stmt"/>
        <line num="23" count="2" type="stmt"/>
        <line num="29" count="78967" type="stmt"/>
        <line num="30" count="78967" type="stmt"/>
        <line num="31" count="78967" type="stmt"/>
        <line num="35" count="36410" type="stmt"/>
        <line num="39" count="78818" type="stmt"/>
        <line num="40" count="78818" type="stmt"/>
      </file>
    </package>
    <package name="2022.9">
      <metrics statements="105" coveredstatements="100" conditionals="34" coveredconditionals="30" methods="35" coveredmethods="34"/>
      <file name="9.ts" path="D:\Proyectos\Node\Advent_Code\src\2022\9\9.ts">
        <metrics statements="21" coveredstatements="21" conditionals="0" coveredconditionals="0" methods="2" coveredmethods="2"/>
        <line num="1" count="2" type="stmt"/>
        <line num="2" count="2" type="stmt"/>
        <line num="4" count="2" type="stmt"/>
        <line num="8" count="4" type="stmt"/>
        <line num="10" count="4" type="stmt"/>
        <line num="12" count="4" type="stmt"/>
        <line num="13" count="4016" type="stmt"/>
        <line num="14" count="4016" type="stmt"/>
        <line num="15" count="4016" type="stmt"/>
        <line num="16" count="4016" type="stmt"/>
        <line num="19" count="4" type="stmt"/>
        <line num="20" count="4" type="stmt"/>
        <line num="23" count="2" type="stmt"/>
        <line num="27" count="1" type="stmt"/>
        <line num="29" count="1" type="stmt"/>
        <line num="31" count="1" type="stmt"/>
        <line num="32" count="8" type="stmt"/>
        <line num="33" count="8" type="stmt"/>
        <line num="34" count="8" type="stmt"/>
        <line num="35" count="8" type="stmt"/>
        <line num="38" count="1" type="stmt"/>
      </file>
      <file name="bridge.ts" path="D:\Proyectos\Node\Advent_Code\src\2022\9\bridge.ts">
        <metrics statements="64" coveredstatements="59" conditionals="26" coveredconditionals="22" methods="18" coveredmethods="17"/>
        <line num="1" count="2" type="stmt"/>
        <line num="3" count="2" type="stmt"/>
        <line num="10" count="11" type="stmt"/>
        <line num="11" count="11" type="stmt"/>
        <line num="12" count="11" type="stmt"/>
        <line num="13" count="11" type="stmt"/>
        <line num="14" count="11" type="stmt"/>
        <line num="16" count="24" type="stmt"/>
        <line num="21" count="46613" type="stmt"/>
        <line num="25" count="23199" type="stmt"/>
        <line num="29" count="11721" type="stmt"/>
        <line num="30" count="11721" type="stmt"/>
        <line num="34" count="4030" type="stmt"/>
        <line num="35" count="4030" type="stmt"/>
        <line num="36" count="4030" type="stmt"/>
        <line num="37" count="23165" type="stmt"/>
        <line num="38" count="23165" type="stmt"/>
        <line num="39" count="23165" type="stmt"/>
        <line num="40" count="92992" type="cond" truecount="1" falsecount="0"/>
        <line num="41" count="41708" type="stmt"/>
        <line num="42" count="41708" type="stmt"/>
        <line num="44" count="92992" type="stmt"/>
        <line num="46" count="23165" type="cond" truecount="1" falsecount="0"/>
        <line num="47" count="11709" type="stmt"/>
        <line num="48" count="11709" type="stmt"/>
        <line num="55" count="6" type="stmt"/>
        <line num="56" count="42264066" type="stmt"/>
        <line num="66" count="1" type="stmt"/>
        <line num="67" count="1" type="stmt"/>
        <line num="68" count="1" type="stmt"/>
        <line num="69" count="1" type="stmt"/>
        <line num="70" count="5" type="stmt"/>
        <line num="71" count="30" type="stmt"/>
        <line num="72" count="30" type="stmt"/>
        <line num="73" count="217" type="stmt"/>
        <line num="75" count="30" type="cond" truecount="2" falsecount="0"/>
        <line num="76" count="1" type="stmt"/>
        <line num="77" count="29" type="cond" truecount="2" falsecount="0"/>
        <line num="78" count="4" type="stmt"/>
        <line num="79" count="25" type="cond" truecount="1" falsecount="1"/>
        <line num="80" count="0" type="stmt"/>
        <line num="81" count="25" type="cond" truecount="3" falsecount="1"/>
        <line num="82" count="0" type="stmt"/>
        <line num="84" count="25" type="stmt"/>
        <line num="87" count="5" type="stmt"/>
        <line num="89" count="1" type="stmt"/>
        <line num="90" count="1" type="stmt"/>
        <line num="94" count="2" type="stmt"/>
        <line num="99" count="250314" type="stmt"/>
        <line num="100" count="250314" type="stmt"/>
        <line num="104" count="76582" type="stmt"/>
        <line num="107" count="116157" type="stmt"/>
        <line num="111" count="116157" type="stmt"/>
        <line num="112" count="116157" type="stmt"/>
        <line num="113" count="116157" type="stmt"/>
        <line num="114" count="116157" type="cond" truecount="2" falsecount="0"/>
        <line num="115" count="116157" type="stmt"/>
        <line num="119" count="0" type="stmt"/>
        <line num="120" count="0" type="stmt"/>
        <line num="122" count="0" type="cond" truecount="0" falsecount="2"/>
        <line num="126" count="53426" type="stmt"/>
        <line num="127" count="53426" type="stmt"/>
        <line num="128" count="53426" type="stmt"/>
        <line num="135" count="42264338" type="cond" truecount="2" falsecount="0"/>
      </file>
      <file name="direction.ts" path="D:\Proyectos\Node\Advent_Code\src\2022\9\direction.ts">
        <metrics statements="20" coveredstatements="20" conditionals="8" coveredconditionals="8" methods="15" coveredmethods="15"/>
        <line num="1" count="2" type="stmt"/>
        <line num="3" count="2" type="stmt"/>
        <line num="8" count="4030" type="stmt"/>
        <line num="12" count="10073" type="stmt"/>
        <line num="16" count="2" type="stmt"/>
        <line num="20" count="4030" type="cond" truecount="2" falsecount="0"/>
        <line num="23" count="4030" type="stmt"/>
        <line num="27" count="1001" type="stmt"/>
        <line num="31" count="2" type="stmt"/>
        <line num="35" count="4030" type="cond" truecount="2" falsecount="0"/>
        <line num="39" count="3029" type="stmt"/>
        <line num="43" count="1015" type="stmt"/>
        <line num="47" count="2" type="stmt"/>
        <line num="51" count="4030" type="cond" truecount="2" falsecount="0"/>
        <line num="55" count="2014" type="stmt"/>
        <line num="59" count="1014" type="stmt"/>
        <line num="63" count="2" type="stmt"/>
        <line num="67" count="4030" type="cond" truecount="2" falsecount="0"/>
        <line num="71" count="1000" type="stmt"/>
        <line num="75" count="1000" type="stmt"/>
      </file>
    </package>
    <package name="common">
      <metrics statements="53" coveredstatements="48" conditionals="12" coveredconditionals="11" methods="19" coveredmethods="17"/>
      <file name="Utils.ts" path="D:\Proyectos\Node\Advent_Code\src\common\Utils.ts">
        <metrics statements="9" coveredstatements="9" conditionals="0" coveredconditionals="0" methods="2" coveredmethods="2"/>
        <line num="1" count="2" type="stmt"/>
        <line num="2" count="2" type="stmt"/>
        <line num="4" count="38" type="stmt"/>
        <line num="5" count="136" type="stmt"/>
        <line num="6" count="136" type="stmt"/>
        <line num="7" count="136" type="stmt"/>
        <line num="9" count="38" type="stmt"/>
        <line num="12" count="2" type="stmt"/>
        <line num="13" count="38" type="stmt"/>
      </file>
      <file name="priorityQueue.ts" path="D:\Proyectos\Node\Advent_Code\src\common\priorityQueue.ts">
        <metrics statements="37" coveredstatements="32" conditionals="12" coveredconditionals="11" methods="16" coveredmethods="14"/>
        <line num="1" count="4" type="stmt"/>
        <line num="2" count="284437" type="stmt"/>
        <line num="3" count="598533" type="stmt"/>
        <line num="4" count="465245" type="stmt"/>
        <line num="6" count="4" type="stmt"/>
        <line num="10" count="0" type="cond" truecount="0" falsecount="1"/>
        <line num="11" count="216" type="stmt"/>
        <line num="12" count="216" type="stmt"/>
        <line num="15" count="577727" type="stmt"/>
        <line num="18" count="44395" type="stmt"/>
        <line num="21" count="44184" type="stmt"/>
        <line num="24" count="30526" type="stmt"/>
        <line num="25" count="44364" type="stmt"/>
        <line num="26" count="44364" type="stmt"/>
        <line num="28" count="30526" type="stmt"/>
        <line num="31" count="44184" type="stmt"/>
        <line num="32" count="44184" type="stmt"/>
        <line num="33" count="44184" type="cond" truecount="1" falsecount="0"/>
        <line num="34" count="43687" type="stmt"/>
        <line num="36" count="44184" type="stmt"/>
        <line num="37" count="44184" type="stmt"/>
        <line num="38" count="44184" type="stmt"/>
        <line num="41" count="0" type="stmt"/>
        <line num="42" count="0" type="stmt"/>
        <line num="43" count="0" type="stmt"/>
        <line num="44" count="0" type="stmt"/>
        <line num="47" count="446208" type="stmt"/>
        <line num="50" count="289620" type="stmt"/>
        <line num="53" count="44364" type="stmt"/>
        <line num="54" count="44364" type="cond" truecount="2" falsecount="0"/>
        <line num="55" count="83657" type="stmt"/>
        <line num="56" count="83657" type="stmt"/>
        <line num="60" count="44184" type="stmt"/>
        <line num="61" count="44184" type="stmt"/>
        <line num="66" count="162276" type="cond" truecount="4" falsecount="0"/>
        <line num="69" count="162276" type="stmt"/>
        <line num="70" count="162276" type="stmt"/>
      </file>
      <file name="readfileLines.ts" path="D:\Proyectos\Node\Advent_Code\src\common\readfileLines.ts">
        <metrics statements="7" coveredstatements="7" conditionals="0" coveredconditionals="0" methods="1" coveredmethods="1"/>
        <line num="1" count="45" type="stmt"/>
        <line num="2" count="45" type="stmt"/>
        <line num="3" count="45" type="stmt"/>
        <line num="5" count="45" type="stmt"/>
        <line num="9" count="91" type="stmt"/>
        <line num="16" count="91" type="stmt"/>
        <line num="20" count="91" type="stmt"/>
      </file>
    </package>
  </project>
</coverage>
