{
  "D:\\Proyectos\\Node\\Advent_Code\\src\\2022\\1\\1.ts": {
    "path": "D:\\Proyectos\\Node\\Advent_Code\\src\\2022\\1\\1.ts",
    "statementMap": {
      "0": {
        "start": { "line": 1, "column": 0 },
        "end": { "line": 1, "column": 62 }
      },
      "1": {
        "start": { "line": 7, "column": 13 },
        "end": { "line": 7, "column": 43 }
      },
      "2": {
        "start": { "line": 9, "column": 24 },
        "end": { "line": 9, "column": 25 }
      },
      "3": {
        "start": { "line": 10, "column": 21 },
        "end": { "line": 10, "column": 46 }
      },
      "4": {
        "start": { "line": 12, "column": 2 },
        "end": { "line": 25, "column": null }
      },
      "5": {
        "start": { "line": 13, "column": 4 },
        "end": { "line": 22, "column": null }
      },
      "6": {
        "start": { "line": 14, "column": 33 },
        "end": { "line": 14, "column": 58 }
      },
      "7": {
        "start": { "line": 16, "column": 6 },
        "end": { "line": 19, "column": null }
      },
      "8": {
        "start": { "line": 17, "column": 35 },
        "end": { "line": 17, "column": 75 }
      },
      "9": {
        "start": { "line": 18, "column": 8 },
        "end": { "line": 18, "column": 59 }
      },
      "10": {
        "start": { "line": 20, "column": 6 },
        "end": { "line": 20, "column": 26 }
      },
      "11": {
        "start": { "line": 21, "column": 6 },
        "end": { "line": 21, "column": 15 }
      },
      "12": {
        "start": { "line": 24, "column": 4 },
        "end": { "line": 24, "column": 38 }
      },
      "13": {
        "start": { "line": 27, "column": 33 },
        "end": { "line": 27, "column": 69 }
      },
      "14": {
        "start": { "line": 27, "column": 63 },
        "end": { "line": 27, "column": 68 }
      },
      "15": {
        "start": { "line": 28, "column": 2 },
        "end": { "line": 28, "column": 30 }
      },
      "16": {
        "start": { "line": 29, "column": 2 },
        "end": { "line": 29, "column": 24 }
      },
      "17": {
        "start": { "line": 3, "column": 0 },
        "end": { "line": 3, "column": 7 }
      }
    },
    "fnMap": {
      "0": {
        "name": "calorieCounter",
        "decl": {
          "start": { "line": 3, "column": 22 },
          "end": { "line": 3, "column": 36 }
        },
        "loc": {
          "start": { "line": 5, "column": 28 },
          "end": { "line": 30, "column": 1 }
        }
      },
      "1": {
        "name": "(anonymous_1)",
        "decl": {
          "start": { "line": 27, "column": 53 },
          "end": { "line": 27, "column": 54 }
        },
        "loc": {
          "start": { "line": 27, "column": 63 },
          "end": { "line": 27, "column": 68 }
        }
      }
    },
    "branchMap": {
      "0": {
        "loc": {
          "start": { "line": 5, "column": 2 },
          "end": { "line": 5, "column": 28 }
        },
        "type": "default-arg",
        "locations": [
          {
            "start": { "line": 5, "column": 17 },
            "end": { "line": 5, "column": 28 }
          }
        ]
      },
      "1": {
        "loc": {
          "start": { "line": 13, "column": 4 },
          "end": { "line": 22, "column": null }
        },
        "type": "if",
        "locations": [
          {
            "start": { "line": 13, "column": 4 },
            "end": { "line": 22, "column": null }
          }
        ]
      },
      "2": {
        "loc": {
          "start": { "line": 16, "column": 6 },
          "end": { "line": 19, "column": null }
        },
        "type": "if",
        "locations": [
          {
            "start": { "line": 16, "column": 6 },
            "end": { "line": 19, "column": null }
          }
        ]
      }
    },
    "s": {
      "0": 1,
      "1": 2,
      "2": 2,
      "3": 2,
      "4": 2,
      "5": 4474,
      "6": 480,
      "7": 480,
      "8": 16,
      "9": 16,
      "10": 480,
      "11": 480,
      "12": 3994,
      "13": 2,
      "14": 2,
      "15": 2,
      "16": 2,
      "17": 1
    },
    "f": { "0": 2, "1": 2 },
    "b": { "0": [0], "1": [480], "2": [16] }
  },
  "D:\\Proyectos\\Node\\Advent_Code\\src\\2022\\10\\10.1.ts": {
    "path": "D:\\Proyectos\\Node\\Advent_Code\\src\\2022\\10\\10.1.ts",
    "statementMap": {
      "0": {
        "start": { "line": 1, "column": 0 },
        "end": { "line": 1, "column": 62 }
      },
      "1": {
        "start": { "line": 2, "column": 0 },
        "end": { "line": 2, "column": 49 }
      },
      "2": {
        "start": { "line": 5, "column": 13 },
        "end": { "line": 5, "column": 43 }
      },
      "3": {
        "start": { "line": 7, "column": 23 },
        "end": { "line": 7, "column": 41 }
      },
      "4": {
        "start": { "line": 9, "column": 2 },
        "end": { "line": 11, "column": null }
      },
      "5": {
        "start": { "line": 10, "column": 4 },
        "end": { "line": 10, "column": 32 }
      },
      "6": {
        "start": { "line": 13, "column": 25 },
        "end": { "line": 13, "column": 53 }
      },
      "7": {
        "start": { "line": 14, "column": 2 },
        "end": { "line": 14, "column": 24 }
      },
      "8": {
        "start": { "line": 4, "column": 0 },
        "end": { "line": 4, "column": 7 }
      }
    },
    "fnMap": {
      "0": {
        "name": "getSignalStrength",
        "decl": {
          "start": { "line": 4, "column": 22 },
          "end": { "line": 4, "column": 39 }
        },
        "loc": {
          "start": { "line": 4, "column": 52 },
          "end": { "line": 15, "column": 1 }
        }
      }
    },
    "branchMap": {},
    "s": {
      "0": 1,
      "1": 1,
      "2": 2,
      "3": 2,
      "4": 2,
      "5": 288,
      "6": 2,
      "7": 2,
      "8": 1
    },
    "f": { "0": 2 },
    "b": {}
  },
  "D:\\Proyectos\\Node\\Advent_Code\\src\\2022\\10\\10.2.ts": {
    "path": "D:\\Proyectos\\Node\\Advent_Code\\src\\2022\\10\\10.2.ts",
    "statementMap": {
      "0": {
        "start": { "line": 1, "column": 0 },
        "end": { "line": 1, "column": 62 }
      },
      "1": {
        "start": { "line": 2, "column": 0 },
        "end": { "line": 2, "column": 49 }
      },
      "2": {
        "start": { "line": 5, "column": 13 },
        "end": { "line": 5, "column": 43 }
      },
      "3": {
        "start": { "line": 7, "column": 23 },
        "end": { "line": 7, "column": 41 }
      },
      "4": {
        "start": { "line": 9, "column": 2 },
        "end": { "line": 11, "column": null }
      },
      "5": {
        "start": { "line": 10, "column": 4 },
        "end": { "line": 10, "column": 32 }
      },
      "6": {
        "start": { "line": 13, "column": 18 },
        "end": { "line": 13, "column": 46 }
      },
      "7": {
        "start": { "line": 14, "column": 2 },
        "end": { "line": 14, "column": 17 }
      },
      "8": {
        "start": { "line": 4, "column": 0 },
        "end": { "line": 4, "column": 7 }
      }
    },
    "fnMap": {
      "0": {
        "name": "displayFromSignal",
        "decl": {
          "start": { "line": 4, "column": 22 },
          "end": { "line": 4, "column": 39 }
        },
        "loc": {
          "start": { "line": 4, "column": 52 },
          "end": { "line": 15, "column": 1 }
        }
      }
    },
    "branchMap": {},
    "s": {
      "0": 1,
      "1": 1,
      "2": 3,
      "3": 3,
      "4": 3,
      "5": 434,
      "6": 3,
      "7": 3,
      "8": 1
    },
    "f": { "0": 3 },
    "b": {}
  },
  "D:\\Proyectos\\Node\\Advent_Code\\src\\2022\\10\\singalReader.ts": {
    "path": "D:\\Proyectos\\Node\\Advent_Code\\src\\2022\\10\\singalReader.ts",
    "statementMap": {
      "0": {
        "start": { "line": 6, "column": 9 },
        "end": { "line": 6, "column": 27 }
      },
      "1": {
        "start": { "line": 7, "column": 9 },
        "end": { "line": 7, "column": 27 }
      },
      "2": {
        "start": { "line": 13, "column": 22 },
        "end": { "line": 13, "column": 23 }
      },
      "3": {
        "start": { "line": 14, "column": 4 },
        "end": { "line": 14, "column": 32 }
      },
      "4": {
        "start": { "line": 15, "column": 4 },
        "end": { "line": 15, "column": 39 }
      },
      "5": {
        "start": { "line": 16, "column": 4 },
        "end": { "line": 18, "column": 65 }
      },
      "6": {
        "start": { "line": 18, "column": 17 },
        "end": { "line": 18, "column": 63 }
      },
      "7": {
        "start": { "line": 22, "column": 4 },
        "end": { "line": 22, "column": 27 }
      },
      "8": {
        "start": { "line": 26, "column": 4 },
        "end": { "line": 26, "column": 39 }
      },
      "9": {
        "start": { "line": 30, "column": 25 },
        "end": { "line": 30, "column": 40 }
      },
      "10": {
        "start": { "line": 31, "column": 20 },
        "end": { "line": 31, "column": 35 }
      },
      "11": {
        "start": { "line": 32, "column": 4 },
        "end": { "line": 35, "column": null }
      },
      "12": {
        "start": { "line": 33, "column": 6 },
        "end": { "line": 33, "column": 23 }
      },
      "13": {
        "start": { "line": 34, "column": 6 },
        "end": { "line": 34, "column": 13 }
      },
      "14": {
        "start": { "line": 36, "column": 4 },
        "end": { "line": 39, "column": null }
      },
      "15": {
        "start": { "line": 37, "column": 24 },
        "end": { "line": 37, "column": 40 }
      },
      "16": {
        "start": { "line": 38, "column": 6 },
        "end": { "line": 38, "column": 32 }
      },
      "17": {
        "start": { "line": 43, "column": 4 },
        "end": { "line": 43, "column": 21 }
      },
      "18": {
        "start": { "line": 47, "column": 4 },
        "end": { "line": 47, "column": 21 }
      },
      "19": {
        "start": { "line": 48, "column": 4 },
        "end": { "line": 48, "column": 41 }
      },
      "20": {
        "start": { "line": 49, "column": 4 },
        "end": { "line": 49, "column": 33 }
      },
      "21": {
        "start": { "line": 50, "column": 4 },
        "end": { "line": 50, "column": 47 }
      },
      "22": {
        "start": { "line": 54, "column": 4 },
        "end": { "line": 54, "column": 41 }
      },
      "23": {
        "start": { "line": 55, "column": 4 },
        "end": { "line": 55, "column": 47 }
      },
      "24": {
        "start": { "line": 59, "column": 14 },
        "end": { "line": 59, "column": 34 }
      },
      "25": {
        "start": { "line": 60, "column": 14 },
        "end": { "line": 60, "column": 22 }
      },
      "26": {
        "start": { "line": 62, "column": 25 },
        "end": { "line": 62, "column": 43 }
      },
      "27": {
        "start": { "line": 63, "column": 25 },
        "end": { "line": 63, "column": 43 }
      },
      "28": {
        "start": { "line": 65, "column": 4 },
        "end": { "line": 69, "column": null }
      },
      "29": {
        "start": { "line": 66, "column": 6 },
        "end": { "line": 66, "column": 51 }
      },
      "30": {
        "start": { "line": 68, "column": 6 },
        "end": { "line": 68, "column": 50 }
      },
      "31": {
        "start": { "line": 73, "column": 23 },
        "end": { "line": 73, "column": 24 }
      },
      "32": {
        "start": { "line": 74, "column": 21 },
        "end": { "line": 74, "column": 51 }
      },
      "33": {
        "start": { "line": 75, "column": 4 },
        "end": { "line": 79, "column": null }
      },
      "34": {
        "start": { "line": 75, "column": 17 },
        "end": { "line": 75, "column": 19 }
      },
      "35": {
        "start": { "line": 76, "column": 16 },
        "end": { "line": 76, "column": 39 }
      },
      "36": {
        "start": { "line": 77, "column": 29 },
        "end": { "line": 77, "column": 40 }
      },
      "37": {
        "start": { "line": 78, "column": 6 },
        "end": { "line": 78, "column": 37 }
      },
      "38": {
        "start": { "line": 81, "column": 4 },
        "end": { "line": 81, "column": 24 }
      },
      "39": {
        "start": { "line": 85, "column": 22 },
        "end": { "line": 85, "column": 74 }
      },
      "40": {
        "start": { "line": 85, "column": 49 },
        "end": { "line": 85, "column": 62 }
      },
      "41": {
        "start": { "line": 86, "column": 4 },
        "end": { "line": 86, "column": 21 }
      },
      "42": {
        "start": { "line": 1, "column": 0 },
        "end": { "line": 1, "column": 13 }
      },
      "43": {
        "start": { "line": 9, "column": 16 },
        "end": { "line": 9, "column": 41 }
      },
      "44": {
        "start": { "line": 10, "column": 16 },
        "end": { "line": 10, "column": 40 }
      }
    },
    "fnMap": {
      "0": {
        "name": "(anonymous_0)",
        "decl": {
          "start": { "line": 12, "column": 2 },
          "end": { "line": 12, "column": null }
        },
        "loc": {
          "start": { "line": 12, "column": 2 },
          "end": { "line": 19, "column": 3 }
        }
      },
      "1": {
        "name": "(anonymous_1)",
        "decl": {
          "start": { "line": 18, "column": 11 },
          "end": { "line": 18, "column": 14 }
        },
        "loc": {
          "start": { "line": 18, "column": 17 },
          "end": { "line": 18, "column": 63 }
        }
      },
      "2": {
        "name": "(anonymous_2)",
        "decl": {
          "start": { "line": 21, "column": 2 },
          "end": { "line": 21, "column": 13 }
        },
        "loc": {
          "start": { "line": 21, "column": 22 },
          "end": { "line": 23, "column": 3 }
        }
      },
      "3": {
        "name": "(anonymous_3)",
        "decl": {
          "start": { "line": 25, "column": 2 },
          "end": { "line": 25, "column": 13 }
        },
        "loc": {
          "start": { "line": 25, "column": 23 },
          "end": { "line": 27, "column": 3 }
        }
      },
      "4": {
        "name": "(anonymous_4)",
        "decl": {
          "start": { "line": 29, "column": 9 },
          "end": { "line": 29, "column": 17 }
        },
        "loc": {
          "start": { "line": 29, "column": 30 },
          "end": { "line": 40, "column": 3 }
        }
      },
      "5": {
        "name": "(anonymous_5)",
        "decl": {
          "start": { "line": 42, "column": 10 },
          "end": { "line": 42, "column": 19 }
        },
        "loc": {
          "start": { "line": 42, "column": 19 },
          "end": { "line": 44, "column": 3 }
        }
      },
      "6": {
        "name": "(anonymous_6)",
        "decl": {
          "start": { "line": 46, "column": 10 },
          "end": { "line": 46, "column": 19 }
        },
        "loc": {
          "start": { "line": 46, "column": 37 },
          "end": { "line": 51, "column": 3 }
        }
      },
      "7": {
        "name": "(anonymous_7)",
        "decl": {
          "start": { "line": 53, "column": 10 },
          "end": { "line": 53, "column": 19 }
        },
        "loc": {
          "start": { "line": 53, "column": 19 },
          "end": { "line": 56, "column": 3 }
        }
      },
      "8": {
        "name": "(anonymous_8)",
        "decl": {
          "start": { "line": 58, "column": 10 },
          "end": { "line": 58, "column": 20 }
        },
        "loc": {
          "start": { "line": 58, "column": 32 },
          "end": { "line": 70, "column": 3 }
        }
      },
      "9": {
        "name": "(anonymous_9)",
        "decl": {
          "start": { "line": 72, "column": 9 },
          "end": { "line": 72, "column": 22 }
        },
        "loc": {
          "start": { "line": 72, "column": 22 },
          "end": { "line": 82, "column": 3 }
        }
      },
      "10": {
        "name": "(anonymous_10)",
        "decl": {
          "start": { "line": 84, "column": 9 },
          "end": { "line": 84, "column": 22 }
        },
        "loc": {
          "start": { "line": 84, "column": 22 },
          "end": { "line": 87, "column": 3 }
        }
      },
      "11": {
        "name": "(anonymous_11)",
        "decl": {
          "start": { "line": 85, "column": 39 },
          "end": { "line": 85, "column": 40 }
        },
        "loc": {
          "start": { "line": 85, "column": 49 },
          "end": { "line": 85, "column": 62 }
        }
      }
    },
    "branchMap": {
      "0": {
        "loc": {
          "start": { "line": 32, "column": 4 },
          "end": { "line": 35, "column": null }
        },
        "type": "if",
        "locations": [
          {
            "start": { "line": 32, "column": 4 },
            "end": { "line": 35, "column": null }
          }
        ]
      },
      "1": {
        "loc": {
          "start": { "line": 36, "column": 4 },
          "end": { "line": 39, "column": null }
        },
        "type": "if",
        "locations": [
          {
            "start": { "line": 36, "column": 4 },
            "end": { "line": 39, "column": null }
          }
        ]
      },
      "2": {
        "loc": {
          "start": { "line": 65, "column": 4 },
          "end": { "line": 69, "column": null }
        },
        "type": "if",
        "locations": [
          {
            "start": { "line": 65, "column": 4 },
            "end": { "line": 69, "column": null }
          },
          {
            "start": { "line": 67, "column": 11 },
            "end": { "line": 69, "column": null }
          }
        ]
      },
      "3": {
        "loc": {
          "start": { "line": 65, "column": 8 },
          "end": { "line": 65, "column": 46 }
        },
        "type": "binary-expr",
        "locations": [
          {
            "start": { "line": 65, "column": 8 },
            "end": { "line": 65, "column": 25 }
          },
          {
            "start": { "line": 65, "column": 29 },
            "end": { "line": 65, "column": 46 }
          }
        ]
      }
    },
    "s": {
      "0": 13,
      "1": 13,
      "2": 13,
      "3": 13,
      "4": 13,
      "5": 13,
      "6": 78,
      "7": 2431,
      "8": 1218,
      "9": 732,
      "10": 732,
      "11": 732,
      "12": 250,
      "13": 250,
      "14": 482,
      "15": 482,
      "16": 482,
      "17": 250,
      "18": 482,
      "19": 482,
      "20": 482,
      "21": 482,
      "22": 732,
      "23": 732,
      "24": 1214,
      "25": 1214,
      "26": 1214,
      "27": 1214,
      "28": 1214,
      "29": 567,
      "30": 647,
      "31": 3,
      "32": 3,
      "33": 3,
      "34": 3,
      "35": 12,
      "36": 12,
      "37": 12,
      "38": 3,
      "39": 7,
      "40": 42,
      "41": 7,
      "42": 2,
      "43": 2,
      "44": 2
    },
    "f": {
      "0": 13,
      "1": 78,
      "2": 2431,
      "3": 1218,
      "4": 732,
      "5": 250,
      "6": 482,
      "7": 732,
      "8": 1214,
      "9": 3,
      "10": 7,
      "11": 42
    },
    "b": { "0": [250], "1": [482], "2": [567, 647], "3": [1214, 883] }
  },
  "D:\\Proyectos\\Node\\Advent_Code\\src\\2022\\11\\11.1.ts": {
    "path": "D:\\Proyectos\\Node\\Advent_Code\\src\\2022\\11\\11.1.ts",
    "statementMap": {
      "0": {
        "start": { "line": 1, "column": 0 },
        "end": { "line": 1, "column": 62 }
      },
      "1": {
        "start": { "line": 2, "column": 0 },
        "end": { "line": 2, "column": 46 }
      },
      "2": {
        "start": { "line": 10, "column": 13 },
        "end": { "line": 10, "column": 43 }
      },
      "3": {
        "start": { "line": 12, "column": 26 },
        "end": { "line": 12, "column": 80 }
      },
      "4": {
        "start": { "line": 14, "column": 2 },
        "end": { "line": 16, "column": null }
      },
      "5": {
        "start": { "line": 15, "column": 4 },
        "end": { "line": 15, "column": 35 }
      },
      "6": {
        "start": { "line": 17, "column": 2 },
        "end": { "line": 17, "column": 34 }
      },
      "7": {
        "start": { "line": 18, "column": 2 },
        "end": { "line": 18, "column": 46 }
      },
      "8": {
        "start": { "line": 19, "column": 22 },
        "end": { "line": 19, "column": 59 }
      },
      "9": {
        "start": { "line": 20, "column": 31 },
        "end": { "line": 22, "column": 30 }
      },
      "10": {
        "start": { "line": 21, "column": 20 },
        "end": { "line": 21, "column": 25 }
      },
      "11": {
        "start": { "line": 23, "column": 32 },
        "end": { "line": 24, "column": null }
      },
      "12": {
        "start": { "line": 24, "column": 19 },
        "end": { "line": 24, "column": 29 }
      },
      "13": {
        "start": { "line": 26, "column": 2 },
        "end": { "line": 26, "column": 23 }
      },
      "14": {
        "start": { "line": 4, "column": 0 },
        "end": { "line": 4, "column": 7 }
      }
    },
    "fnMap": {
      "0": {
        "name": "getMonkeyBusiness",
        "decl": {
          "start": { "line": 4, "column": 22 },
          "end": { "line": 4, "column": 39 }
        },
        "loc": {
          "start": { "line": 8, "column": 14 },
          "end": { "line": 27, "column": 1 }
        }
      },
      "1": {
        "name": "(anonymous_1)",
        "decl": {
          "start": { "line": 21, "column": 10 },
          "end": { "line": 21, "column": 11 }
        },
        "loc": {
          "start": { "line": 21, "column": 20 },
          "end": { "line": 21, "column": 25 }
        }
      },
      "2": {
        "name": "(anonymous_2)",
        "decl": {
          "start": { "line": 24, "column": 4 },
          "end": { "line": 24, "column": 5 }
        },
        "loc": {
          "start": { "line": 24, "column": 19 },
          "end": { "line": 24, "column": 29 }
        }
      }
    },
    "branchMap": {},
    "s": {
      "0": 2,
      "1": 2,
      "2": 4,
      "3": 4,
      "4": 4,
      "5": 164,
      "6": 4,
      "7": 4,
      "8": 4,
      "9": 4,
      "10": 44,
      "11": 4,
      "12": 4,
      "13": 4,
      "14": 2
    },
    "f": { "0": 4, "1": 44, "2": 4 },
    "b": {}
  },
  "D:\\Proyectos\\Node\\Advent_Code\\src\\2022\\11\\monkey.ts": {
    "path": "D:\\Proyectos\\Node\\Advent_Code\\src\\2022\\11\\monkey.ts",
    "statementMap": {
      "0": {
        "start": { "line": 1, "column": 0 },
        "end": { "line": 1, "column": 46 }
      },
      "1": {
        "start": { "line": 10, "column": 4 },
        "end": { "line": 10, "column": 22 }
      },
      "2": {
        "start": { "line": 11, "column": 4 },
        "end": { "line": 11, "column": 29 }
      },
      "3": {
        "start": { "line": 12, "column": 4 },
        "end": { "line": 12, "column": 28 }
      },
      "4": {
        "start": { "line": 13, "column": 4 },
        "end": { "line": 13, "column": 79 }
      },
      "5": {
        "start": { "line": 17, "column": 4 },
        "end": { "line": 17, "column": 74 }
      },
      "6": {
        "start": { "line": 18, "column": 4 },
        "end": { "line": 18, "column": 22 }
      },
      "7": {
        "start": { "line": 22, "column": 4 },
        "end": { "line": 22, "column": 48 }
      },
      "8": {
        "start": { "line": 22, "column": 36 },
        "end": { "line": 22, "column": 48 }
      },
      "9": {
        "start": { "line": 23, "column": 4 },
        "end": { "line": 23, "column": 45 }
      },
      "10": {
        "start": { "line": 27, "column": 4 },
        "end": { "line": 27, "column": 74 }
      },
      "11": {
        "start": { "line": 31, "column": 4 },
        "end": { "line": 31, "column": 29 }
      },
      "12": {
        "start": { "line": 31, "column": 22 },
        "end": { "line": 31, "column": 29 }
      },
      "13": {
        "start": { "line": 32, "column": 25 },
        "end": { "line": 32, "column": 40 }
      },
      "14": {
        "start": { "line": 33, "column": 20 },
        "end": { "line": 33, "column": 42 }
      },
      "15": {
        "start": { "line": 35, "column": 4 },
        "end": { "line": 38, "column": null }
      },
      "16": {
        "start": { "line": 36, "column": 6 },
        "end": { "line": 36, "column": 23 }
      },
      "17": {
        "start": { "line": 37, "column": 6 },
        "end": { "line": 37, "column": 13 }
      },
      "18": {
        "start": { "line": 39, "column": 19 },
        "end": { "line": 39, "column": 39 }
      },
      "19": {
        "start": { "line": 40, "column": 19 },
        "end": { "line": 40, "column": 41 }
      },
      "20": {
        "start": { "line": 42, "column": 4 },
        "end": { "line": 45, "column": null }
      },
      "21": {
        "start": { "line": 43, "column": 6 },
        "end": { "line": 43, "column": 37 }
      },
      "22": {
        "start": { "line": 44, "column": 6 },
        "end": { "line": 44, "column": 13 }
      },
      "23": {
        "start": { "line": 47, "column": 4 },
        "end": { "line": 50, "column": null }
      },
      "24": {
        "start": { "line": 48, "column": 6 },
        "end": { "line": 48, "column": 41 }
      },
      "25": {
        "start": { "line": 49, "column": 6 },
        "end": { "line": 49, "column": 13 }
      },
      "26": {
        "start": { "line": 52, "column": 4 },
        "end": { "line": 55, "column": null }
      },
      "27": {
        "start": { "line": 53, "column": 6 },
        "end": { "line": 53, "column": 46 }
      },
      "28": {
        "start": { "line": 54, "column": 6 },
        "end": { "line": 54, "column": 13 }
      },
      "29": {
        "start": { "line": 57, "column": 4 },
        "end": { "line": 60, "column": null }
      },
      "30": {
        "start": { "line": 58, "column": 6 },
        "end": { "line": 58, "column": 51 }
      },
      "31": {
        "start": { "line": 59, "column": 6 },
        "end": { "line": 59, "column": 13 }
      },
      "32": {
        "start": { "line": 62, "column": 4 },
        "end": { "line": 65, "column": null }
      },
      "33": {
        "start": { "line": 63, "column": 6 },
        "end": { "line": 63, "column": 52 }
      },
      "34": {
        "start": { "line": 64, "column": 6 },
        "end": { "line": 64, "column": 13 }
      },
      "35": {
        "start": { "line": 69, "column": 21 },
        "end": { "line": 69, "column": 38 }
      },
      "36": {
        "start": { "line": 70, "column": 4 },
        "end": { "line": 73, "column": null }
      },
      "37": {
        "start": { "line": 71, "column": 27 },
        "end": { "line": 71, "column": 42 }
      },
      "38": {
        "start": { "line": 72, "column": 6 },
        "end": { "line": 72, "column": 31 }
      },
      "39": {
        "start": { "line": 77, "column": 27 },
        "end": { "line": 77, "column": 44 }
      },
      "40": {
        "start": { "line": 78, "column": 21 },
        "end": { "line": 78, "column": 62 }
      },
      "41": {
        "start": { "line": 79, "column": 21 },
        "end": { "line": 79, "column": 62 }
      },
      "42": {
        "start": { "line": 80, "column": 26 },
        "end": { "line": 80, "column": 44 }
      },
      "43": {
        "start": { "line": 81, "column": 4 },
        "end": { "line": 93, "column": null }
      },
      "44": {
        "start": { "line": 82, "column": 6 },
        "end": { "line": 86, "column": null }
      },
      "45": {
        "start": { "line": 83, "column": 8 },
        "end": { "line": 83, "column": 54 }
      },
      "46": {
        "start": { "line": 83, "column": 44 },
        "end": { "line": 83, "column": 53 }
      },
      "47": {
        "start": { "line": 85, "column": 8 },
        "end": { "line": 85, "column": 56 }
      },
      "48": {
        "start": { "line": 85, "column": 44 },
        "end": { "line": 85, "column": 55 }
      },
      "49": {
        "start": { "line": 87, "column": 11 },
        "end": { "line": 93, "column": null }
      },
      "50": {
        "start": { "line": 88, "column": 6 },
        "end": { "line": 92, "column": null }
      },
      "51": {
        "start": { "line": 89, "column": 8 },
        "end": { "line": 89, "column": 54 }
      },
      "52": {
        "start": { "line": 89, "column": 44 },
        "end": { "line": 89, "column": 53 }
      },
      "53": {
        "start": { "line": 91, "column": 8 },
        "end": { "line": 91, "column": 56 }
      },
      "54": {
        "start": { "line": 91, "column": 44 },
        "end": { "line": 91, "column": 55 }
      },
      "55": {
        "start": { "line": 97, "column": 27 },
        "end": { "line": 97, "column": 44 }
      },
      "56": {
        "start": { "line": 98, "column": 21 },
        "end": { "line": 98, "column": 62 }
      },
      "57": {
        "start": { "line": 99, "column": 18 },
        "end": { "line": 99, "column": 27 }
      },
      "58": {
        "start": { "line": 101, "column": 4 },
        "end": { "line": 101, "column": 65 }
      },
      "59": {
        "start": { "line": 101, "column": 46 },
        "end": { "line": 101, "column": 64 }
      },
      "60": {
        "start": { "line": 104, "column": 4 },
        "end": { "line": 104, "column": 80 }
      },
      "61": {
        "start": { "line": 108, "column": 27 },
        "end": { "line": 108, "column": 44 }
      },
      "62": {
        "start": { "line": 109, "column": 18 },
        "end": { "line": 109, "column": 60 }
      },
      "63": {
        "start": { "line": 110, "column": 4 },
        "end": { "line": 110, "column": 37 }
      },
      "64": {
        "start": { "line": 114, "column": 27 },
        "end": { "line": 114, "column": 44 }
      },
      "65": {
        "start": { "line": 115, "column": 18 },
        "end": { "line": 115, "column": 60 }
      },
      "66": {
        "start": { "line": 116, "column": 4 },
        "end": { "line": 116, "column": 38 }
      },
      "67": {
        "start": { "line": 120, "column": 4 },
        "end": { "line": 120, "column": 22 }
      },
      "68": {
        "start": { "line": 124, "column": 4 },
        "end": { "line": 128, "column": null }
      },
      "69": {
        "start": { "line": 124, "column": 17 },
        "end": { "line": 124, "column": 18 }
      },
      "70": {
        "start": { "line": 125, "column": 6 },
        "end": { "line": 127, "column": null }
      },
      "71": {
        "start": { "line": 126, "column": 8 },
        "end": { "line": 126, "column": 61 }
      },
      "72": {
        "start": { "line": 132, "column": 4 },
        "end": { "line": 132, "column": 64 }
      },
      "73": {
        "start": { "line": 132, "column": 40 },
        "end": { "line": 132, "column": 62 }
      },
      "74": {
        "start": { "line": 3, "column": 0 },
        "end": { "line": 3, "column": 13 }
      },
      "75": {
        "start": { "line": 146, "column": 4 },
        "end": { "line": 146, "column": 20 }
      },
      "76": {
        "start": { "line": 147, "column": 4 },
        "end": { "line": 147, "column": 29 }
      },
      "77": {
        "start": { "line": 148, "column": 4 },
        "end": { "line": 148, "column": 79 }
      },
      "78": {
        "start": { "line": 152, "column": 4 },
        "end": { "line": 152, "column": 26 }
      },
      "79": {
        "start": { "line": 156, "column": 4 },
        "end": { "line": 176, "column": null }
      },
      "80": {
        "start": { "line": 156, "column": 17 },
        "end": { "line": 156, "column": 18 }
      },
      "81": {
        "start": { "line": 158, "column": 17 },
        "end": { "line": 158, "column": 30 }
      },
      "82": {
        "start": { "line": 159, "column": 6 },
        "end": { "line": 159, "column": 29 }
      },
      "83": {
        "start": { "line": 161, "column": 6 },
        "end": { "line": 161, "column": 34 }
      },
      "84": {
        "start": { "line": 163, "column": 6 },
        "end": { "line": 165, "column": null }
      },
      "85": {
        "start": { "line": 164, "column": 8 },
        "end": { "line": 164, "column": 36 }
      },
      "86": {
        "start": { "line": 166, "column": 6 },
        "end": { "line": 166, "column": 29 }
      },
      "87": {
        "start": { "line": 168, "column": 28 },
        "end": { "line": 168, "column": 53 }
      },
      "88": {
        "start": { "line": 171, "column": 26 },
        "end": { "line": 173, "column": 33 }
      },
      "89": {
        "start": { "line": 174, "column": 28 },
        "end": { "line": 174, "column": 51 }
      },
      "90": {
        "start": { "line": 175, "column": 6 },
        "end": { "line": 175, "column": 38 }
      },
      "91": {
        "start": { "line": 178, "column": 4 },
        "end": { "line": 178, "column": 20 }
      },
      "92": {
        "start": { "line": 136, "column": 0 },
        "end": { "line": 136, "column": 13 }
      }
    },
    "fnMap": {
      "0": {
        "name": "(anonymous_0)",
        "decl": {
          "start": { "line": 9, "column": 2 },
          "end": { "line": 9, "column": 14 }
        },
        "loc": {
          "start": { "line": 9, "column": 56 },
          "end": { "line": 14, "column": 3 }
        }
      },
      "1": {
        "name": "(anonymous_1)",
        "decl": {
          "start": { "line": 16, "column": 9 },
          "end": { "line": 16, "column": 18 }
        },
        "loc": {
          "start": { "line": 16, "column": 18 },
          "end": { "line": 19, "column": 3 }
        }
      },
      "2": {
        "name": "(anonymous_2)",
        "decl": {
          "start": { "line": 21, "column": 9 },
          "end": { "line": 21, "column": 22 }
        },
        "loc": {
          "start": { "line": 21, "column": 22 },
          "end": { "line": 24, "column": 3 }
        }
      },
      "3": {
        "name": "(anonymous_3)",
        "decl": {
          "start": { "line": 26, "column": 9 },
          "end": { "line": 26, "column": 19 }
        },
        "loc": {
          "start": { "line": 26, "column": 19 },
          "end": { "line": 28, "column": 3 }
        }
      },
      "4": {
        "name": "(anonymous_4)",
        "decl": {
          "start": { "line": 30, "column": 2 },
          "end": { "line": 30, "column": 10 }
        },
        "loc": {
          "start": { "line": 30, "column": 23 },
          "end": { "line": 66, "column": 3 }
        }
      },
      "5": {
        "name": "(anonymous_5)",
        "decl": {
          "start": { "line": 68, "column": 10 },
          "end": { "line": 68, "column": 19 }
        },
        "loc": {
          "start": { "line": 68, "column": 50 },
          "end": { "line": 74, "column": 3 }
        }
      },
      "6": {
        "name": "(anonymous_6)",
        "decl": {
          "start": { "line": 76, "column": 10 },
          "end": { "line": 76, "column": 23 }
        },
        "loc": {
          "start": { "line": 76, "column": 54 },
          "end": { "line": 94, "column": 3 }
        }
      },
      "7": {
        "name": "(anonymous_7)",
        "decl": {
          "start": { "line": 83, "column": 27 },
          "end": { "line": 83, "column": 28 }
        },
        "loc": {
          "start": { "line": 83, "column": 44 },
          "end": { "line": 83, "column": 53 }
        }
      },
      "8": {
        "name": "(anonymous_8)",
        "decl": {
          "start": { "line": 85, "column": 27 },
          "end": { "line": 85, "column": 28 }
        },
        "loc": {
          "start": { "line": 85, "column": 44 },
          "end": { "line": 85, "column": 55 }
        }
      },
      "9": {
        "name": "(anonymous_9)",
        "decl": {
          "start": { "line": 89, "column": 27 },
          "end": { "line": 89, "column": 28 }
        },
        "loc": {
          "start": { "line": 89, "column": 44 },
          "end": { "line": 89, "column": 53 }
        }
      },
      "10": {
        "name": "(anonymous_10)",
        "decl": {
          "start": { "line": 91, "column": 27 },
          "end": { "line": 91, "column": 28 }
        },
        "loc": {
          "start": { "line": 91, "column": 44 },
          "end": { "line": 91, "column": 55 }
        }
      },
      "11": {
        "name": "(anonymous_11)",
        "decl": {
          "start": { "line": 96, "column": 10 },
          "end": { "line": 96, "column": 28 }
        },
        "loc": {
          "start": { "line": 96, "column": 59 },
          "end": { "line": 105, "column": 3 }
        }
      },
      "12": {
        "name": "(anonymous_12)",
        "decl": {
          "start": { "line": 101, "column": 28 },
          "end": { "line": 101, "column": 29 }
        },
        "loc": {
          "start": { "line": 101, "column": 46 },
          "end": { "line": 101, "column": 64 }
        }
      },
      "13": {
        "name": "(anonymous_13)",
        "decl": {
          "start": { "line": 107, "column": 10 },
          "end": { "line": 107, "column": 33 }
        },
        "loc": {
          "start": { "line": 107, "column": 64 },
          "end": { "line": 111, "column": 3 }
        }
      },
      "14": {
        "name": "(anonymous_14)",
        "decl": {
          "start": { "line": 113, "column": 10 },
          "end": { "line": 113, "column": 34 }
        },
        "loc": {
          "start": { "line": 113, "column": 65 },
          "end": { "line": 117, "column": 3 }
        }
      },
      "15": {
        "name": "(anonymous_15)",
        "decl": {
          "start": { "line": 119, "column": 9 },
          "end": { "line": 119, "column": 22 }
        },
        "loc": {
          "start": { "line": 119, "column": 22 },
          "end": { "line": 121, "column": 3 }
        }
      },
      "16": {
        "name": "(anonymous_16)",
        "decl": {
          "start": { "line": 123, "column": 9 },
          "end": { "line": 123, "column": 28 }
        },
        "loc": {
          "start": { "line": 123, "column": 43 },
          "end": { "line": 129, "column": 3 }
        }
      },
      "17": {
        "name": "(anonymous_17)",
        "decl": {
          "start": { "line": 131, "column": 9 },
          "end": { "line": 131, "column": 28 }
        },
        "loc": {
          "start": { "line": 131, "column": 28 },
          "end": { "line": 133, "column": 3 }
        }
      },
      "18": {
        "name": "(anonymous_18)",
        "decl": {
          "start": { "line": 132, "column": 28 },
          "end": { "line": 132, "column": 29 }
        },
        "loc": {
          "start": { "line": 132, "column": 40 },
          "end": { "line": 132, "column": 62 }
        }
      },
      "19": {
        "name": "(anonymous_19)",
        "decl": {
          "start": { "line": 145, "column": 2 },
          "end": { "line": 145, "column": 14 }
        },
        "loc": {
          "start": { "line": 145, "column": 56 },
          "end": { "line": 149, "column": 3 }
        }
      },
      "20": {
        "name": "(anonymous_20)",
        "decl": {
          "start": { "line": 151, "column": 9 },
          "end": { "line": 151, "column": 20 }
        },
        "loc": {
          "start": { "line": 151, "column": 33 },
          "end": { "line": 153, "column": 3 }
        }
      },
      "21": {
        "name": "(anonymous_21)",
        "decl": {
          "start": { "line": 155, "column": 9 },
          "end": { "line": 155, "column": 19 }
        },
        "loc": {
          "start": { "line": 155, "column": 64 },
          "end": { "line": 179, "column": 3 }
        }
      }
    },
    "branchMap": {
      "0": {
        "loc": {
          "start": { "line": 22, "column": 4 },
          "end": { "line": 22, "column": 48 }
        },
        "type": "if",
        "locations": [
          {
            "start": { "line": 22, "column": 4 },
            "end": { "line": 22, "column": 48 }
          }
        ]
      },
      "1": {
        "loc": {
          "start": { "line": 31, "column": 4 },
          "end": { "line": 31, "column": 29 }
        },
        "type": "if",
        "locations": [
          {
            "start": { "line": 31, "column": 4 },
            "end": { "line": 31, "column": 29 }
          }
        ]
      },
      "2": {
        "loc": {
          "start": { "line": 35, "column": 4 },
          "end": { "line": 38, "column": null }
        },
        "type": "if",
        "locations": [
          {
            "start": { "line": 35, "column": 4 },
            "end": { "line": 38, "column": null }
          }
        ]
      },
      "3": {
        "loc": {
          "start": { "line": 42, "column": 4 },
          "end": { "line": 45, "column": null }
        },
        "type": "if",
        "locations": [
          {
            "start": { "line": 42, "column": 4 },
            "end": { "line": 45, "column": null }
          }
        ]
      },
      "4": {
        "loc": {
          "start": { "line": 47, "column": 4 },
          "end": { "line": 50, "column": null }
        },
        "type": "if",
        "locations": [
          {
            "start": { "line": 47, "column": 4 },
            "end": { "line": 50, "column": null }
          }
        ]
      },
      "5": {
        "loc": {
          "start": { "line": 52, "column": 4 },
          "end": { "line": 55, "column": null }
        },
        "type": "if",
        "locations": [
          {
            "start": { "line": 52, "column": 4 },
            "end": { "line": 55, "column": null }
          }
        ]
      },
      "6": {
        "loc": {
          "start": { "line": 57, "column": 4 },
          "end": { "line": 60, "column": null }
        },
        "type": "if",
        "locations": [
          {
            "start": { "line": 57, "column": 4 },
            "end": { "line": 60, "column": null }
          }
        ]
      },
      "7": {
        "loc": {
          "start": { "line": 62, "column": 4 },
          "end": { "line": 65, "column": null }
        },
        "type": "if",
        "locations": [
          {
            "start": { "line": 62, "column": 4 },
            "end": { "line": 65, "column": null }
          }
        ]
      },
      "8": {
        "loc": {
          "start": { "line": 81, "column": 4 },
          "end": { "line": 93, "column": null }
        },
        "type": "if",
        "locations": [
          {
            "start": { "line": 81, "column": 4 },
            "end": { "line": 93, "column": null }
          },
          {
            "start": { "line": 87, "column": 11 },
            "end": { "line": 93, "column": null }
          }
        ]
      },
      "9": {
        "loc": {
          "start": { "line": 82, "column": 6 },
          "end": { "line": 86, "column": null }
        },
        "type": "if",
        "locations": [
          {
            "start": { "line": 82, "column": 6 },
            "end": { "line": 86, "column": null }
          },
          {
            "start": { "line": 84, "column": 13 },
            "end": { "line": 86, "column": null }
          }
        ]
      },
      "10": {
        "loc": {
          "start": { "line": 87, "column": 11 },
          "end": { "line": 93, "column": null }
        },
        "type": "if",
        "locations": [
          {
            "start": { "line": 87, "column": 11 },
            "end": { "line": 93, "column": null }
          }
        ]
      },
      "11": {
        "loc": {
          "start": { "line": 88, "column": 6 },
          "end": { "line": 92, "column": null }
        },
        "type": "if",
        "locations": [
          {
            "start": { "line": 88, "column": 6 },
            "end": { "line": 92, "column": null }
          },
          {
            "start": { "line": 90, "column": 13 },
            "end": { "line": 92, "column": null }
          }
        ]
      },
      "12": {
        "loc": {
          "start": { "line": 163, "column": 6 },
          "end": { "line": 165, "column": null }
        },
        "type": "if",
        "locations": [
          {
            "start": { "line": 163, "column": 6 },
            "end": { "line": 165, "column": null }
          }
        ]
      },
      "13": {
        "loc": {
          "start": { "line": 171, "column": 26 },
          "end": { "line": 173, "column": 33 }
        },
        "type": "cond-expr",
        "locations": [
          {
            "start": { "line": 172, "column": 10 },
            "end": { "line": 172, "column": 32 }
          },
          {
            "start": { "line": 173, "column": 10 },
            "end": { "line": 173, "column": 33 }
          }
        ]
      }
    },
    "s": {
      "0": 2,
      "1": 19,
      "2": 19,
      "3": 19,
      "4": 19,
      "5": 48,
      "6": 48,
      "7": 203,
      "8": 1,
      "9": 202,
      "10": 56,
      "11": 262,
      "12": 29,
      "13": 233,
      "14": 233,
      "15": 233,
      "16": 44,
      "17": 44,
      "18": 189,
      "19": 189,
      "20": 189,
      "21": 37,
      "22": 37,
      "23": 152,
      "24": 40,
      "25": 40,
      "26": 112,
      "27": 38,
      "28": 38,
      "29": 74,
      "30": 37,
      "31": 37,
      "32": 37,
      "33": 37,
      "34": 37,
      "35": 37,
      "36": 37,
      "37": 127,
      "38": 127,
      "39": 40,
      "40": 40,
      "41": 40,
      "42": 40,
      "43": 40,
      "44": 22,
      "45": 1,
      "46": 1,
      "47": 21,
      "48": 551710,
      "49": 18,
      "50": 18,
      "51": 8,
      "52": 97331,
      "53": 10,
      "54": 186348,
      "55": 38,
      "56": 38,
      "57": 38,
      "58": 38,
      "59": 835388,
      "60": 38,
      "61": 37,
      "62": 37,
      "63": 37,
      "64": 37,
      "65": 37,
      "66": 37,
      "67": 7,
      "68": 6,
      "69": 6,
      "70": 20061,
      "71": 120324,
      "72": 5,
      "73": 28,
      "74": 2,
      "75": 48,
      "76": 48,
      "77": 48,
      "78": 835513,
      "79": 120324,
      "80": 120324,
      "81": 835386,
      "82": 835386,
      "83": 835386,
      "84": 835386,
      "85": 1898,
      "86": 835386,
      "87": 835386,
      "88": 835386,
      "89": 835386,
      "90": 835386,
      "91": 120324,
      "92": 2
    },
    "f": {
      "0": 19,
      "1": 48,
      "2": 203,
      "3": 56,
      "4": 262,
      "5": 37,
      "6": 40,
      "7": 1,
      "8": 551710,
      "9": 97331,
      "10": 186348,
      "11": 38,
      "12": 835388,
      "13": 37,
      "14": 37,
      "15": 7,
      "16": 6,
      "17": 5,
      "18": 28,
      "19": 48,
      "20": 835513,
      "21": 120324
    },
    "b": {
      "0": [1],
      "1": [29],
      "2": [44],
      "3": [37],
      "4": [40],
      "5": [38],
      "6": [37],
      "7": [37],
      "8": [22, 18],
      "9": [1, 21],
      "10": [18],
      "11": [8, 10],
      "12": [1898],
      "13": [161375, 674011]
    }
  },
  "D:\\Proyectos\\Node\\Advent_Code\\src\\2022\\12\\12.ts": {
    "path": "D:\\Proyectos\\Node\\Advent_Code\\src\\2022\\12\\12.ts",
    "statementMap": {
      "0": {
        "start": { "line": 1, "column": 0 },
        "end": { "line": 1, "column": 62 }
      },
      "1": {
        "start": { "line": 2, "column": 0 },
        "end": { "line": 2, "column": 43 }
      },
      "2": {
        "start": { "line": 8, "column": 13 },
        "end": { "line": 8, "column": 43 }
      },
      "3": {
        "start": { "line": 10, "column": 20 },
        "end": { "line": 10, "column": 35 }
      },
      "4": {
        "start": { "line": 12, "column": 2 },
        "end": { "line": 14, "column": null }
      },
      "5": {
        "start": { "line": 13, "column": 4 },
        "end": { "line": 13, "column": 29 }
      },
      "6": {
        "start": { "line": 16, "column": 19 },
        "end": { "line": 16, "column": 69 }
      },
      "7": {
        "start": { "line": 17, "column": 2 },
        "end": { "line": 17, "column": 29 }
      },
      "8": {
        "start": { "line": 4, "column": 0 },
        "end": { "line": 4, "column": 7 }
      }
    },
    "fnMap": {
      "0": {
        "name": "bestPathLengthToGoal",
        "decl": {
          "start": { "line": 4, "column": 22 },
          "end": { "line": 4, "column": 42 }
        },
        "loc": {
          "start": { "line": 6, "column": 14 },
          "end": { "line": 18, "column": 1 }
        }
      }
    },
    "branchMap": {},
    "s": {
      "0": 2,
      "1": 2,
      "2": 4,
      "3": 4,
      "4": 4,
      "5": 92,
      "6": 4,
      "7": 4,
      "8": 2
    },
    "f": { "0": 4 },
    "b": {}
  },
  "D:\\Proyectos\\Node\\Advent_Code\\src\\2022\\12\\heightMap.ts": {
    "path": "D:\\Proyectos\\Node\\Advent_Code\\src\\2022\\12\\heightMap.ts",
    "statementMap": {
      "0": {
        "start": { "line": 1, "column": 0 },
        "end": { "line": 1, "column": 74 }
      },
      "1": {
        "start": { "line": 7, "column": 4 },
        "end": { "line": 7, "column": 20 }
      },
      "2": {
        "start": { "line": 11, "column": 38 },
        "end": { "line": 11, "column": 40 }
      },
      "3": {
        "start": { "line": 13, "column": 4 },
        "end": { "line": 19, "column": null }
      },
      "4": {
        "start": { "line": 13, "column": 17 },
        "end": { "line": 13, "column": 18 }
      },
      "5": {
        "start": { "line": 14, "column": 19 },
        "end": { "line": 14, "column": 26 }
      },
      "6": {
        "start": { "line": 15, "column": 19 },
        "end": { "line": 15, "column": 47 }
      },
      "7": {
        "start": { "line": 16, "column": 6 },
        "end": { "line": 16, "column": 33 }
      },
      "8": {
        "start": { "line": 17, "column": 6 },
        "end": { "line": 17, "column": 31 }
      },
      "9": {
        "start": { "line": 18, "column": 6 },
        "end": { "line": 18, "column": 26 }
      },
      "10": {
        "start": { "line": 20, "column": 4 },
        "end": { "line": 20, "column": 30 }
      },
      "11": {
        "start": { "line": 24, "column": 34 },
        "end": { "line": 24, "column": 36 }
      },
      "12": {
        "start": { "line": 25, "column": 22 },
        "end": { "line": 25, "column": 41 }
      },
      "13": {
        "start": { "line": 26, "column": 4 },
        "end": { "line": 26, "column": 25 }
      },
      "14": {
        "start": { "line": 28, "column": 32 },
        "end": { "line": 28, "column": 36 }
      },
      "15": {
        "start": { "line": 29, "column": 18 },
        "end": { "line": 29, "column": 21 }
      },
      "16": {
        "start": { "line": 30, "column": 36 },
        "end": { "line": 30, "column": 38 }
      },
      "17": {
        "start": { "line": 32, "column": 4 },
        "end": { "line": 82, "column": null }
      },
      "18": {
        "start": { "line": 33, "column": 20 },
        "end": { "line": 33, "column": 35 }
      },
      "19": {
        "start": { "line": 34, "column": 6 },
        "end": { "line": 34, "column": 28 }
      },
      "20": {
        "start": { "line": 35, "column": 23 },
        "end": { "line": 35, "column": 39 }
      },
      "21": {
        "start": { "line": 36, "column": 6 },
        "end": { "line": 40, "column": null }
      },
      "22": {
        "start": { "line": 37, "column": 8 },
        "end": { "line": 37, "column": 19 }
      },
      "23": {
        "start": { "line": 38, "column": 8 },
        "end": { "line": 38, "column": 24 }
      },
      "24": {
        "start": { "line": 39, "column": 8 },
        "end": { "line": 39, "column": 17 }
      },
      "25": {
        "start": { "line": 42, "column": 26 },
        "end": { "line": 42, "column": 37 }
      },
      "26": {
        "start": { "line": 43, "column": 33 },
        "end": { "line": 43, "column": 76 }
      },
      "27": {
        "start": { "line": 45, "column": 14 },
        "end": { "line": 45, "column": 27 }
      },
      "28": {
        "start": { "line": 46, "column": 14 },
        "end": { "line": 46, "column": 27 }
      },
      "29": {
        "start": { "line": 47, "column": 6 },
        "end": { "line": 55, "column": null }
      },
      "30": {
        "start": { "line": 48, "column": 8 },
        "end": { "line": 48, "column": 15 }
      },
      "31": {
        "start": { "line": 49, "column": 13 },
        "end": { "line": 55, "column": null }
      },
      "32": {
        "start": { "line": 50, "column": 8 },
        "end": { "line": 50, "column": 15 }
      },
      "33": {
        "start": { "line": 51, "column": 13 },
        "end": { "line": 55, "column": null }
      },
      "34": {
        "start": { "line": 52, "column": 8 },
        "end": { "line": 52, "column": 15 }
      },
      "35": {
        "start": { "line": 53, "column": 13 },
        "end": { "line": 55, "column": null }
      },
      "36": {
        "start": { "line": 54, "column": 8 },
        "end": { "line": 54, "column": 15 }
      },
      "37": {
        "start": { "line": 57, "column": 23 },
        "end": { "line": 58, "column": null }
      },
      "38": {
        "start": { "line": 58, "column": 18 },
        "end": { "line": 58, "column": 46 }
      },
      "39": {
        "start": { "line": 61, "column": 6 },
        "end": { "line": 63, "column": null }
      },
      "40": {
        "start": { "line": 62, "column": 8 },
        "end": { "line": 62, "column": 17 }
      },
      "41": {
        "start": { "line": 65, "column": 6 },
        "end": { "line": 81, "column": null }
      },
      "42": {
        "start": { "line": 66, "column": 8 },
        "end": { "line": 66, "column": 28 }
      },
      "43": {
        "start": { "line": 68, "column": 8 },
        "end": { "line": 73, "column": null }
      },
      "44": {
        "start": { "line": 69, "column": 10 },
        "end": { "line": 69, "column": 31 }
      },
      "45": {
        "start": { "line": 70, "column": 10 },
        "end": { "line": 70, "column": 36 }
      },
      "46": {
        "start": { "line": 71, "column": 10 },
        "end": { "line": 71, "column": 21 }
      },
      "47": {
        "start": { "line": 72, "column": 10 },
        "end": { "line": 72, "column": 19 }
      },
      "48": {
        "start": { "line": 75, "column": 8 },
        "end": { "line": 78, "column": null }
      },
      "49": {
        "start": { "line": 76, "column": 10 },
        "end": { "line": 76, "column": 21 }
      },
      "50": {
        "start": { "line": 77, "column": 10 },
        "end": { "line": 77, "column": 19 }
      },
      "51": {
        "start": { "line": 80, "column": 8 },
        "end": { "line": 80, "column": 27 }
      },
      "52": {
        "start": { "line": 84, "column": 4 },
        "end": { "line": 84, "column": 20 }
      },
      "53": {
        "start": { "line": 88, "column": 19 },
        "end": { "line": 88, "column": 44 }
      },
      "54": {
        "start": { "line": 89, "column": 18 },
        "end": { "line": 89, "column": 65 }
      },
      "55": {
        "start": { "line": 91, "column": 4 },
        "end": { "line": 91, "column": 45 }
      },
      "56": {
        "start": { "line": 91, "column": 31 },
        "end": { "line": 91, "column": 43 }
      },
      "57": {
        "start": { "line": 95, "column": 4 },
        "end": { "line": 95, "column": 67 }
      },
      "58": {
        "start": { "line": 95, "column": 44 },
        "end": { "line": 95, "column": 65 }
      },
      "59": {
        "start": { "line": 99, "column": 4 },
        "end": { "line": 99, "column": 65 }
      },
      "60": {
        "start": { "line": 99, "column": 44 },
        "end": { "line": 99, "column": 63 }
      },
      "61": {
        "start": { "line": 103, "column": 4 },
        "end": { "line": 103, "column": 70 }
      },
      "62": {
        "start": { "line": 103, "column": 46 },
        "end": { "line": 103, "column": 68 }
      },
      "63": {
        "start": { "line": 107, "column": 26 },
        "end": { "line": 107, "column": 54 }
      },
      "64": {
        "start": { "line": 108, "column": 4 },
        "end": { "line": 111, "column": 7 }
      },
      "65": {
        "start": { "line": 109, "column": 24 },
        "end": { "line": 109, "column": 52 }
      },
      "66": {
        "start": { "line": 110, "column": 6 },
        "end": { "line": 110, "column": 28 }
      },
      "67": {
        "start": { "line": 115, "column": 43 },
        "end": { "line": 115, "column": 45 }
      },
      "68": {
        "start": { "line": 116, "column": 14 },
        "end": { "line": 116, "column": 20 }
      },
      "69": {
        "start": { "line": 117, "column": 14 },
        "end": { "line": 117, "column": 20 }
      },
      "70": {
        "start": { "line": 118, "column": 4 },
        "end": { "line": 120, "column": null }
      },
      "71": {
        "start": { "line": 119, "column": 6 },
        "end": { "line": 119, "column": 47 }
      },
      "72": {
        "start": { "line": 121, "column": 4 },
        "end": { "line": 123, "column": null }
      },
      "73": {
        "start": { "line": 122, "column": 6 },
        "end": { "line": 122, "column": 47 }
      },
      "74": {
        "start": { "line": 124, "column": 4 },
        "end": { "line": 126, "column": null }
      },
      "75": {
        "start": { "line": 125, "column": 6 },
        "end": { "line": 125, "column": 47 }
      },
      "76": {
        "start": { "line": 127, "column": 4 },
        "end": { "line": 129, "column": null }
      },
      "77": {
        "start": { "line": 128, "column": 6 },
        "end": { "line": 128, "column": 47 }
      },
      "78": {
        "start": { "line": 131, "column": 4 },
        "end": { "line": 131, "column": 25 }
      },
      "79": {
        "start": { "line": 135, "column": 4 },
        "end": { "line": 137, "column": 6 }
      },
      "80": {
        "start": { "line": 3, "column": 0 },
        "end": { "line": 3, "column": 13 }
      },
      "81": {
        "start": { "line": 149, "column": 4 },
        "end": { "line": 149, "column": 25 }
      },
      "82": {
        "start": { "line": 150, "column": 4 },
        "end": { "line": 150, "column": 25 }
      },
      "83": {
        "start": { "line": 151, "column": 4 },
        "end": { "line": 151, "column": 23 }
      },
      "84": {
        "start": { "line": 155, "column": 4 },
        "end": { "line": 159, "column": null }
      },
      "85": {
        "start": { "line": 156, "column": 19 },
        "end": { "line": 156, "column": 39 }
      },
      "86": {
        "start": { "line": 157, "column": 6 },
        "end": { "line": 157, "column": 26 }
      },
      "87": {
        "start": { "line": 158, "column": 6 },
        "end": { "line": 158, "column": 18 }
      },
      "88": {
        "start": { "line": 161, "column": 4 },
        "end": { "line": 165, "column": null }
      },
      "89": {
        "start": { "line": 162, "column": 19 },
        "end": { "line": 162, "column": 40 }
      },
      "90": {
        "start": { "line": 163, "column": 6 },
        "end": { "line": 163, "column": 24 }
      },
      "91": {
        "start": { "line": 164, "column": 6 },
        "end": { "line": 164, "column": 18 }
      },
      "92": {
        "start": { "line": 167, "column": 19 },
        "end": { "line": 167, "column": 61 }
      },
      "93": {
        "start": { "line": 168, "column": 17 },
        "end": { "line": 168, "column": 42 }
      },
      "94": {
        "start": { "line": 169, "column": 4 },
        "end": { "line": 169, "column": 16 }
      },
      "95": {
        "start": { "line": 141, "column": 0 },
        "end": { "line": 141, "column": 13 }
      }
    },
    "fnMap": {
      "0": {
        "name": "(anonymous_0)",
        "decl": {
          "start": { "line": 6, "column": 2 },
          "end": { "line": 6, "column": null }
        },
        "loc": {
          "start": { "line": 6, "column": 2 },
          "end": { "line": 8, "column": 3 }
        }
      },
      "1": {
        "name": "(anonymous_1)",
        "decl": {
          "start": { "line": 10, "column": 9 },
          "end": { "line": 10, "column": 17 }
        },
        "loc": {
          "start": { "line": 10, "column": 30 },
          "end": { "line": 21, "column": 3 }
        }
      },
      "2": {
        "name": "(anonymous_2)",
        "decl": {
          "start": { "line": 23, "column": 9 },
          "end": { "line": 23, "column": 29 }
        },
        "loc": {
          "start": { "line": 23, "column": 29 },
          "end": { "line": 85, "column": 3 }
        }
      },
      "3": {
        "name": "(anonymous_3)",
        "decl": {
          "start": { "line": 58, "column": 8 },
          "end": { "line": 58, "column": 9 }
        },
        "loc": {
          "start": { "line": 58, "column": 18 },
          "end": { "line": 58, "column": 46 }
        }
      },
      "4": {
        "name": "(anonymous_4)",
        "decl": {
          "start": { "line": 87, "column": 9 },
          "end": { "line": 87, "column": 31 }
        },
        "loc": {
          "start": { "line": 87, "column": 57 },
          "end": { "line": 92, "column": 3 }
        }
      },
      "5": {
        "name": "(anonymous_5)",
        "decl": {
          "start": { "line": 91, "column": 21 },
          "end": { "line": 91, "column": 22 }
        },
        "loc": {
          "start": { "line": 91, "column": 31 },
          "end": { "line": 91, "column": 43 }
        }
      },
      "6": {
        "name": "(anonymous_6)",
        "decl": {
          "start": { "line": 94, "column": 9 },
          "end": { "line": 94, "column": 21 }
        },
        "loc": {
          "start": { "line": 94, "column": 21 },
          "end": { "line": 96, "column": 3 }
        }
      },
      "7": {
        "name": "(anonymous_7)",
        "decl": {
          "start": { "line": 95, "column": 34 },
          "end": { "line": 95, "column": 35 }
        },
        "loc": {
          "start": { "line": 95, "column": 44 },
          "end": { "line": 95, "column": 65 }
        }
      },
      "8": {
        "name": "(anonymous_8)",
        "decl": {
          "start": { "line": 98, "column": 9 },
          "end": { "line": 98, "column": 19 }
        },
        "loc": {
          "start": { "line": 98, "column": 19 },
          "end": { "line": 100, "column": 3 }
        }
      },
      "9": {
        "name": "(anonymous_9)",
        "decl": {
          "start": { "line": 99, "column": 34 },
          "end": { "line": 99, "column": 35 }
        },
        "loc": {
          "start": { "line": 99, "column": 44 },
          "end": { "line": 99, "column": 63 }
        }
      },
      "10": {
        "name": "(anonymous_10)",
        "decl": {
          "start": { "line": 102, "column": 9 },
          "end": { "line": 102, "column": 25 }
        },
        "loc": {
          "start": { "line": 102, "column": 40 },
          "end": { "line": 104, "column": 3 }
        }
      },
      "11": {
        "name": "(anonymous_11)",
        "decl": {
          "start": { "line": 103, "column": 36 },
          "end": { "line": 103, "column": 37 }
        },
        "loc": {
          "start": { "line": 103, "column": 46 },
          "end": { "line": 103, "column": 68 }
        }
      },
      "12": {
        "name": "(anonymous_12)",
        "decl": {
          "start": { "line": 106, "column": 9 },
          "end": { "line": 106, "column": 34 }
        },
        "loc": {
          "start": { "line": 106, "column": 54 },
          "end": { "line": 112, "column": 3 }
        }
      },
      "13": {
        "name": "(anonymous_13)",
        "decl": {
          "start": { "line": 108, "column": 32 },
          "end": { "line": 108, "column": 33 }
        },
        "loc": {
          "start": { "line": 108, "column": 44 },
          "end": { "line": 111, "column": 5 }
        }
      },
      "14": {
        "name": "(anonymous_14)",
        "decl": {
          "start": { "line": 114, "column": 10 },
          "end": { "line": 114, "column": 27 }
        },
        "loc": {
          "start": { "line": 114, "column": 47 },
          "end": { "line": 132, "column": 3 }
        }
      },
      "15": {
        "name": "(anonymous_15)",
        "decl": {
          "start": { "line": 134, "column": 10 },
          "end": { "line": 134, "column": 21 }
        },
        "loc": {
          "start": { "line": 134, "column": 42 },
          "end": { "line": 138, "column": 3 }
        }
      },
      "16": {
        "name": "(anonymous_16)",
        "decl": {
          "start": { "line": 148, "column": 2 },
          "end": { "line": 148, "column": 14 }
        },
        "loc": {
          "start": { "line": 148, "column": 28 },
          "end": { "line": 152, "column": 3 }
        }
      },
      "17": {
        "name": "(anonymous_17)",
        "decl": {
          "start": { "line": 154, "column": 9 },
          "end": { "line": 154, "column": 15 }
        },
        "loc": {
          "start": { "line": 154, "column": 37 },
          "end": { "line": 170, "column": 3 }
        }
      }
    },
    "branchMap": {
      "0": {
        "loc": {
          "start": { "line": 36, "column": 6 },
          "end": { "line": 40, "column": null }
        },
        "type": "if",
        "locations": [
          {
            "start": { "line": 36, "column": 6 },
            "end": { "line": 40, "column": null }
          }
        ]
      },
      "1": {
        "loc": {
          "start": { "line": 47, "column": 6 },
          "end": { "line": 55, "column": null }
        },
        "type": "if",
        "locations": [
          {
            "start": { "line": 47, "column": 6 },
            "end": { "line": 55, "column": null }
          },
          {
            "start": { "line": 49, "column": 13 },
            "end": { "line": 55, "column": null }
          }
        ]
      },
      "2": {
        "loc": {
          "start": { "line": 49, "column": 13 },
          "end": { "line": 55, "column": null }
        },
        "type": "if",
        "locations": [
          {
            "start": { "line": 49, "column": 13 },
            "end": { "line": 55, "column": null }
          },
          {
            "start": { "line": 51, "column": 13 },
            "end": { "line": 55, "column": null }
          }
        ]
      },
      "3": {
        "loc": {
          "start": { "line": 51, "column": 13 },
          "end": { "line": 55, "column": null }
        },
        "type": "if",
        "locations": [
          {
            "start": { "line": 51, "column": 13 },
            "end": { "line": 55, "column": null }
          },
          {
            "start": { "line": 53, "column": 13 },
            "end": { "line": 55, "column": null }
          }
        ]
      },
      "4": {
        "loc": {
          "start": { "line": 53, "column": 13 },
          "end": { "line": 55, "column": null }
        },
        "type": "if",
        "locations": [
          {
            "start": { "line": 53, "column": 13 },
            "end": { "line": 55, "column": null }
          }
        ]
      },
      "5": {
        "loc": {
          "start": { "line": 58, "column": 18 },
          "end": { "line": 58, "column": 46 }
        },
        "type": "binary-expr",
        "locations": [
          {
            "start": { "line": 58, "column": 18 },
            "end": { "line": 58, "column": 30 }
          },
          {
            "start": { "line": 58, "column": 34 },
            "end": { "line": 58, "column": 46 }
          }
        ]
      },
      "6": {
        "loc": {
          "start": { "line": 61, "column": 6 },
          "end": { "line": 63, "column": null }
        },
        "type": "if",
        "locations": [
          {
            "start": { "line": 61, "column": 6 },
            "end": { "line": 63, "column": null }
          }
        ]
      },
      "7": {
        "loc": {
          "start": { "line": 65, "column": 6 },
          "end": { "line": 81, "column": null }
        },
        "type": "if",
        "locations": [
          {
            "start": { "line": 65, "column": 6 },
            "end": { "line": 81, "column": null }
          }
        ]
      },
      "8": {
        "loc": {
          "start": { "line": 68, "column": 8 },
          "end": { "line": 73, "column": null }
        },
        "type": "if",
        "locations": [
          {
            "start": { "line": 68, "column": 8 },
            "end": { "line": 73, "column": null }
          }
        ]
      },
      "9": {
        "loc": {
          "start": { "line": 75, "column": 8 },
          "end": { "line": 78, "column": null }
        },
        "type": "if",
        "locations": [
          {
            "start": { "line": 75, "column": 8 },
            "end": { "line": 78, "column": null }
          }
        ]
      },
      "10": {
        "loc": {
          "start": { "line": 118, "column": 4 },
          "end": { "line": 120, "column": null }
        },
        "type": "if",
        "locations": [
          {
            "start": { "line": 118, "column": 4 },
            "end": { "line": 120, "column": null }
          }
        ]
      },
      "11": {
        "loc": {
          "start": { "line": 121, "column": 4 },
          "end": { "line": 123, "column": null }
        },
        "type": "if",
        "locations": [
          {
            "start": { "line": 121, "column": 4 },
            "end": { "line": 123, "column": null }
          }
        ]
      },
      "12": {
        "loc": {
          "start": { "line": 124, "column": 4 },
          "end": { "line": 126, "column": null }
        },
        "type": "if",
        "locations": [
          {
            "start": { "line": 124, "column": 4 },
            "end": { "line": 126, "column": null }
          }
        ]
      },
      "13": {
        "loc": {
          "start": { "line": 127, "column": 4 },
          "end": { "line": 129, "column": null }
        },
        "type": "if",
        "locations": [
          {
            "start": { "line": 127, "column": 4 },
            "end": { "line": 129, "column": null }
          }
        ]
      },
      "14": {
        "loc": {
          "start": { "line": 136, "column": 6 },
          "end": { "line": 136, "column": 75 }
        },
        "type": "binary-expr",
        "locations": [
          {
            "start": { "line": 136, "column": 6 },
            "end": { "line": 136, "column": 12 }
          },
          {
            "start": { "line": 136, "column": 16 },
            "end": { "line": 136, "column": 37 }
          },
          {
            "start": { "line": 136, "column": 41 },
            "end": { "line": 136, "column": 47 }
          },
          {
            "start": { "line": 136, "column": 51 },
            "end": { "line": 136, "column": 75 }
          }
        ]
      },
      "15": {
        "loc": {
          "start": { "line": 155, "column": 4 },
          "end": { "line": 159, "column": null }
        },
        "type": "if",
        "locations": [
          {
            "start": { "line": 155, "column": 4 },
            "end": { "line": 159, "column": null }
          }
        ]
      },
      "16": {
        "loc": {
          "start": { "line": 161, "column": 4 },
          "end": { "line": 165, "column": null }
        },
        "type": "if",
        "locations": [
          {
            "start": { "line": 161, "column": 4 },
            "end": { "line": 165, "column": null }
          }
        ]
      }
    },
    "s": {
      "0": 2,
      "1": 10,
      "2": 122,
      "3": 122,
      "4": 122,
      "5": 5814,
      "6": 5814,
      "7": 5814,
      "8": 5814,
      "9": 5814,
      "10": 122,
      "11": 1,
      "12": 1,
      "13": 1,
      "14": 1,
      "15": 1,
      "16": 1,
      "17": 1,
      "18": 6585,
      "19": 6585,
      "20": 6585,
      "21": 6585,
      "22": 1317,
      "23": 1317,
      "24": 1317,
      "25": 5268,
      "26": 5268,
      "27": 5268,
      "28": 5268,
      "29": 5268,
      "30": 1317,
      "31": 3951,
      "32": 1317,
      "33": 2634,
      "34": 1317,
      "35": 1317,
      "36": 1317,
      "37": 5268,
      "38": 10682,
      "39": 5268,
      "40": 2122,
      "41": 3146,
      "42": 1346,
      "43": 1346,
      "44": 13,
      "45": 13,
      "46": 13,
      "47": 13,
      "48": 1333,
      "49": 17,
      "50": 17,
      "51": 1316,
      "52": 1,
      "53": 5,
      "54": 5,
      "55": 5,
      "56": 856,
      "57": 5,
      "58": 1345,
      "59": 6,
      "60": 2856,
      "61": 2,
      "62": 2787,
      "63": 10748,
      "64": 10748,
      "65": 38636,
      "66": 38636,
      "67": 10748,
      "68": 10748,
      "69": 10748,
      "70": 10748,
      "71": 9589,
      "72": 10748,
      "73": 9358,
      "74": 10748,
      "75": 9638,
      "76": 10748,
      "77": 10051,
      "78": 10748,
      "79": 42992,
      "80": 2,
      "81": 5821,
      "82": 5821,
      "83": 5821,
      "84": 5818,
      "85": 11,
      "86": 11,
      "87": 11,
      "88": 5807,
      "89": 11,
      "90": 11,
      "91": 11,
      "92": 5796,
      "93": 5796,
      "94": 5796,
      "95": 2
    },
    "f": {
      "0": 10,
      "1": 122,
      "2": 1,
      "3": 10682,
      "4": 5,
      "5": 856,
      "6": 5,
      "7": 1345,
      "8": 6,
      "9": 2856,
      "10": 2,
      "11": 2787,
      "12": 10748,
      "13": 38636,
      "14": 10748,
      "15": 42992,
      "16": 5821,
      "17": 5818
    },
    "b": {
      "0": [1317],
      "1": [1317, 3951],
      "2": [1317, 2634],
      "3": [1317, 1317],
      "4": [1317],
      "5": [10682, 4555],
      "6": [2122],
      "7": [1346],
      "8": [13],
      "9": [17],
      "10": [9589],
      "11": [9358],
      "12": [9638],
      "13": [10051],
      "14": [42992, 41833, 40443, 39333],
      "15": [11],
      "16": [11]
    }
  },
  "D:\\Proyectos\\Node\\Advent_Code\\src\\2022\\12\\heightMapSearch.ts": {
    "path": "D:\\Proyectos\\Node\\Advent_Code\\src\\2022\\12\\heightMapSearch.ts",
    "statementMap": {
      "0": {
        "start": { "line": 2, "column": 0 },
        "end": { "line": 2, "column": 62 }
      },
      "1": {
        "start": { "line": 10, "column": 4 },
        "end": { "line": 10, "column": 31 }
      },
      "2": {
        "start": { "line": 16, "column": 4 },
        "end": { "line": 16, "column": 44 }
      },
      "3": {
        "start": { "line": 17, "column": 4 },
        "end": { "line": 17, "column": 65 }
      },
      "4": {
        "start": { "line": 17, "column": 45 },
        "end": { "line": 17, "column": 63 }
      },
      "5": {
        "start": { "line": 18, "column": 20 },
        "end": { "line": 18, "column": 47 }
      },
      "6": {
        "start": { "line": 20, "column": 4 },
        "end": { "line": 28, "column": null }
      },
      "7": {
        "start": { "line": 21, "column": 24 },
        "end": { "line": 21, "column": 53 }
      },
      "8": {
        "start": { "line": 22, "column": 6 },
        "end": { "line": 22, "column": 45 }
      },
      "9": {
        "start": { "line": 24, "column": 27 },
        "end": { "line": 24, "column": 61 }
      },
      "10": {
        "start": { "line": 25, "column": 6 },
        "end": { "line": 27, "column": null }
      },
      "11": {
        "start": { "line": 26, "column": 8 },
        "end": { "line": 26, "column": 42 }
      },
      "12": {
        "start": { "line": 30, "column": 4 },
        "end": { "line": 46, "column": null }
      },
      "13": {
        "start": { "line": 31, "column": 19 },
        "end": { "line": 31, "column": 35 }
      },
      "14": {
        "start": { "line": 33, "column": 6 },
        "end": { "line": 35, "column": null }
      },
      "15": {
        "start": { "line": 34, "column": 8 },
        "end": { "line": 34, "column": 38 }
      },
      "16": {
        "start": { "line": 37, "column": 6 },
        "end": { "line": 45, "column": null }
      },
      "17": {
        "start": { "line": 38, "column": 8 },
        "end": { "line": 38, "column": 39 }
      },
      "18": {
        "start": { "line": 40, "column": 27 },
        "end": { "line": 40, "column": 61 }
      },
      "19": {
        "start": { "line": 42, "column": 8 },
        "end": { "line": 44, "column": null }
      },
      "20": {
        "start": { "line": 43, "column": 10 },
        "end": { "line": 43, "column": 37 }
      },
      "21": {
        "start": { "line": 48, "column": 4 },
        "end": { "line": 48, "column": 14 }
      },
      "22": {
        "start": { "line": 52, "column": 22 },
        "end": { "line": 52, "column": 54 }
      },
      "23": {
        "start": { "line": 53, "column": 4 },
        "end": { "line": 53, "column": 24 }
      },
      "24": {
        "start": { "line": 54, "column": 4 },
        "end": { "line": 54, "column": 74 }
      },
      "25": {
        "start": { "line": 55, "column": 4 },
        "end": { "line": 55, "column": 56 }
      },
      "26": {
        "start": { "line": 56, "column": 4 },
        "end": { "line": 56, "column": 31 }
      },
      "27": {
        "start": { "line": 63, "column": 22 },
        "end": { "line": 63, "column": 60 }
      },
      "28": {
        "start": { "line": 64, "column": 19 },
        "end": { "line": 64, "column": 78 }
      },
      "29": {
        "start": { "line": 65, "column": 4 },
        "end": { "line": 65, "column": 39 }
      },
      "30": {
        "start": { "line": 72, "column": 30 },
        "end": { "line": 73, "column": null }
      },
      "31": {
        "start": { "line": 75, "column": 27 },
        "end": { "line": 82, "column": 6 }
      },
      "32": {
        "start": { "line": 76, "column": 19 },
        "end": { "line": 76, "column": 46 }
      },
      "33": {
        "start": { "line": 77, "column": 6 },
        "end": { "line": 77, "column": 40 }
      },
      "34": {
        "start": { "line": 78, "column": 6 },
        "end": { "line": 78, "column": 70 }
      },
      "35": {
        "start": { "line": 79, "column": 6 },
        "end": { "line": 79, "column": 43 }
      },
      "36": {
        "start": { "line": 80, "column": 6 },
        "end": { "line": 80, "column": 31 }
      },
      "37": {
        "start": { "line": 81, "column": 6 },
        "end": { "line": 81, "column": 18 }
      },
      "38": {
        "start": { "line": 83, "column": 4 },
        "end": { "line": 83, "column": 26 }
      },
      "39": {
        "start": { "line": 4, "column": 0 },
        "end": { "line": 4, "column": 13 }
      },
      "40": {
        "start": { "line": 90, "column": 9 },
        "end": { "line": 90, "column": 29 }
      },
      "41": {
        "start": { "line": 91, "column": 9 },
        "end": { "line": 91, "column": 29 }
      },
      "42": {
        "start": { "line": 92, "column": 9 },
        "end": { "line": 92, "column": 29 }
      },
      "43": {
        "start": { "line": 96, "column": 4 },
        "end": { "line": 96, "column": 27 }
      },
      "44": {
        "start": { "line": 100, "column": 4 },
        "end": { "line": 100, "column": 26 }
      },
      "45": {
        "start": { "line": 104, "column": 4 },
        "end": { "line": 104, "column": 26 }
      },
      "46": {
        "start": { "line": 108, "column": 4 },
        "end": { "line": 108, "column": 31 }
      },
      "47": {
        "start": { "line": 112, "column": 4 },
        "end": { "line": 112, "column": 32 }
      },
      "48": {
        "start": { "line": 116, "column": 4 },
        "end": { "line": 116, "column": 30 }
      },
      "49": {
        "start": { "line": 120, "column": 17 },
        "end": { "line": 120, "column": 19 }
      },
      "50": {
[...]
          "start": { "line": 70, "column": 2 },
          "end": { "line": 70, "column": 13 }
        },
        "loc": {
          "start": { "line": 70, "column": 22 },
          "end": { "line": 72, "column": 3 }
        }
      },
      "14": {
        "name": "(anonymous_14)",
        "decl": {
          "start": { "line": 74, "column": 2 },
          "end": { "line": 74, "column": 13 }
        },
        "loc": {
          "start": { "line": 74, "column": 27 },
          "end": { "line": 76, "column": 3 }
        }
      }
    },
    "branchMap": {
      "0": {
        "loc": {
          "start": { "line": 20, "column": 11 },
          "end": { "line": 20, "column": 58 }
        },
        "type": "binary-expr",
        "locations": [
          {
            "start": { "line": 20, "column": 11 },
            "end": { "line": 20, "column": 25 }
          },
          {
            "start": { "line": 20, "column": 30 },
            "end": { "line": 20, "column": 57 }
          }
        ]
      },
      "1": {
        "loc": {
          "start": { "line": 35, "column": 11 },
          "end": { "line": 35, "column": 58 }
        },
        "type": "binary-expr",
        "locations": [
          {
            "start": { "line": 35, "column": 11 },
            "end": { "line": 35, "column": 25 }
          },
          {
            "start": { "line": 35, "column": 30 },
            "end": { "line": 35, "column": 57 }
          }
        ]
      },
      "2": {
        "loc": {
          "start": { "line": 51, "column": 11 },
          "end": { "line": 51, "column": 58 }
        },
        "type": "binary-expr",
        "locations": [
          {
            "start": { "line": 51, "column": 11 },
            "end": { "line": 51, "column": 25 }
          },
          {
            "start": { "line": 51, "column": 30 },
            "end": { "line": 51, "column": 57 }
          }
        ]
      },
      "3": {
        "loc": {
          "start": { "line": 67, "column": 11 },
          "end": { "line": 67, "column": 58 }
        },
        "type": "binary-expr",
        "locations": [
          {
            "start": { "line": 67, "column": 11 },
            "end": { "line": 67, "column": 25 }
          },
          {
            "start": { "line": 67, "column": 30 },
            "end": { "line": 67, "column": 57 }
          }
        ]
      }
    },
    "s": {
      "0": 2,
      "1": 4030,
      "2": 4030,
      "3": 10073,
      "4": 2,
      "5": 4030,
      "6": 4030,
      "7": 1001,
      "8": 2,
      "9": 4030,
      "10": 3029,
      "11": 1015,
      "12": 2,
      "13": 4030,
      "14": 2014,
      "15": 1014,
      "16": 2,
      "17": 4030,
      "18": 1000,
      "19": 1000,
      "20": 2
    },
    "f": {
      "0": 4030,
      "1": 4030,
      "2": 10073,
      "3": 4030,
      "4": 4030,
      "5": 1001,
      "6": 4030,
      "7": 3029,
      "8": 1015,
      "9": 4030,
      "10": 2014,
      "11": 1014,
      "12": 4030,
      "13": 1000,
      "14": 1000
    },
    "b": { "0": [4030, 2], "1": [4030, 2], "2": [4030, 2], "3": [4030, 2] }
  },
  "D:\\Proyectos\\Node\\Advent_Code\\src\\common\\Utils.ts": {
    "path": "D:\\Proyectos\\Node\\Advent_Code\\src\\common\\Utils.ts",
    "statementMap": {
      "0": {
        "start": { "line": 1, "column": 0 },
        "end": { "line": 1, "column": 13 }
      },
      "1": {
        "start": { "line": 2, "column": 16 },
        "end": { "line": 10, "column": 4 }
      },
      "2": {
        "start": { "line": 4, "column": 4 },
        "end": { "line": 8, "column": null }
      },
      "3": {
        "start": { "line": 5, "column": 6 },
        "end": { "line": 5, "column": 14 }
      },
      "4": {
        "start": { "line": 6, "column": 6 },
        "end": { "line": 6, "column": 16 }
      },
      "5": {
        "start": { "line": 7, "column": 6 },
        "end": { "line": 7, "column": 14 }
      },
      "6": {
        "start": { "line": 9, "column": 4 },
        "end": { "line": 9, "column": 13 }
      },
      "7": {
        "start": { "line": 12, "column": 16 },
        "end": { "line": 14, "column": 4 }
      },
      "8": {
        "start": { "line": 13, "column": 4 },
        "end": { "line": 13, "column": 55 }
      }
    },
    "fnMap": {
      "0": {
        "name": "(anonymous_0)",
        "decl": {
          "start": { "line": 2, "column": 40 },
          "end": { "line": 2, "column": 41 }
        },
        "loc": {
          "start": { "line": 2, "column": 65 },
          "end": { "line": 10, "column": 3 }
        }
      },
      "1": {
        "name": "(anonymous_1)",
        "decl": {
          "start": { "line": 12, "column": 38 },
          "end": { "line": 12, "column": 39 }
        },
        "loc": {
          "start": { "line": 12, "column": 63 },
          "end": { "line": 14, "column": 3 }
        }
      }
    },
    "branchMap": {},
    "s": {
      "0": 2,
      "1": 2,
      "2": 38,
      "3": 136,
      "4": 136,
      "5": 136,
      "6": 38,
      "7": 2,
      "8": 38
    },
    "f": { "0": 38, "1": 38 },
    "b": {}
  },
  "D:\\Proyectos\\Node\\Advent_Code\\src\\common\\priorityQueue.ts": {
    "path": "D:\\Proyectos\\Node\\Advent_Code\\src\\common\\priorityQueue.ts",
    "statementMap": {
      "0": {
        "start": { "line": 1, "column": 12 },
        "end": { "line": 1, "column": 13 }
      },
      "1": {
        "start": { "line": 2, "column": 15 },
        "end": { "line": 2, "column": 49 }
      },
      "2": {
        "start": { "line": 2, "column": 30 },
        "end": { "line": 2, "column": 49 }
      },
      "3": {
        "start": { "line": 3, "column": 13 },
        "end": { "line": 3, "column": 40 }
      },
      "4": {
        "start": { "line": 3, "column": 28 },
        "end": { "line": 3, "column": 40 }
      },
      "5": {
        "start": { "line": 4, "column": 14 },
        "end": { "line": 4, "column": 41 }
      },
      "6": {
        "start": { "line": 4, "column": 29 },
        "end": { "line": 4, "column": 41 }
      },
      "7": {
        "start": { "line": 10, "column": 43 },
        "end": { "line": 10, "column": 48 }
      },
      "8": {
        "start": { "line": 11, "column": 4 },
        "end": { "line": 11, "column": 20 }
      },
      "9": {
        "start": { "line": 12, "column": 4 },
        "end": { "line": 12, "column": 34 }
      },
      "10": {
        "start": { "line": 15, "column": 4 },
        "end": { "line": 15, "column": 29 }
      },
      "11": {
        "start": { "line": 18, "column": 4 },
        "end": { "line": 18, "column": 28 }
      },
      "12": {
        "start": { "line": 21, "column": 4 },
        "end": { "line": 21, "column": 27 }
      },
      "13": {
        "start": { "line": 24, "column": 4 },
        "end": { "line": 27, "column": 7 }
      },
      "14": {
        "start": { "line": 25, "column": 6 },
        "end": { "line": 25, "column": 29 }
      },
      "15": {
        "start": { "line": 26, "column": 6 },
        "end": { "line": 26, "column": 21 }
      },
      "16": {
        "start": { "line": 28, "column": 4 },
        "end": { "line": 28, "column": 23 }
      },
      "17": {
        "start": { "line": 31, "column": 24 },
        "end": { "line": 31, "column": 35 }
      },
      "18": {
        "start": { "line": 32, "column": 19 },
        "end": { "line": 32, "column": 34 }
      },
      "19": {
        "start": { "line": 33, "column": 4 },
        "end": { "line": 35, "column": null }
      },
      "20": {
        "start": { "line": 34, "column": 6 },
        "end": { "line": 34, "column": 30 }
      },
      "21": {
        "start": { "line": 36, "column": 4 },
        "end": { "line": 36, "column": 21 }
      },
      "22": {
        "start": { "line": 37, "column": 4 },
        "end": { "line": 37, "column": 21 }
      },
      "23": {
        "start": { "line": 38, "column": 4 },
        "end": { "line": 38, "column": 23 }
      },
      "24": {
        "start": { "line": 41, "column": 26 },
        "end": { "line": 41, "column": 37 }
      },
      "25": {
        "start": { "line": 42, "column": 4 },
        "end": { "line": 42, "column": 28 }
      },
      "26": {
        "start": { "line": 43, "column": 4 },
        "end": { "line": 43, "column": 21 }
      },
      "27": {
        "start": { "line": 44, "column": 4 },
        "end": { "line": 44, "column": 25 }
      },
      "28": {
        "start": { "line": 47, "column": 4 },
        "end": { "line": 47, "column": 58 }
      },
      "29": {
        "start": { "line": 50, "column": 4 },
        "end": { "line": 50, "column": 68 }
      },
      "30": {
        "start": { "line": 53, "column": 15 },
        "end": { "line": 53, "column": 30 }
      },
      "31": {
        "start": { "line": 54, "column": 4 },
        "end": { "line": 57, "column": null }
      },
      "32": {
        "start": { "line": 55, "column": 6 },
        "end": { "line": 55, "column": 37 }
      },
      "33": {
        "start": { "line": 56, "column": 6 },
        "end": { "line": 56, "column": 26 }
      },
      "34": {
        "start": { "line": 60, "column": 15 },
        "end": { "line": 60, "column": 18 }
      },
      "35": {
        "start": { "line": 61, "column": 4 },
        "end": { "line": 71, "column": null }
      },
      "36": {
        "start": { "line": 66, "column": 8 },
        "end": { "line": 68, "column": 22 }
      },
      "37": {
        "start": { "line": 69, "column": 6 },
        "end": { "line": 69, "column": 33 }
      },
      "38": {
        "start": { "line": 70, "column": 6 },
        "end": { "line": 70, "column": 22 }
      },
      "39": {
        "start": { "line": 6, "column": 0 },
        "end": { "line": 6, "column": 13 }
      }
    },
    "fnMap": {
      "0": {
        "name": "(anonymous_0)",
        "decl": {
          "start": { "line": 2, "column": 15 },
          "end": { "line": 2, "column": 16 }
        },
        "loc": {
          "start": { "line": 2, "column": 30 },
          "end": { "line": 2, "column": 49 }
        }
      },
      "1": {
        "name": "(anonymous_1)",
        "decl": {
          "start": { "line": 3, "column": 13 },
          "end": { "line": 3, "column": 14 }
        },
        "loc": {
          "start": { "line": 3, "column": 28 },
          "end": { "line": 3, "column": 40 }
        }
      },
      "2": {
        "name": "(anonymous_2)",
        "decl": {
          "start": { "line": 4, "column": 14 },
          "end": { "line": 4, "column": 15 }
        },
        "loc": {
          "start": { "line": 4, "column": 29 },
          "end": { "line": 4, "column": 41 }
        }
      },
      "3": {
        "name": "(anonymous_3)",
        "decl": {
          "start": { "line": 10, "column": 2 },
          "end": { "line": 10, "column": 14 }
        },
        "loc": {
          "start": { "line": 10, "column": 48 },
          "end": { "line": 13, "column": 3 }
        }
      },
      "4": {
        "name": "(anonymous_4)",
        "decl": {
          "start": { "line": 10, "column": 27 },
          "end": { "line": 10, "column": 28 }
        },
        "loc": {
          "start": { "line": 10, "column": 43 },
          "end": { "line": 10, "column": 48 }
        }
      },
      "5": {
        "name": "(anonymous_5)",
        "decl": {
          "start": { "line": 14, "column": 2 },
          "end": { "line": 14, "column": 6 }
        },
        "loc": {
          "start": { "line": 14, "column": 6 },
          "end": { "line": 16, "column": 3 }
        }
      },
      "6": {
        "name": "(anonymous_6)",
        "decl": {
          "start": { "line": 17, "column": 2 },
          "end": { "line": 17, "column": 9 }
        },
        "loc": {
          "start": { "line": 17, "column": 9 },
          "end": { "line": 19, "column": 3 }
        }
      },
      "7": {
        "name": "(anonymous_7)",
        "decl": {
          "start": { "line": 20, "column": 2 },
          "end": { "line": 20, "column": 6 }
        },
        "loc": {
          "start": { "line": 20, "column": 6 },
          "end": { "line": 22, "column": 3 }
        }
      },
      "8": {
        "name": "(anonymous_8)",
        "decl": {
          "start": { "line": 23, "column": 2 },
          "end": { "line": 23, "column": 6 }
        },
        "loc": {
          "start": { "line": 23, "column": 21 },
          "end": { "line": 29, "column": 3 }
        }
      },
      "9": {
        "name": "(anonymous_9)",
        "decl": {
          "start": { "line": 24, "column": 19 },
          "end": { "line": 24, "column": 20 }
        },
        "loc": {
          "start": { "line": 24, "column": 29 },
          "end": { "line": 27, "column": 5 }
        }
      },
      "10": {
        "name": "(anonymous_10)",
        "decl": {
          "start": { "line": 30, "column": 2 },
          "end": { "line": 30, "column": 5 }
        },
        "loc": {
          "start": { "line": 30, "column": 5 },
          "end": { "line": 39, "column": 3 }
        }
      },
      "11": {
        "name": "(anonymous_11)",
        "decl": {
          "start": { "line": 40, "column": 2 },
          "end": { "line": 40, "column": 9 }
        },
        "loc": {
          "start": { "line": 40, "column": 18 },
          "end": { "line": 45, "column": 3 }
        }
      },
      "12": {
        "name": "(anonymous_12)",
        "decl": {
          "start": { "line": 46, "column": 2 },
          "end": { "line": 46, "column": 10 }
        },
        "loc": {
          "start": { "line": 46, "column": 31 },
          "end": { "line": 48, "column": 3 }
        }
      },
      "13": {
        "name": "(anonymous_13)",
        "decl": {
          "start": { "line": 49, "column": 2 },
          "end": { "line": 49, "column": 7 }
        },
        "loc": {
          "start": { "line": 49, "column": 28 },
          "end": { "line": 51, "column": 3 }
        }
      },
      "14": {
        "name": "(anonymous_14)",
        "decl": {
          "start": { "line": 52, "column": 2 },
          "end": { "line": 52, "column": 9 }
        },
        "loc": {
          "start": { "line": 52, "column": 9 },
          "end": { "line": 58, "column": 3 }
        }
      },
      "15": {
        "name": "(anonymous_15)",
        "decl": {
          "start": { "line": 59, "column": 2 },
          "end": { "line": 59, "column": 11 }
        },
        "loc": {
          "start": { "line": 59, "column": 11 },
          "end": { "line": 72, "column": 3 }
        }
      }
    },
    "branchMap": {
      "0": {
        "loc": {
          "start": { "line": 10, "column": 14 },
          "end": { "line": 10, "column": 48 }
        },
        "type": "default-arg",
        "locations": [
          {
            "start": { "line": 10, "column": 27 },
            "end": { "line": 10, "column": 48 }
          }
        ]
      },
      "1": {
        "loc": {
          "start": { "line": 33, "column": 4 },
          "end": { "line": 35, "column": null }
        },
        "type": "if",
        "locations": [
          {
            "start": { "line": 33, "column": 4 },
            "end": { "line": 35, "column": null }
          }
        ]
      },
      "2": {
        "loc": {
          "start": { "line": 54, "column": 11 },
          "end": { "line": 54, "column": 58 }
        },
        "type": "binary-expr",
        "locations": [
          {
            "start": { "line": 54, "column": 11 },
            "end": { "line": 54, "column": 21 }
          },
          {
            "start": { "line": 54, "column": 25 },
            "end": { "line": 54, "column": 58 }
          }
        ]
      },
      "3": {
        "loc": {
          "start": { "line": 62, "column": 6 },
          "end": { "line": 63, "column": 69 }
        },
        "type": "binary-expr",
        "locations": [
          {
            "start": { "line": 62, "column": 7 },
            "end": { "line": 62, "column": 31 }
          },
          {
            "start": { "line": 62, "column": 35 },
            "end": { "line": 62, "column": 66 }
          },
          {
            "start": { "line": 63, "column": 7 },
            "end": { "line": 63, "column": 32 }
          },
          {
            "start": { "line": 63, "column": 36 },
            "end": { "line": 63, "column": 68 }
          }
        ]
      },
      "4": {
        "loc": {
          "start": { "line": 66, "column": 8 },
          "end": { "line": 68, "column": 22 }
        },
        "type": "cond-expr",
        "locations": [
          {
            "start": { "line": 67, "column": 12 },
            "end": { "line": 67, "column": 23 }
          },
          {
            "start": { "line": 68, "column": 12 },
            "end": { "line": 68, "column": 22 }
          }
        ]
      },
      "5": {
        "loc": {
          "start": { "line": 66, "column": 8 },
          "end": { "line": 66, "column": 75 }
        },
        "type": "binary-expr",
        "locations": [
          {
            "start": { "line": 66, "column": 8 },
            "end": { "line": 66, "column": 33 }
          },
          {
            "start": { "line": 66, "column": 37 },
            "end": { "line": 66, "column": 75 }
          }
        ]
      }
    },
    "s": {
      "0": 4,
      "1": 4,
      "2": 284437,
      "3": 4,
      "4": 598533,
      "5": 4,
      "6": 465245,
      "7": 0,
      "8": 216,
      "9": 216,
      "10": 577727,
      "11": 44395,
      "12": 44184,
      "13": 30526,
      "14": 44364,
      "15": 44364,
      "16": 30526,
      "17": 44184,
      "18": 44184,
      "19": 44184,
      "20": 43687,
      "21": 44184,
      "22": 44184,
      "23": 44184,
      "24": 0,
      "25": 0,
      "26": 0,
      "27": 0,
      "28": 446208,
      "29": 289620,
      "30": 44364,
      "31": 44364,
      "32": 83657,
      "33": 83657,
      "34": 44184,
      "35": 44184,
      "36": 162276,
      "37": 162276,
      "38": 162276,
      "39": 4
    },
    "f": {
      "0": 284437,
      "1": 598533,
      "2": 465245,
      "3": 216,
      "4": 0,
      "5": 577727,
      "6": 44395,
      "7": 44184,
      "8": 30526,
      "9": 44364,
      "10": 44184,
      "11": 0,
      "12": 446208,
      "13": 289620,
      "14": 44364,
      "15": 44184
    },
    "b": {
      "0": [0],
      "1": [43687],
      "2": [128021, 117123],
      "3": [206460, 166093, 45522, 4833],
      "4": [94455, 67821],
      "5": [162276, 158159]
    }
  },
  "D:\\Proyectos\\Node\\Advent_Code\\src\\common\\readfileLines.ts": {
    "path": "D:\\Proyectos\\Node\\Advent_Code\\src\\common\\readfileLines.ts",
    "statementMap": {
      "0": {
        "start": { "line": 1, "column": 0 },
        "end": { "line": 1, "column": 35 }
      },
      "1": {
        "start": { "line": 2, "column": 0 },
        "end": { "line": 2, "column": 47 }
      },
      "2": {
        "start": { "line": 3, "column": 0 },
        "end": { "line": 3, "column": 39 }
      },
      "3": {
        "start": { "line": 9, "column": 21 },
        "end": { "line": 13, "column": null }
      },
      "4": {
        "start": { "line": 16, "column": 13 },
        "end": { "line": 19, "column": 4 }
      },
      "5": {
        "start": { "line": 20, "column": 2 },
        "end": { "line": 20, "column": 12 }
      },
      "6": {
        "start": { "line": 5, "column": 0 },
        "end": { "line": 5, "column": 16 }
      }
    },
    "fnMap": {
      "0": {
        "name": "readFileLines",
        "decl": {
          "start": { "line": 5, "column": 16 },
          "end": { "line": 5, "column": 29 }
        },
        "loc": {
          "start": { "line": 7, "column": 14 },
          "end": { "line": 21, "column": 1 }
        }
      }
    },
    "branchMap": {},
    "s": { "0": 45, "1": 45, "2": 45, "3": 91, "4": 91, "5": 91, "6": 45 },
    "f": { "0": 91 },
    "b": {}
  }
}
