TN:
SF:src\2022\1\1.ts
FN:3,calorieCounter
FN:27,(anonymous_1)
FNF:2
FNH:2
FNDA:2,calorieCounter
FNDA:2,(anonymous_1)
DA:1,1
DA:3,1
DA:7,2
DA:9,2
DA:10,2
DA:12,2
DA:13,4474
DA:14,480
DA:16,480
DA:17,16
DA:18,16
DA:20,480
DA:21,480
DA:24,3994
DA:27,2
DA:28,2
DA:29,2
LF:17
LH:17
BRDA:5,0,0,0
BRDA:13,1,0,480
BRDA:16,2,0,16
BRF:3
BRH:2
end_of_record
TN:
SF:src\2022\10\10.1.ts
FN:4,getSignalStrength
FNF:1
FNH:1
FNDA:2,getSignalStrength
DA:1,1
DA:2,1
DA:4,1
DA:5,2
DA:7,2
DA:9,2
DA:10,288
DA:13,2
DA:14,2
LF:9
LH:9
BRF:0
BRH:0
end_of_record
TN:
SF:src\2022\10\10.2.ts
FN:4,displayFromSignal
FNF:1
FNH:1
FNDA:3,displayFromSignal
DA:1,1
DA:2,1
DA:4,1
DA:5,3
DA:7,3
DA:9,3
DA:10,434
DA:13,3
DA:14,3
LF:9
LH:9
BRF:0
BRH:0
end_of_record
TN:
SF:src\2022\10\singalReader.ts
FN:12,(anonymous_0)
FN:18,(anonymous_1)
FN:21,(anonymous_2)
FN:25,(anonymous_3)
FN:29,(anonymous_4)
FN:42,(anonymous_5)
FN:46,(anonymous_6)
FN:53,(anonymous_7)
FN:58,(anonymous_8)
FN:72,(anonymous_9)
FN:84,(anonymous_10)
FN:85,(anonymous_11)
FNF:12
FNH:12
FNDA:13,(anonymous_0)
FNDA:78,(anonymous_1)
FNDA:2431,(anonymous_2)
FNDA:1218,(anonymous_3)
FNDA:732,(anonymous_4)
FNDA:250,(anonymous_5)
FNDA:482,(anonymous_6)
FNDA:732,(anonymous_7)
FNDA:1214,(anonymous_8)
FNDA:3,(anonymous_9)
FNDA:7,(anonymous_10)
FNDA:42,(anonymous_11)
DA:1,2
DA:6,13
DA:7,13
DA:9,2
DA:10,2
DA:13,13
DA:14,13
DA:15,13
DA:16,13
DA:18,78
DA:22,2431
DA:26,1218
DA:30,732
DA:31,732
DA:32,732
DA:33,250
DA:34,250
DA:36,482
DA:37,482
DA:38,482
DA:43,250
DA:47,482
DA:48,482
DA:49,482
DA:50,482
DA:54,732
DA:55,732
DA:59,1214
DA:60,1214
DA:62,1214
DA:63,1214
DA:65,1214
DA:66,567
DA:68,647
DA:73,3
DA:74,3
DA:75,3
DA:76,12
DA:77,12
DA:78,12
DA:81,3
DA:85,42
DA:86,7
LF:43
LH:43
BRDA:32,0,0,250
BRDA:36,1,0,482
BRDA:65,2,0,567
BRDA:65,2,1,647
BRDA:65,3,0,1214
BRDA:65,3,1,883
BRF:6
BRH:6
end_of_record
TN:
SF:src\2022\11\11.1.ts
FN:4,getMonkeyBusiness
FN:21,(anonymous_1)
FN:24,(anonymous_2)
FNF:3
FNH:3
FNDA:4,getMonkeyBusiness
FNDA:44,(anonymous_1)
FNDA:4,(anonymous_2)
DA:1,2
DA:2,2
DA:4,2
DA:10,4
DA:12,4
DA:14,4
DA:15,164
DA:17,4
DA:18,4
DA:19,4
DA:20,4
DA:21,44
DA:23,4
DA:24,4
DA:26,4
LF:15
LH:15
BRF:0
BRH:0
end_of_record
TN:
SF:src\2022\11\monkey.ts
FN:9,(anonymous_0)
FN:16,(anonymous_1)
FN:21,(anonymous_2)
FN:26,(anonymous_3)
FN:30,(anonymous_4)
FN:68,(anonymous_5)
FN:76,(anonymous_6)
FN:83,(anonymous_7)
FN:85,(anonymous_8)
FN:89,(anonymous_9)
FN:91,(anonymous_10)
FN:96,(anonymous_11)
FN:101,(anonymous_12)
FN:107,(anonymous_13)
FN:113,(anonymous_14)
FN:119,(anonymous_15)
FN:123,(anonymous_16)
FN:131,(anonymous_17)
FN:132,(anonymous_18)
FN:145,(anonymous_19)
FN:151,(anonymous_20)
FN:155,(anonymous_21)
FNF:22
FNH:22
FNDA:19,(anonymous_0)
FNDA:48,(anonymous_1)
FNDA:203,(anonymous_2)
FNDA:56,(anonymous_3)
FNDA:262,(anonymous_4)
FNDA:37,(anonymous_5)
FNDA:40,(anonymous_6)
FNDA:1,(anonymous_7)
FNDA:551710,(anonymous_8)
FNDA:97331,(anonymous_9)
FNDA:186348,(anonymous_10)
FNDA:38,(anonymous_11)
FNDA:835388,(anonymous_12)
FNDA:37,(anonymous_13)
FNDA:37,(anonymous_14)
FNDA:7,(anonymous_15)
FNDA:6,(anonymous_16)
FNDA:5,(anonymous_17)
FNDA:28,(anonymous_18)
FNDA:48,(anonymous_19)
FNDA:835513,(anonymous_20)
FNDA:120324,(anonymous_21)
DA:1,2
DA:3,2
DA:10,19
DA:11,19
DA:12,19
DA:13,19
DA:17,48
DA:18,48
DA:22,203
DA:23,202
DA:27,56
DA:31,262
DA:32,233
DA:33,233
DA:35,233
DA:36,44
DA:37,44
DA:39,189
DA:40,189
DA:42,189
DA:43,37
DA:44,37
DA:47,152
DA:48,40
DA:49,40
DA:52,112
DA:53,38
DA:54,38
DA:57,74
DA:58,37
DA:59,37
DA:62,37
DA:63,37
DA:64,37
DA:69,37
DA:70,37
DA:71,127
DA:72,127
DA:77,40
DA:78,40
DA:79,40
DA:80,40
DA:81,40
DA:82,22
DA:83,1
DA:85,551710
DA:87,18
DA:88,18
DA:89,97331
DA:91,186348
DA:97,38
DA:98,38
DA:99,38
DA:101,835388
DA:104,38
DA:108,37
DA:109,37
DA:110,37
DA:114,37
DA:115,37
DA:116,37
DA:120,7
DA:124,6
DA:125,20061
DA:126,120324
DA:132,28
DA:136,2
DA:146,48
DA:147,48
DA:148,48
DA:152,835513
DA:156,120324
DA:158,835386
DA:159,835386
DA:161,835386
DA:163,835386
DA:164,1898
DA:166,835386
DA:168,835386
DA:171,835386
DA:174,835386
DA:175,835386
DA:178,120324
LF:83
LH:83
BRDA:22,0,0,1
BRDA:31,1,0,29
BRDA:35,2,0,44
BRDA:42,3,0,37
BRDA:47,4,0,40
BRDA:52,5,0,38
BRDA:57,6,0,37
BRDA:62,7,0,37
BRDA:81,8,0,22
BRDA:81,8,1,18
BRDA:82,9,0,1
BRDA:82,9,1,21
BRDA:87,10,0,18
BRDA:88,11,0,8
BRDA:88,11,1,10
BRDA:163,12,0,1898
BRDA:171,13,0,161375
BRDA:171,13,1,674011
BRF:18
BRH:18
end_of_record
TN:
SF:src\2022\12\12.ts
FN:4,bestPathLengthToGoal
FNF:1
FNH:1
FNDA:4,bestPathLengthToGoal
DA:1,2
DA:2,2
DA:4,2
DA:8,4
DA:10,4
DA:12,4
DA:13,92
DA:16,4
DA:17,4
LF:9
LH:9
BRF:0
BRH:0
end_of_record
TN:
SF:src\2022\12\heightMap.ts
FN:6,(anonymous_0)
FN:10,(anonymous_1)
FN:23,(anonymous_2)
FN:58,(anonymous_3)
FN:87,(anonymous_4)
FN:91,(anonymous_5)
FN:94,(anonymous_6)
FN:95,(anonymous_7)
FN:98,(anonymous_8)
FN:99,(anonymous_9)
FN:102,(anonymous_10)
FN:103,(anonymous_11)
FN:106,(anonymous_12)
FN:108,(anonymous_13)
FN:114,(anonymous_14)
FN:134,(anonymous_15)
FN:148,(anonymous_16)
FN:154,(anonymous_17)
FNF:18
FNH:18
FNDA:10,(anonymous_0)
FNDA:122,(anonymous_1)
FNDA:1,(anonymous_2)
FNDA:10682,(anonymous_3)
FNDA:5,(anonymous_4)
FNDA:856,(anonymous_5)
FNDA:5,(anonymous_6)
FNDA:1345,(anonymous_7)
FNDA:6,(anonymous_8)
FNDA:2856,(anonymous_9)
FNDA:2,(anonymous_10)
FNDA:2787,(anonymous_11)
FNDA:10748,(anonymous_12)
FNDA:38636,(anonymous_13)
FNDA:10748,(anonymous_14)
FNDA:42992,(anonymous_15)
FNDA:5821,(anonymous_16)
FNDA:5818,(anonymous_17)
DA:1,2
DA:3,2
DA:7,10
DA:11,122
DA:13,122
DA:14,5814
DA:15,5814
DA:16,5814
DA:17,5814
DA:18,5814
DA:20,122
DA:24,1
DA:25,1
DA:26,1
DA:28,1
DA:29,1
DA:30,1
DA:32,1
DA:33,6585
DA:34,6585
DA:35,6585
DA:36,6585
DA:37,1317
DA:38,1317
DA:39,1317
DA:42,5268
DA:43,5268
DA:45,5268
DA:46,5268
DA:47,5268
DA:48,1317
DA:49,3951
DA:50,1317
DA:51,2634
DA:52,1317
DA:53,1317
DA:54,1317
DA:57,5268
DA:58,10682
DA:61,5268
DA:62,2122
DA:65,3146
DA:66,1346
DA:68,1346
DA:69,13
DA:70,13
DA:71,13
DA:72,13
DA:75,1333
DA:76,17
DA:77,17
DA:80,1316
DA:84,1
DA:88,5
DA:89,5
DA:91,856
DA:95,1345
DA:99,2856
DA:103,2787
DA:107,10748
DA:108,10748
DA:109,38636
DA:110,38636
DA:115,10748
DA:116,10748
DA:117,10748
DA:118,10748
DA:119,9589
DA:121,10748
DA:122,9358
DA:124,10748
DA:125,9638
DA:127,10748
DA:128,10051
DA:131,10748
DA:135,42992
DA:141,2
DA:149,5821
DA:150,5821
DA:151,5821
DA:155,5818
DA:156,11
DA:157,11
DA:158,11
DA:161,5807
DA:162,11
DA:163,11
DA:164,11
DA:167,5796
DA:168,5796
DA:169,5796
LF:91
LH:91
BRDA:36,0,0,1317
BRDA:47,1,0,1317
BRDA:47,1,1,3951
BRDA:49,2,0,1317
BRDA:49,2,1,2634
BRDA:51,3,0,1317
BRDA:51,3,1,1317
BRDA:53,4,0,1317
BRDA:58,5,0,10682
BRDA:58,5,1,4555
BRDA:61,6,0,2122
BRDA:65,7,0,1346
BRDA:68,8,0,13
BRDA:75,9,0,17
BRDA:118,10,0,9589
BRDA:121,11,0,9358
BRDA:124,12,0,9638
BRDA:127,13,0,10051
BRDA:136,14,0,42992
BRDA:136,14,1,41833
BRDA:136,14,2,40443
BRDA:136,14,3,39333
BRDA:155,15,0,11
BRDA:161,16,0,11
BRF:24
BRH:24
end_of_record
TN:
SF:src\2022\12\heightMapSearch.ts
FN:9,(anonymous_0)
FN:13,(anonymous_1)
FN:17,(anonymous_2)
FN:51,(anonymous_3)
FN:59,(anonymous_4)
FN:68,(anonymous_5)
FN:75,(anonymous_6)
FN:95,(anonymous_7)
FN:99,(anonymous_8)
FN:103,(anonymous_9)
FN:107,(anonymous_10)
FN:111,(anonymous_11)
FN:115,(anonymous_12)
FN:119,(anonymous_13)
FNF:14
FNH:13
FNDA:5,(anonymous_0)
FNDA:5,(anonymous_1)
FNDA:281034,(anonymous_2)
FNDA:687,(anonymous_3)
FNDA:20168,(anonymous_4)
FNDA:5479,(anonymous_5)
FNDA:19481,(anonymous_6)
FNDA:20171,(anonymous_7)
FNDA:20168,(anonymous_8)
FNDA:20168,(anonymous_9)
FNDA:20168,(anonymous_10)
FNDA:0,(anonymous_11)
FNDA:19988,(anonymous_12)
FNDA:6,(anonymous_13)
DA:2,2
DA:4,2
DA:10,5
DA:16,5
DA:17,281034
DA:18,5
DA:20,5
DA:21,3
DA:22,3
DA:24,2
DA:25,2
DA:26,684
DA:30,5
DA:31,19988
DA:33,19988
DA:34,5
DA:37,19983
DA:38,5479
DA:40,5479
DA:42,5479
DA:43,19481
DA:48,0
DA:52,687
DA:53,687
DA:54,687
DA:55,687
DA:56,687
DA:63,20168
DA:64,20168
DA:65,20168
DA:72,5479
DA:75,5479
DA:76,19481
DA:77,19481
DA:78,19481
DA:79,19481
DA:80,19481
DA:81,19481
DA:83,5479
DA:87,2
DA:90,20171
DA:91,20171
DA:92,20171
DA:96,20171
DA:100,20168
DA:104,20168
DA:108,20168
DA:112,0
DA:116,19988
DA:120,6
DA:121,6
DA:122,6
DA:123,853
DA:124,853
DA:126,6
DA:127,6
LF:56
LH:54
BRDA:20,0,0,3
BRDA:20,0,1,2
BRDA:33,1,0,5
BRDA:37,2,0,5479
BRF:4
BRH:4
end_of_record
TN:
SF:src\2022\13\13.1.ts
FN:4,getSumRightOrderPacketIndexes
FNF:1
FNH:1
FNDA:2,getSumRightOrderPacketIndexes
DA:1,1
DA:2,1
DA:4,1
DA:7,2
DA:9,2
DA:11,2
DA:12,472
DA:15,2
DA:17,2
LF:9
LH:9
BRF:0
BRH:0
end_of_record
TN:
SF:src\2022\13\13.2.ts
FN:4,getDecoreKeyFromPackets
FNF:1
FNH:1
FNDA:2,getDecoreKeyFromPackets
DA:1,1
DA:2,1
DA:4,1
DA:7,2
DA:9,2
DA:11,2
DA:12,472
DA:15,2
DA:17,2
LF:9
LH:9
BRF:0
BRH:0
end_of_record
TN:
SF:src\2022\13\packetsReader.ts
FN:4,(anonymous_0)
FN:8,(anonymous_1)
FN:18,(anonymous_2)
FN:30,(anonymous_3)
FN:34,(anonymous_4)
FN:36,(anonymous_5)
FN:45,(anonymous_6)
FN:56,(anonymous_7)
FN:60,(anonymous_8)
FN:90,(anonymous_9)
FN:94,(anonymous_10)
FN:108,(anonymous_11)
FN:112,(anonymous_12)
FN:124,(anonymous_13)
FN:137,(anonymous_14)
FN:141,(anonymous_15)
FN:145,(anonymous_16)
FNF:17
FNH:16
FNDA:15,(anonymous_0)
FNDA:968,(anonymous_1)
FNDA:12,(anonymous_2)
FNDA:655,(anonymous_3)
FNDA:2,(anonymous_4)
FNDA:158,(anonymous_5)
FNDA:2145,(anonymous_6)
FNDA:328,(anonymous_7)
FNDA:168,(anonymous_8)
FNDA:13018,(anonymous_9)
FNDA:3367,(anonymous_10)
FNDA:9794,(anonymous_11)
FNDA:657,(anonymous_12)
FNDA:20229,(anonymous_13)
FNDA:0,(anonymous_14)
FNDA:1,(anonymous_15)
FNDA:7486,(anonymous_16)
DA:1,2
DA:5,15
DA:9,968
DA:10,313
DA:11,313
DA:14,655
DA:15,655
DA:19,12
DA:20,12
DA:21,168
DA:22,168
DA:23,168
DA:24,90
DA:27,12
DA:31,655
DA:35,2
DA:36,158
DA:39,2
DA:40,2
DA:42,2
DA:43,2
DA:45,2145
DA:46,2
DA:47,2
DA:49,2
DA:53,2
DA:57,328
DA:61,168
DA:63,168
DA:64,168
DA:65,168
DA:66,168
DA:67,78
DA:69,90
DA:72,90
DA:87,2
DA:91,13018
DA:95,3367
DA:96,2368
DA:97,999
DA:98,999
DA:99,999
DA:100,999
DA:105,2
DA:109,9794
DA:113,657
DA:114,657
DA:116,657
DA:117,1973
DA:118,1973
DA:121,657
DA:125,20229
DA:126,13002
DA:128,7227
DA:129,7227
DA:130,7227
DA:131,18256
DA:133,7227
DA:138,0
DA:142,1
DA:147,7486
DA:148,894
DA:150,6592
DA:153,7486
DA:154,269
DA:156,7217
DA:157,279
DA:159,6938
DA:160,177
DA:163,6761
DA:164,6761
DA:168,8012
DA:169,0
DA:171,8012
DA:172,237
DA:174,7775
DA:175,234
DA:177,7541
DA:178,7541
DA:179,7541
DA:180,7541
DA:181,6057
DA:185,233
LF:83
LH:81
BRDA:9,0,0,313
BRDA:23,1,0,90
BRDA:66,2,0,78
BRDA:95,3,0,2368
BRDA:95,3,1,999
BRDA:97,4,0,999
BRDA:125,5,0,13002
BRDA:125,5,1,7227
BRDA:147,6,0,894
BRDA:147,6,1,6592
BRDA:153,7,0,269
BRDA:153,8,0,7486
BRDA:153,8,1,548
BRDA:156,9,0,279
BRDA:159,10,0,177
BRDA:168,11,0,0
BRDA:168,12,0,8012
BRDA:168,12,1,237
BRDA:171,13,0,237
BRDA:174,14,0,234
BRDA:180,15,0,6057
BRF:21
BRH:20
end_of_record
TN:
SF:src\2022\14\14.1.ts
FN:4,sandDropsBeforeFull
FNF:1
FNH:1
FNDA:2,sandDropsBeforeFull
DA:1,1
DA:2,1
DA:4,1
DA:5,2
DA:7,2
DA:9,2
DA:10,179
DA:12,2
DA:13,2
DA:15,2
LF:10
LH:10
BRF:0
BRH:0
end_of_record
TN:
SF:src\2022\14\14.2.ts
FN:4,sandDropsCountBeforeReachingTop
FNF:1
FNH:1
FNDA:2,sandDropsCountBeforeReachingTop
DA:1,1
DA:2,1
DA:4,1
DA:7,2
DA:9,2
DA:11,2
DA:12,179
DA:14,2
DA:15,2
DA:17,2
LF:10
LH:10
BRF:0
BRH:0
end_of_record
TN:
SF:src\2022\14\cave.ts
FN:13,(anonymous_0)
FN:17,(anonymous_1)
FN:32,(anonymous_2)
FN:35,(anonymous_3)
FN:39,(anonymous_4)
FN:40,(anonymous_5)
FN:41,(anonymous_6)
FN:42,(anonymous_7)
FN:48,(anonymous_8)
FN:48,(anonymous_9)
FN:79,(anonymous_10)
FN:95,(anonymous_11)
FN:106,(anonymous_12)
FN:124,(anonymous_13)
FN:131,(anonymous_14)
FN:168,(anonymous_15)
FN:178,(anonymous_16)
FN:183,(anonymous_17)
FNF:18
FNH:18
FNDA:6,(anonymous_0)
FNDA:366,(anonymous_1)
FNDA:7,(anonymous_2)
FNDA:5090,(anonymous_3)
FNDA:10187,(anonymous_4)
FNDA:10187,(anonymous_5)
FNDA:10187,(anonymous_6)
FNDA:10187,(anonymous_7)
FNDA:1218,(anonymous_8)
FNDA:466088,(anonymous_9)
FNDA:3,(anonymous_10)
FNDA:2,(anonymous_11)
FNDA:2,(anonymous_12)
FNDA:33151,(anonymous_13)
FNDA:33149,(anonymous_14)
FNDA:5080,(anonymous_15)
FNDA:38609,(anonymous_16)
FNDA:5447,(anonymous_17)
DA:3,2
DA:6,6
DA:14,6
DA:18,366
DA:20,366
DA:21,366
DA:23,366
DA:24,5080
DA:25,5080
DA:26,5080
DA:27,5080
DA:28,5080
DA:33,7
DA:34,7
DA:35,5090
DA:39,10187
DA:40,10187
DA:41,10187
DA:42,10187
DA:43,7
DA:44,7
DA:46,7
DA:48,466088
DA:50,7
DA:51,5090
DA:52,3392
DA:54,3392
DA:56,3392
DA:58,3392
DA:59,21768
DA:61,1698
DA:62,1698
DA:64,1698
DA:66,1698
DA:68,1698
DA:69,6518
DA:74,7
DA:80,3
DA:81,3
DA:82,3
DA:83,1015
DA:85,1015
DA:86,1015
DA:87,1012
DA:88,1012
DA:92,3
DA:98,2
DA:99,2
DA:100,2
DA:101,2
DA:102,894
DA:107,2
DA:109,2
DA:111,2
DA:112,32134
DA:114,32134
DA:115,32134
DA:116,32134
DA:117,2
DA:120,32132
DA:125,33151
DA:132,33149
DA:133,4082733
DA:134,4082732
DA:136,4082732
DA:137,1470333
DA:138,1470333
DA:141,2612399
DA:142,2612397
DA:143,2612397
DA:144,1303161
DA:145,1303161
DA:146,1303161
DA:149,1309236
DA:151,1309236
DA:152,1309236
DA:153,1309236
DA:154,1276090
DA:155,1276090
DA:156,1276090
DA:159,33146
DA:164,2
DA:169,5080
DA:170,5080
DA:174,2
DA:179,38609
DA:180,38609
DA:184,5447
DA:185,5447
DA:186,5447
DA:187,5447
LF:91
LH:91
BRDA:32,0,0,4
BRDA:51,1,0,3392
BRDA:51,1,1,1698
BRDA:61,2,0,1698
BRDA:86,3,0,1012
BRDA:116,4,0,2
BRDA:116,5,0,32134
BRDA:116,5,1,179
BRDA:133,6,0,1
BRDA:136,7,0,1470333
BRDA:141,8,0,2
BRDA:143,9,0,1303161
BRDA:151,10,0,0
BRDA:152,11,0,0
BRDA:153,12,0,1276090
BRF:15
BRH:13
end_of_record
TN:
SF:src\2022\15\15.1.ts
FN:4,checkedPointsInRow
FNF:1
FNH:1
FNDA:2,checkedPointsInRow
DA:1,1
DA:2,1
DA:4,1
DA:8,2
DA:10,2
DA:12,2
DA:13,50
DA:16,2
DA:18,2
LF:9
LH:9
BRF:0
BRH:0
end_of_record
TN:
SF:src\2022\15\15.2.ts
FN:4,getDistressSignal
FNF:1
FNH:1
FNDA:2,getDistressSignal
DA:1,1
DA:2,1
DA:4,1
DA:10,2
DA:12,2
DA:14,2
DA:15,50
DA:18,2
DA:21,2
DA:22,2
LF:10
LH:10
BRDA:18,0,0,2
BRDA:18,0,1,0
BRF:2
BRH:1
end_of_record
TN:
SF:src\2022\15\beaconZone.ts
FN:6,(anonymous_0)
FN:10,(anonymous_1)
FN:15,(anonymous_2)
FN:24,(anonymous_3)
FN:25,(anonymous_4)
FN:35,(anonymous_5)
FN:38,(anonymous_6)
FN:39,(anonymous_7)
FN:41,(anonymous_8)
FN:49,(anonymous_9)
FN:58,(anonymous_10)
FN:59,(anonymous_11)
FN:61,(anonymous_12)
FN:61,(anonymous_13)
FN:66,(anonymous_14)
FN:112,(anonymous_15)
FN:113,(anonymous_16)
FN:127,(anonymous_17)
FN:129,(anonymous_18)
FN:152,(anonymous_19)
FN:154,(anonymous_20)
FN:163,(anonymous_21)
FN:168,(anonymous_22)
FN:181,(anonymous_23)
FN:185,(anonymous_24)
FN:198,(anonymous_25)
FN:215,(anonymous_26)
FN:222,(anonymous_27)
FN:227,(anonymous_28)
FNF:29
FNH:26
FNDA:6,(anonymous_0)
FNDA:130,(anonymous_1)
FNDA:3,(anonymous_2)
FNDA:28,(anonymous_3)
FNDA:56,(anonymous_4)
FNDA:126,(anonymous_5)
FNDA:126,(anonymous_6)
FNDA:237,(anonymous_7)
FNDA:175,(anonymous_8)
FNDA:63,(anonymous_9)
FNDA:78,(anonymous_10)
FNDA:156,(anonymous_11)
FNDA:12,(anonymous_12)
FNDA:12,(anonymous_13)
FNDA:0,(anonymous_14)
FNDA:2,(anonymous_15)
FNDA:337,(anonymous_16)
FNDA:3,(anonymous_17)
FNDA:52,(anonymous_18)
FNDA:106,(anonymous_19)
FNDA:3112,(anonymous_20)
FNDA:140,(anonymous_21)
FNDA:131,(anonymous_22)
FNDA:3249,(anonymous_23)
FNDA:81,(anonymous_24)
FNDA:53,(anonymous_25)
FNDA:0,(anonymous_26)
FNDA:0,(anonymous_27)
FNDA:3114,(anonymous_28)
DA:1,2
DA:3,2
DA:7,6
DA:11,130
DA:12,130
DA:16,3
DA:17,3
DA:18,78
DA:19,78
DA:20,28
DA:24,3
DA:25,56
DA:27,3
DA:28,3
DA:29,28
DA:30,28
DA:31,28
DA:33,28
DA:35,126
DA:37,28
DA:38,126
DA:39,237
DA:40,28
DA:41,51
DA:42,175
DA:44,51
DA:45,28
DA:46,28
DA:49,63
DA:50,23
DA:52,23
DA:53,23
DA:57,3
DA:58,78
DA:59,156
DA:61,12
DA:63,3
DA:67,0
DA:68,0
DA:70,0
DA:71,0
DA:72,0
DA:74,0
DA:75,0
DA:76,0
DA:78,0
DA:79,0
DA:80,0
DA:81,0
DA:84,0
DA:85,0
DA:86,0
DA:88,0
DA:92,0
DA:93,0
DA:94,0
DA:96,0
DA:97,0
DA:98,0
DA:99,0
DA:102,0
DA:103,0
DA:104,0
DA:106,0
DA:113,2
DA:114,337
DA:117,2
DA:118,106
DA:119,106
DA:120,2
DA:124,0
DA:128,3
DA:129,52
DA:131,3
DA:132,52
DA:133,52
DA:134,208
DA:136,208
DA:137,2888
DA:138,2888
DA:139,11552
DA:140,11552
DA:141,11552
DA:142,339
DA:149,3
DA:153,106
DA:154,3112
DA:159,2
DA:164,140
DA:165,140
DA:169,131
DA:170,131
DA:171,131
DA:172,131
DA:174,131
DA:175,131
DA:176,131
DA:177,131
DA:178,131
DA:182,3249
DA:186,81
DA:187,81
DA:188,81
DA:189,51
DA:192,30
DA:193,30
DA:195,30
DA:199,53
DA:200,53
DA:202,53
DA:203,53
DA:204,53
DA:205,53
DA:207,53
DA:208,53
DA:209,53
DA:210,53
DA:212,53
DA:216,0
DA:223,0
DA:224,0
DA:228,3114
DA:229,3114
LF:123
LH:92
BRDA:19,0,0,28
BRDA:35,1,0,126
BRDA:35,1,1,24
BRDA:42,2,0,175
BRDA:42,2,1,123
BRDA:44,3,0,28
BRDA:49,4,0,63
BRDA:49,4,1,16
BRDA:50,5,0,11
BRDA:50,5,1,12
BRDA:61,6,0,12
BRDA:61,6,1,12
BRDA:79,7,0,0
BRDA:85,8,0,0
BRDA:85,8,1,0
BRDA:97,9,0,0
BRDA:103,10,0,0
BRDA:103,10,1,0
BRDA:114,11,0,337
BRDA:114,11,1,327
BRDA:114,11,2,319
BRDA:114,11,3,313
BRDA:119,12,0,2
BRDA:141,13,0,339
BRDA:188,14,0,51
BRDA:217,15,0,0
BRDA:217,15,1,0
BRDA:217,15,2,0
BRDA:217,15,3,0
BRF:29
BRH:19
end_of_record
TN:
SF:src\2022\15\cartesianMath.ts
FN:5,(anonymous_0)
FN:15,(anonymous_1)
FN:30,(anonymous_2)
FN:46,(anonymous_3)
FN:50,(anonymous_4)
FN:54,(anonymous_5)
FN:63,(anonymous_6)
FN:68,(anonymous_7)
FNF:8
FNH:8
FNDA:229,(anonymous_0)
FNDA:11558,(anonymous_1)
FNDA:11556,(anonymous_2)
FNDA:40459,(anonymous_3)
FNDA:17342,(anonymous_4)
FNDA:11561,(anonymous_5)
FNDA:6371,(anonymous_6)
FNDA:6363,(anonymous_7)
DA:1,2
DA:6,229
DA:7,120
DA:8,120
DA:10,109
DA:11,109
DA:16,11558
DA:17,11558
DA:18,11558
DA:19,5778
DA:22,5780
DA:23,5780
DA:25,5780
DA:26,5780
DA:27,5780
DA:31,11556
DA:32,11556
DA:33,5777
DA:35,5779
DA:41,5438
DA:43,341
DA:47,40459
DA:51,17342
DA:55,11561
DA:59,2
DA:64,6371
DA:65,6371
DA:69,6363
DA:70,6363
DA:71,6363
LF:30
LH:30
BRDA:6,0,0,120
BRDA:6,0,1,109
BRDA:18,1,0,5778
BRDA:32,2,0,5777
BRDA:35,3,0,5438
BRDA:36,4,0,5779
BRDA:36,4,1,3849
BRDA:36,4,2,1393
BRDA:36,4,3,715
BRF:9
BRH:9
end_of_record
TN:
SF:src\2022\16\16.ts
FN:4,calculateBestFlow
FNF:1
FNH:1
FNDA:4,calculateBestFlow
DA:1,2
DA:2,2
DA:4,2
DA:9,4
DA:11,4
DA:13,4
DA:14,134
DA:17,4
DA:19,4
LF:9
LH:9
BRF:0
BRH:0
end_of_record
TN:
SF:src\2022\16\volcano.ts
FN:7,(anonymous_0)
FN:11,(anonymous_1)
FN:15,(anonymous_2)
FN:21,(anonymous_3)
FN:26,(anonymous_4)
FN:44,(anonymous_5)
FN:48,(anonymous_6)
FN:58,(anonymous_7)
FN:67,(anonymous_8)
FN:115,(anonymous_9)
FN:120,(anonymous_10)
FN:164,(anonymous_11)
FN:168,(anonymous_12)
FN:169,(anonymous_13)
FN:170,(anonymous_14)
FN:180,(anonymous_15)
FN:242,(anonymous_16)
FN:249,(anonymous_17)
FN:254,(anonymous_18)
FN:263,(anonymous_19)
FN:268,(anonymous_20)
FN:271,(anonymous_21)
FN:272,(anonymous_22)
FN:276,(anonymous_23)
FNF:24
FNH:23
FNDA:6,(anonymous_0)
FNDA:156,(anonymous_1)
FNDA:352,(anonymous_2)
FNDA:7,(anonymous_3)
FNDA:4,(anonymous_4)
FNDA:442566,(anonymous_5)
FNDA:442469,(anonymous_6)
FNDA:21871,(anonymous_7)
FNDA:4,(anonymous_8)
FNDA:2,(anonymous_9)
FNDA:67,(anonymous_10)
FNDA:376830,(anonymous_11)
FNDA:5400117,(anonymous_12)
FNDA:3477791,(anonymous_13)
FNDA:7890217,(anonymous_14)
FNDA:0,(anonymous_15)
FNDA:159,(anonymous_16)
FNDA:193132,(anonymous_17)
FNDA:193132,(anonymous_18)
FNDA:73017,(anonymous_19)
FNDA:3792,(anonymous_20)
FNDA:13237874,(anonymous_21)
FNDA:17081718,(anonymous_22)
FNDA:13241666,(anonymous_23)
DA:2,2
DA:4,2
DA:8,6
DA:12,156
DA:13,156
DA:14,156
DA:15,352
DA:17,156
DA:18,156
DA:22,7
DA:23,7
DA:27,4
DA:28,4
DA:30,4
DA:31,2
DA:32,2
DA:33,2
DA:37,2
DA:38,2
DA:39,2
DA:41,2
DA:44,442566
DA:45,2
DA:48,442469
DA:50,2
DA:51,2
DA:53,2
DA:54,3792
DA:57,3792
DA:58,21871
DA:59,3792
DA:63,2
DA:71,4
DA:72,4
DA:73,4
DA:74,4
DA:75,4
DA:76,4
DA:77,1153806
DA:78,1153806
DA:79,1153806
DA:82,1153806
DA:87,73017
DA:89,73017
DA:90,73013
DA:92,73013
DA:93,73013
DA:94,73013
DA:96,73017
DA:97,73017
DA:98,73017
DA:101,1080789
DA:102,1080789
DA:104,729858
DA:105,729858
DA:106,73013
DA:107,73013
DA:108,73013
DA:109,73013
DA:112,4
DA:116,2
DA:117,2
DA:118,2
DA:119,2
DA:120,67
DA:122,2
DA:123,2
DA:124,2
DA:125,376830
DA:126,376830
DA:127,376830
DA:129,376830
DA:131,376830
DA:136,120120
DA:138,120120
DA:139,120118
DA:141,120118
DA:142,120118
DA:143,120118
DA:145,120120
DA:146,120120
DA:147,120120
DA:150,256710
DA:151,256710
DA:153,161574
DA:154,161574
DA:155,120118
DA:156,120118
DA:157,120118
DA:158,120118
DA:161,2
DA:165,376830
DA:166,376830
DA:167,376830
DA:168,5400117
DA:169,3477791
DA:170,7890217
DA:172,376830
DA:173,376830
DA:174,1745944
DA:175,1745944
DA:177,376830
DA:181,0
DA:182,0
DA:183,0
DA:184,0
DA:185,0
DA:186,0
DA:187,0
DA:189,0
DA:190,0
DA:191,0
DA:192,0
DA:195,0
DA:196,0
DA:197,0
DA:200,0
DA:201,0
DA:202,0
DA:203,0
DA:205,0
DA:206,0
DA:207,0
DA:208,0
DA:209,0
DA:213,0
DA:214,0
DA:215,0
DA:216,0
DA:217,0
DA:218,0
DA:222,0
DA:223,0
DA:224,0
DA:225,0
DA:226,0
DA:229,0
DA:233,2
DA:243,159
DA:244,159
DA:245,159
DA:246,159
DA:250,193132
DA:251,193132
DA:255,193132
DA:264,73017
DA:265,73017
DA:269,3792
DA:271,3792
DA:272,17081718
DA:277,13241666
LF:151
LH:116
BRDA:30,0,0,2
BRDA:30,0,1,2
BRDA:32,1,0,2
BRDA:82,2,0,73017
BRDA:83,3,0,1153806
BRDA:83,3,1,1153806
BRDA:83,3,2,1152886
BRDA:89,4,0,73013
BRDA:93,5,0,73013
BRDA:93,5,1,42
BRDA:102,6,0,350931
BRDA:105,7,0,656845
BRDA:131,8,0,120120
BRDA:132,9,0,376830
BRDA:132,9,1,266338
BRDA:132,9,2,266338
BRDA:138,10,0,120118
BRDA:142,11,0,120118
BRDA:142,11,1,42
BRDA:151,12,0,95136
BRDA:154,13,0,41456
BRDA:174,14,0,1745944
BRDA:174,14,1,155190
BRDA:195,15,0,0
BRDA:195,16,0,0
BRDA:195,16,1,0
BRDA:196,17,0,0
BRDA:200,18,0,0
BRDA:213,19,0,0
BRDA:214,20,0,0
BRDA:214,21,0,0
BRDA:214,21,1,0
BRF:32
BRH:23
end_of_record
TN:
SF:src\2022\16\volcanoTunnelsSearch.ts
FN:7,(anonymous_0)
FN:11,(anonymous_1)
FN:17,(anonymous_2)
FN:37,(anonymous_3)
FN:41,(anonymous_4)
FN:43,(anonymous_5)
FN:52,(anonymous_6)
FNF:7
FNH:7
FNDA:7,(anonymous_0)
FNDA:7,(anonymous_1)
FNDA:165174,(anonymous_2)
FNDA:24203,(anonymous_3)
FNDA:10358,(anonymous_4)
FNDA:24196,(anonymous_5)
FNDA:24407,(anonymous_6)
DA:1,2
DA:4,2
DA:8,7
DA:12,7
DA:13,211
DA:14,211
DA:16,211
DA:17,165174
DA:20,211
DA:22,211
DA:23,24196
DA:25,24196
DA:26,10147
DA:27,2805
DA:30,10147
DA:31,10147
DA:38,24203
DA:42,10358
DA:43,24196
DA:48,2
DA:49,24407
DA:53,24407
DA:54,24407
LF:23
LH:23
BRDA:25,0,0,10147
BRDA:26,1,0,2805
BRF:2
BRH:2
end_of_record
TN:
SF:src\2022\17\17.1.ts
FN:4,calculateTetrisHeight
FNF:1
FNH:1
FNDA:4,calculateTetrisHeight
DA:1,2
DA:2,2
DA:4,2
DA:8,4
DA:10,4
DA:12,4
DA:13,4
DA:14,4
LF:8
LH:8
BRF:0
BRH:0
end_of_record
TN:
SF:src\2022\17\tetris.ts
FN:6,(anonymous_0)
FN:13,(anonymous_1)
FN:59,(anonymous_2)
FN:90,(anonymous_3)
FN:92,(anonymous_4)
FN:98,(anonymous_5)
FN:118,(anonymous_6)
FN:146,(anonymous_7)
FN:160,(anonymous_8)
FN:166,(anonymous_9)
FN:177,(anonymous_10)
FNF:11
FNH:11
FNDA:8,(anonymous_0)
FNDA:7,(anonymous_1)
FNDA:15998379,(anonymous_2)
FNDA:2,(anonymous_3)
FNDA:40,(anonymous_4)
FNDA:7674,(anonymous_5)
FNDA:88534,(anonymous_6)
FNDA:7674,(anonymous_7)
FNDA:15347,(anonymous_8)
FNDA:638834,(anonymous_9)
FNDA:337825,(anonymous_10)
DA:1,2
DA:3,2
DA:4,2
DA:7,8
DA:14,7
DA:15,7
DA:16,7
DA:18,7
DA:19,7674
DA:20,7674
DA:22,7674
DA:23,7674
DA:25,7674
DA:28,7674
DA:29,44267
DA:30,44267
DA:31,44267
DA:32,44267
DA:39,44267
DA:40,33823
DA:43,44267
DA:51,44267
DA:52,7674
DA:53,7674
DA:55,36593
DA:58,7674
DA:60,15998379
DA:62,7674
DA:63,4
DA:64,4
DA:66,4
DA:67,4
DA:68,4
DA:69,4
DA:70,4
DA:72,4
DA:74,4
DA:75,4
DA:78,7670
DA:87,3
DA:91,2
DA:93,40
DA:103,7674
DA:104,19951
DA:105,19951
DA:106,46051
DA:107,46051
DA:108,33767
DA:109,33767
DA:110,33767
DA:112,33767
DA:125,88534
DA:126,213456
DA:127,213456
DA:128,435479
DA:129,435479
DA:130,337825
DA:131,337825
DA:132,337825
DA:135,337825
DA:136,337825
DA:137,18118
DA:143,70416
DA:147,7674
DA:149,7674
DA:150,7674
DA:154,12269
DA:157,7674
DA:162,15347
DA:163,98266
DA:164,98266
DA:166,638834
DA:168,98266
DA:169,82919
DA:171,15347
DA:174,15347
DA:178,337825
DA:182,2
LF:78
LH:78
BRDA:31,0,0,22223
BRDA:31,0,1,22044
BRDA:39,1,0,33823
BRDA:51,2,0,7674
BRDA:51,2,1,36593
BRDA:60,3,0,15998379
BRDA:60,3,1,3196606
BRDA:62,4,0,4
BRDA:107,5,0,12284
BRDA:108,6,0,33767
BRDA:129,7,0,97654
BRDA:130,8,0,337825
BRDA:136,9,0,18118
BRDA:168,10,0,82919
BRDA:168,10,1,15347
BRDA:178,11,0,337825
BRDA:178,11,1,326080
BRDA:178,11,2,326071
BRF:18
BRH:18
end_of_record
TN:
SF:src\2022\18\18.ts
FN:5,calculateConnectedCubes
FNF:1
FNH:1
FNDA:4,calculateConnectedCubes
DA:1,2
DA:2,2
DA:5,2
DA:10,4
DA:12,4
DA:14,4
DA:15,4298
DA:17,4
DA:18,2
DA:21,4
DA:22,4
LF:11
LH:11
BRDA:17,0,0,2
BRF:1
BRH:1
end_of_record
TN:
SF:src\2022\18\lavaMap.ts
FN:7,(anonymous_0)
FN:27,(anonymous_1)
FN:40,(anonymous_2)
FN:42,(anonymous_3)
FN:43,(anonymous_4)
FN:53,(anonymous_5)
FN:64,(anonymous_6)
FN:72,(anonymous_7)
FN:73,(anonymous_8)
FN:81,(anonymous_9)
FN:91,(anonymous_10)
FN:96,(anonymous_11)
FN:98,(anonymous_12)
FN:111,(anonymous_13)
FN:119,(anonymous_14)
FNF:15
FNH:15
FNDA:10,(anonymous_0)
FNDA:4324,(anonymous_1)
FNDA:4,(anonymous_2)
FNDA:9091,(anonymous_3)
FNDA:2710,(anonymous_4)
FNDA:6548,(anonymous_5)
FNDA:9091,(anonymous_6)
FNDA:7448,(anonymous_7)
FNDA:44688,(anonymous_8)
FNDA:13953,(anonymous_9)
FNDA:83718,(anonymous_10)
FNDA:5406,(anonymous_11)
FNDA:32375,(anonymous_12)
FNDA:18199,(anonymous_13)
FNDA:6926,(anonymous_14)
DA:1,2
DA:8,10
DA:10,10
DA:11,79
DA:12,79
DA:13,1061
DA:14,1061
DA:15,18199
DA:17,1061
DA:19,79
DA:23,10
DA:28,4324
DA:30,4324
DA:31,4324
DA:32,4324
DA:34,4324
DA:35,4324
DA:36,4324
DA:37,4324
DA:41,4
DA:42,9091
DA:43,4
DA:44,2710
DA:47,4
DA:48,29
DA:49,393
DA:50,6353
DA:51,6353
DA:52,1099
DA:53,6548
DA:54,1099
DA:55,17
DA:56,17
DA:64,9091
DA:65,4
DA:66,1082
DA:67,1082
DA:73,44688
DA:74,7448
DA:75,7431
DA:76,7431
DA:82,13953
DA:83,13953
DA:84,13953
DA:85,13953
DA:86,13953
DA:87,13953
DA:88,13953
DA:91,83718
DA:98,32375
DA:112,18199
DA:113,18199
DA:114,18199
DA:115,18199
DA:116,18199
DA:120,6926
LF:56
LH:56
BRDA:42,0,0,9091
BRDA:42,0,1,6926
BRDA:51,1,0,1099
BRDA:51,2,0,6353
BRDA:51,2,1,4216
BRDA:54,3,0,17
BRDA:64,4,0,9091
BRDA:64,4,1,3247
BRDA:73,5,0,44688
BRDA:73,5,1,10780
BRDA:120,6,0,6926
BRDA:120,6,1,6405
BRDA:120,6,2,5885
BRDA:120,6,3,5437
BRDA:120,6,4,4992
BRDA:120,6,5,4603
BRF:16
BRH:16
end_of_record
TN:
SF:src\2022\19\19.1.ts
FN:6,sumOfQualityLevels
FNF:1
FNH:1
FNDA:2,sumOfQualityLevels
DA:1,1
DA:2,1
DA:3,1
DA:6,1
DA:9,2
DA:11,2
DA:13,2
DA:14,32
DA:15,32
DA:19,2
DA:20,2
LF:11
LH:11
BRF:0
BRH:0
end_of_record
TN:
SF:src\2022\19\19.2.ts
FN:6,firstGeodesMultiplied
FN:24,(anonymous_1)
FNF:2
FNH:2
FNDA:2,firstGeodesMultiplied
FNDA:5,(anonymous_1)
DA:1,1
DA:2,1
DA:3,1
DA:6,1
DA:11,2
DA:13,2
DA:15,2
DA:16,2
DA:17,6
DA:18,5
DA:19,5
DA:23,2
DA:24,5
DA:25,2
LF:14
LH:14
BRDA:17,0,0,1
BRF:1
BRH:1
end_of_record
TN:
SF:src\2022\19\blueprint.ts
FN:8,(anonymous_0)
FN:36,(anonymous_1)
FN:37,(anonymous_2)
FN:40,(anonymous_3)
FN:46,(anonymous_4)
FN:50,(anonymous_5)
FN:54,(anonymous_6)
FN:59,(anonymous_7)
FN:73,(anonymous_8)
FN:80,(anonymous_9)
FN:88,(anonymous_10)
FN:96,(anonymous_11)
FN:104,(anonymous_12)
FNF:13
FNH:13
FNDA:53,(anonymous_0)
FNDA:1810298,(anonymous_1)
FNDA:7241192,(anonymous_2)
FNDA:633077,(anonymous_3)
FNDA:42,(anonymous_4)
FNDA:32,(anonymous_5)
FNDA:544146,(anonymous_6)
FNDA:6529752,(anonymous_7)
FNDA:237,(anonymous_8)
FNDA:65,(anonymous_9)
FNDA:60,(anonymous_10)
FNDA:57,(anonymous_11)
FNDA:55,(anonymous_12)
DA:1,2
DA:3,2
DA:6,53
DA:9,53
DA:11,53
DA:12,53
DA:14,53
DA:15,53
DA:16,53
DA:18,53
DA:19,53
DA:20,53
DA:22,53
DA:23,53
DA:25,53
DA:26,53
DA:27,53
DA:31,53
DA:32,53
DA:33,53
DA:37,7241192
DA:42,633077
DA:43,633077
DA:47,42
DA:51,32
DA:55,544146
DA:56,544146
DA:57,544146
DA:58,1632438
DA:59,6529752
DA:60,1632438
DA:61,450435
DA:65,544146
DA:69,2
DA:74,237
DA:75,237
DA:79,2
DA:81,65
DA:82,65
DA:83,65
DA:87,2
DA:89,60
DA:90,60
DA:91,60
DA:95,2
DA:97,57
DA:98,57
DA:99,57
DA:103,2
DA:105,55
DA:106,55
DA:107,55
LF:52
LH:52
BRDA:60,0,0,450435
BRF:1
BRH:1
end_of_record
TN:
SF:src\2022\19\resources.ts
FN:14,(anonymous_0)
FN:21,(anonymous_1)
FN:26,(anonymous_2)
FN:31,(anonymous_3)
FN:36,(anonymous_4)
FN:40,(anonymous_5)
FN:44,(anonymous_6)
FNF:7
FNH:6
FNDA:42278282,(anonymous_0)
FNDA:7073898,(anonymous_1)
FNDA:37702497,(anonymous_2)
FNDA:1117890,(anonymous_3)
FNDA:7241192,(anonymous_4)
FNDA:633077,(anonymous_5)
FNDA:0,(anonymous_6)
DA:8,2
DA:15,42278282
DA:16,42278282
DA:17,42278282
DA:18,42278282
DA:22,7073898
DA:28,37702497
DA:33,1117890
DA:37,7241192
DA:41,633077
DA:45,0
LF:11
LH:10
BRDA:15,0,0,42278282
BRDA:15,0,1,2824500
BRDA:16,1,0,42278282
BRDA:16,1,1,2824694
BRDA:17,2,0,42278282
BRDA:17,2,1,2824701
BRDA:18,3,0,42278282
BRDA:18,3,1,2824761
BRDA:37,4,0,7241192
BRDA:37,4,1,6436321
BRDA:37,4,2,6253320
BRDA:37,4,3,5327576
BRF:12
BRH:12
end_of_record
TN:
SF:src\2022\19\robotOptimizer.ts
FN:11,(anonymous_0)
FN:14,(anonymous_1)
FN:30,(anonymous_2)
FN:43,(anonymous_3)
FN:45,(anonymous_4)
FN:59,(anonymous_5)
FN:64,(anonymous_6)
FN:73,(anonymous_7)
FN:96,(anonymous_8)
FN:100,(anonymous_9)
FN:129,(anonymous_10)
FN:140,(anonymous_11)
FN:144,(anonymous_12)
FN:146,(anonymous_13)
FNF:14
FNH:14
FNDA:9,(anonymous_0)
FNDA:42,(anonymous_1)
FNDA:1102919,(anonymous_2)
FNDA:2,(anonymous_3)
FNDA:32,(anonymous_4)
FNDA:1102970,(anonymous_5)
FNDA:633075,(anonymous_6)
FNDA:1838460,(anonymous_7)
FNDA:1494529,(anonymous_8)
FNDA:644135,(anonymous_9)
FNDA:573745,(anonymous_10)
FNDA:633075,(anonymous_11)
FNDA:2824285,(anonymous_12)
FNDA:37069422,(anonymous_13)
DA:9,2
DA:11,2
DA:12,9
DA:15,42
DA:17,42
DA:18,42
DA:19,42
DA:21,42
DA:22,633414
DA:23,633414
DA:24,343
DA:27,633071
DA:31,1102919
DA:36,633071
DA:39,42
DA:40,42
DA:44,2
DA:45,32
DA:51,2
DA:53,1102970
DA:57,2
DA:60,1102970
DA:61,1102970
DA:65,633075
DA:67,633074
DA:68,633074
DA:70,633074
DA:71,633074
DA:73,1838460
DA:75,633074
DA:76,88929
DA:80,88929
DA:83,544145
DA:87,544145
DA:88,282016
DA:89,282016
DA:92,544145
DA:95,544145
DA:96,1494529
DA:99,544145
DA:100,644135
DA:104,544145
DA:105,484816
DA:107,484816
DA:109,484816
DA:110,373859
DA:111,373859
DA:112,373859
DA:115,484816
DA:117,544145
DA:118,529178
DA:122,529178
DA:123,529178
DA:126,544145
DA:130,573745
DA:131,573745
DA:135,573745
DA:136,573745
DA:137,573745
DA:141,633075
DA:145,2824285
DA:146,37069422
LF:62
LH:62
BRDA:14,0,0,35
BRDA:23,1,0,343
BRDA:23,1,1,633071
BRDA:65,2,0,1
BRDA:75,3,0,88929
BRDA:87,4,0,544145
BRDA:87,4,1,372412
BRDA:109,5,0,373859
BRDA:117,6,0,529178
BRF:9
BRH:9
end_of_record
TN:
SF:src\2022\2\2.1.ts
FN:4,rockPaperScissorsScoreCounter
FNF:1
FNH:1
FNDA:1,rockPaperScissorsScoreCounter
DA:1,1
DA:2,1
DA:4,1
DA:7,1
DA:9,1
DA:11,1
DA:13,1
DA:14,2500
DA:15,2500
DA:17,2500
DA:18,2500
DA:20,2500
DA:21,2500
DA:24,1
DA:25,1
LF:15
LH:15
BRDA:5,0,0,0
BRF:1
BRH:0
end_of_record
TN:
SF:src\2022\2\2.2.ts
FN:7,rockPaperScissorsScoreCounter2
FNF:1
FNH:1
FNDA:1,rockPaperScissorsScoreCounter2
DA:1,1
DA:3,1
DA:5,1
DA:7,1
DA:10,1
DA:12,1
DA:14,1
DA:15,1
DA:17,1
DA:18,2500
DA:20,2500
DA:22,2500
DA:24,2500
DA:27,2500
DA:28,2500
DA:29,2500
DA:32,1
DA:33,1
LF:18
LH:18
BRDA:8,0,0,0
BRF:1
BRH:0
end_of_record
TN:
SF:src\2022\2\RoundResult.ts
FN:5,(anonymous_0)
FN:9,(anonymous_1)
FN:13,(anonymous_2)
FNF:3
FNH:3
FNDA:3262,(anonymous_0)
FNDA:5063,(anonymous_1)
FNDA:3252,(anonymous_2)
DA:1,2
DA:5,2
DA:6,3262
DA:9,2
DA:10,5063
DA:13,2
DA:14,3252
LF:7
LH:7
BRF:0
BRH:0
end_of_record
TN:
SF:src\2022\2\RoundResultFactory.ts
FN:8,(anonymous_0)
FN:11,(anonymous_1)
FN:21,(anonymous_2)
FN:35,(anonymous_3)
FN:39,(anonymous_4)
FN:47,(anonymous_5)
FN:51,(anonymous_6)
FN:59,(anonymous_7)
FN:63,(anonymous_8)
FNF:9
FNH:9
FNDA:1,(anonymous_0)
FNDA:1,(anonymous_1)
FNDA:2500,(anonymous_2)
FNDA:1,(anonymous_3)
FNDA:771,(anonymous_4)
FNDA:1,(anonymous_5)
FNDA:1178,(anonymous_6)
FNDA:1,(anonymous_7)
FNDA:551,(anonymous_8)
DA:1,1
DA:8,1
DA:12,1
DA:15,1
DA:22,2500
DA:23,2500
DA:24,2500
DA:36,1
DA:40,771
DA:48,1
DA:52,1178
DA:60,1
DA:64,551
LF:13
LH:13
BRDA:12,0,0,1
BRDA:12,0,1,1
BRDA:36,1,0,1
BRDA:36,1,1,1
BRDA:48,2,0,1
BRDA:48,2,1,1
BRDA:60,3,0,1
BRDA:60,3,1,1
BRF:8
BRH:8
end_of_record
TN:
SF:src\2022\2\handShape.ts
FN:21,(anonymous_0)
FN:34,(anonymous_1)
FN:44,(anonymous_2)
FN:49,(anonymous_3)
FN:58,(anonymous_4)
FN:61,(anonymous_5)
FN:68,(anonymous_6)
FN:71,(anonymous_7)
FN:78,(anonymous_8)
FN:81,(anonymous_9)
FNF:10
FNH:9
FNDA:0,(anonymous_0)
FNDA:2500,(anonymous_1)
FNDA:5000,(anonymous_2)
FNDA:2500,(anonymous_3)
FNDA:5660,(anonymous_4)
FNDA:5097,(anonymous_5)
FNDA:4479,(anonymous_6)
FNDA:2217,(anonymous_7)
FNDA:4861,(anonymous_8)
FNDA:1763,(anonymous_9)
DA:1,2
DA:6,2
DA:13,2
DA:22,0
DA:23,0
DA:25,0
DA:26,0
DA:35,2500
DA:36,4077
DA:38,4077
DA:39,2500
DA:45,5000
DA:46,5000
DA:50,2500
DA:58,2
DA:59,5660
DA:62,5097
DA:63,2616
DA:64,1324
DA:68,2
DA:69,4479
DA:72,2217
DA:73,1571
DA:74,1061
DA:78,2
DA:79,4861
DA:82,1763
DA:83,1625
DA:84,894
LF:29
LH:25
BRDA:25,0,0,0
BRDA:38,1,0,2500
BRDA:62,2,0,2481
BRDA:63,3,0,1292
BRDA:64,4,0,1324
BRDA:72,5,0,646
BRDA:73,6,0,510
BRDA:74,7,0,1061
BRDA:82,8,0,138
BRDA:83,9,0,731
BRDA:84,10,0,894
BRF:11
BRH:10
end_of_record
TN:
SF:src\2022\2\handShapeFactory.ts
FN:8,(anonymous_0)
FN:11,(anonymous_1)
FN:24,(anonymous_2)
FN:38,(anonymous_3)
FN:42,(anonymous_4)
FN:50,(anonymous_5)
FN:54,(anonymous_6)
FN:62,(anonymous_7)
FN:66,(anonymous_8)
FNF:9
FNH:9
FNDA:2,(anonymous_0)
FNDA:2,(anonymous_1)
FNDA:7500,(anonymous_2)
FNDA:2504,(anonymous_3)
FNDA:5660,(anonymous_4)
FNDA:2504,(anonymous_5)
FNDA:4479,(anonymous_6)
FNDA:2504,(anonymous_7)
FNDA:4861,(anonymous_8)
DA:1,2
DA:8,2
DA:12,2
DA:15,2
DA:25,7500
DA:26,7500
DA:27,7500
DA:35,2
DA:39,2504
DA:43,5660
DA:47,2
DA:51,2504
DA:55,4479
DA:59,2
DA:63,2504
DA:67,4861
LF:16
LH:16
BRDA:12,0,0,2
BRDA:12,0,1,2
BRDA:39,1,0,2504
BRDA:39,1,1,2
BRDA:51,2,0,2504
BRDA:51,2,1,2
BRDA:63,3,0,2504
BRDA:63,3,1,2
BRF:8
BRH:8
end_of_record
TN:
SF:src\2022\20\20.ts
FN:4,sumOfQualityLevels
FN:23,(anonymous_1)
FNF:2
FNH:2
FNDA:4,sumOfQualityLevels
FNDA:8,(anonymous_1)
DA:1,2
DA:2,2
DA:4,2
DA:10,4
DA:12,4
DA:14,4
DA:15,10014
DA:17,4
DA:18,4
DA:19,22
DA:22,4
DA:23,8
DA:24,4
LF:13
LH:13
BRF:0
BRH:0
end_of_record
TN:
SF:src\2022\20\mixingDecoder.ts
FN:6,(anonymous_0)
FN:10,(anonymous_1)
FN:21,(anonymous_2)
FN:29,(anonymous_3)
FN:48,(anonymous_4)
FN:49,(anonymous_5)
FN:50,(anonymous_6)
FN:71,(anonymous_7)
FN:75,(anonymous_8)
FN:80,(anonymous_9)
FN:85,(anonymous_10)
FN:107,(anonymous_11)
FN:129,(anonymous_12)
FN:132,(anonymous_13)
FN:136,(anonymous_14)
FN:140,(anonymous_15)
FN:142,(anonymous_16)
FN:144,(anonymous_17)
FN:152,(anonymous_18)
FN:158,(anonymous_19)
FN:159,(anonymous_20)
FNF:21
FNH:19
FNDA:11,(anonymous_0)
FNDA:10043,(anonymous_1)
FNDA:11,(anonymous_2)
FNDA:24,(anonymous_3)
FNDA:5,(anonymous_4)
FNDA:788,(anonymous_5)
FNDA:10,(anonymous_6)
FNDA:44,(anonymous_7)
FNDA:21,(anonymous_8)
FNDA:50,(anonymous_9)
FNDA:17,(anonymous_10)
FNDA:1,(anonymous_11)
FNDA:10014,(anonymous_12)
FNDA:0,(anonymous_13)
FNDA:0,(anonymous_14)
FNDA:4,(anonymous_15)
FNDA:10010,(anonymous_16)
FNDA:55077,(anonymous_17)
FNDA:4,(anonymous_18)
FNDA:782,(anonymous_19)
FNDA:8,(anonymous_20)
DA:1,2
DA:2,11
DA:7,11
DA:11,10043
DA:12,10043
DA:13,10043
DA:15,10032
DA:16,10032
DA:18,10043
DA:22,11
DA:24,11
DA:25,11
DA:26,11
DA:30,24
DA:32,55091
DA:35,55091
DA:36,27931
DA:39,27160
DA:40,27160
DA:44,55091
DA:49,788
DA:50,10
DA:52,5
DA:66,2
DA:72,44
DA:76,21
DA:77,21
DA:81,50
DA:82,50
DA:86,17
DA:87,14
DA:90,17
DA:91,17
DA:92,7
DA:93,13
DA:95,7
DA:96,7
DA:97,7
DA:98,10
DA:99,7
DA:100,15
DA:102,7
DA:103,7
DA:111,1
DA:113,1
DA:114,1
DA:115,1
DA:116,3
DA:117,3000
DA:119,3
DA:122,1
DA:126,2
DA:130,10014
DA:133,0
DA:137,0
DA:145,55077
DA:146,55077
DA:148,55077
DA:149,55077
DA:156,4
DA:158,782
DA:159,8
DA:161,4
DA:162,4
DA:164,12
DA:165,12
DA:167,4
LF:67
LH:65
BRDA:6,0,0,6
BRDA:10,1,0,29
BRDA:12,2,0,29
BRDA:12,2,1,10014
BRDA:13,3,0,10032
BRDA:35,4,0,27931
BRDA:35,4,1,27160
BRDA:41,5,0,13562
BRDA:41,5,1,13598
BRDA:86,6,0,14
BRDA:91,7,0,7
BRDA:91,7,1,10
BRDA:95,8,0,0
BRDA:98,9,0,7
BRF:14
BRH:13
end_of_record
TN:
SF:src\2022\21\21.1.ts
FN:5,rootMonkeyYell
FNF:1
FNH:1
FNDA:2,rootMonkeyYell
DA:1,1
DA:2,1
DA:5,1
DA:8,2
DA:10,2
DA:12,2
DA:13,2326
DA:17,2
DA:18,2
LF:9
LH:9
BRF:0
BRH:0
end_of_record
TN:
SF:src\2022\21\21.2.ts
FN:5,yourYell
FNF:1
FNH:1
FNDA:2,yourYell
DA:1,1
DA:2,1
DA:5,1
DA:8,2
DA:10,2
DA:12,2
DA:13,2326
DA:17,2
DA:18,2
LF:9
LH:9
BRF:0
BRH:0
end_of_record
TN:
SF:src\2022\21\binom.ts
FN:5,(anonymous_0)
FN:10,(anonymous_1)
FN:14,(anonymous_2)
FN:18,(anonymous_3)
FN:25,(anonymous_4)
FN:33,(anonymous_5)
FNF:6
FNH:6
FNDA:4695,(anonymous_0)
FNDA:873,(anonymous_1)
FNDA:169,(anonymous_2)
FNDA:1148,(anonymous_3)
FNDA:146,(anonymous_4)
FNDA:3,(anonymous_5)
DA:1,2
DA:6,4695
DA:7,4695
DA:11,873
DA:15,169
DA:19,1148
DA:26,146
DA:27,145
DA:29,1
DA:34,3
LF:10
LH:10
BRDA:5,0,0,2341
BRDA:26,1,0,145
BRDA:26,1,1,1
BRF:3
BRH:3
end_of_record
TN:
SF:src\2022\21\monkeyYellers.ts
FN:6,(anonymous_0)
FN:10,(anonymous_1)
FN:27,(anonymous_2)
FN:32,(anonymous_3)
FN:48,(anonymous_4)
FN:51,(anonymous_5)
FN:62,(anonymous_6)
FN:68,(anonymous_7)
FN:100,(anonymous_8)
FN:111,(anonymous_9)
FN:114,(anonymous_10)
FNF:11
FNH:11
FNDA:5,(anonymous_0)
FNDA:4697,(anonymous_1)
FNDA:3,(anonymous_2)
FNDA:2,(anonymous_3)
FNDA:2352,(anonymous_4)
FNDA:2334,(anonymous_5)
FNDA:2345,(anonymous_6)
FNDA:2329,(anonymous_7)
FNDA:2,(anonymous_8)
FNDA:2,(anonymous_9)
FNDA:2,(anonymous_10)
DA:1,2
DA:3,2
DA:7,5
DA:11,4697
DA:13,4697
DA:14,4697
DA:15,2352
DA:16,2352
DA:17,2352
DA:20,2345
DA:23,2345
DA:24,2345
DA:28,3
DA:29,3
DA:33,2
DA:34,2
DA:37,2
DA:45,2
DA:49,2352
DA:52,2334
DA:56,2
DA:63,2345
DA:64,2345
DA:65,2345
DA:69,2329
DA:71,2329
DA:72,2329
DA:74,2329
DA:76,872
DA:79,872
DA:81,168
DA:84,168
DA:86,1146
DA:89,1146
DA:91,143
DA:94,143
DA:97,2329
DA:101,2
DA:102,2
DA:104,2
DA:108,2
DA:112,2
DA:115,2
LF:43
LH:43
BRDA:14,0,0,2352
BRDA:69,1,0,0
BRDA:74,2,0,872
BRDA:74,2,1,168
BRDA:74,2,2,1146
BRDA:74,2,3,143
BRF:6
BRH:5
end_of_record
TN:
SF:src\2022\22\22.ts
FN:6,jungleEndPos
FNF:1
FNH:1
FNDA:4,jungleEndPos
DA:1,2
DA:2,2
DA:3,2
DA:4,2
DA:6,2
DA:10,4
DA:12,4
DA:13,4
DA:15,4
DA:16,432
DA:18,4
DA:19,4
DA:21,4
DA:22,4
DA:23,4
DA:24,4
DA:26,4
DA:27,4
LF:18
LH:18
BRDA:12,0,0,2
BRDA:12,0,1,2
BRF:2
BRH:2
end_of_record
TN:
SF:src\2022\22\cellsMonkeyMap.ts
FN:7,(anonymous_0)
FN:17,(anonymous_1)
FN:21,(anonymous_2)
FN:25,(anonymous_3)
FN:33,(anonymous_4)
FN:37,(anonymous_5)
FN:43,(anonymous_6)
FN:47,(anonymous_7)
FN:53,(anonymous_8)
FN:57,(anonymous_9)
FNF:10
FNH:9
FNDA:70706,(anonymous_0)
FNDA:25320,(anonymous_1)
FNDA:36174,(anonymous_2)
FNDA:0,(anonymous_3)
FNDA:45386,(anonymous_4)
FNDA:76084,(anonymous_5)
FNDA:40840,(anonymous_6)
FNDA:29932,(anonymous_7)
FNDA:4546,(anonymous_8)
FNDA:3823,(anonymous_9)
DA:3,2
DA:8,70706
DA:9,70706
DA:16,2
DA:18,25320
DA:22,36174
DA:26,0
DA:30,2
DA:34,45386
DA:38,76084
DA:42,2
DA:44,40840
DA:48,29932
DA:52,2
DA:54,4546
DA:58,3823
LF:16
LH:15
BRF:0
BRH:0
end_of_record
TN:
SF:src\2022\22\cubeSide.ts
FN:4,(anonymous_0)
FN:13,(anonymous_1)
FN:26,(anonymous_2)
FN:30,(anonymous_3)
FN:33,(anonymous_4)
FN:36,(anonymous_5)
FN:39,(anonymous_6)
FN:47,(anonymous_7)
FN:51,(anonymous_8)
FN:54,(anonymous_9)
FN:57,(anonymous_10)
FN:60,(anonymous_11)
FN:68,(anonymous_12)
FN:72,(anonymous_13)
FN:75,(anonymous_14)
FN:78,(anonymous_15)
FN:81,(anonymous_16)
FN:89,(anonymous_17)
FN:93,(anonymous_18)
FN:96,(anonymous_19)
FN:99,(anonymous_20)
FN:102,(anonymous_21)
FN:110,(anonymous_22)
FN:114,(anonymous_23)
FN:117,(anonymous_24)
FN:120,(anonymous_25)
FN:123,(anonymous_26)
FN:131,(anonymous_27)
FN:135,(anonymous_28)
FN:138,(anonymous_29)
FN:141,(anonymous_30)
FN:144,(anonymous_31)
FNF:32
FNH:32
FNDA:4595,(anonymous_0)
FNDA:1830,(anonymous_1)
FNDA:842,(anonymous_2)
FNDA:145,(anonymous_3)
FNDA:9,(anonymous_4)
FNDA:21,(anonymous_5)
FNDA:345,(anonymous_6)
FNDA:519,(anonymous_7)
FNDA:231,(anonymous_8)
FNDA:104,(anonymous_9)
FNDA:130,(anonymous_10)
FNDA:525,(anonymous_11)
FNDA:742,(anonymous_12)
FNDA:145,(anonymous_13)
FNDA:42,(anonymous_14)
FNDA:131,(anonymous_15)
FNDA:166,(anonymous_16)
FNDA:1489,(anonymous_17)
FNDA:117,(anonymous_18)
FNDA:62,(anonymous_19)
FNDA:95,(anonymous_20)
FNDA:177,(anonymous_21)
FNDA:503,(anonymous_22)
FNDA:230,(anonymous_23)
FNDA:158,(anonymous_24)
FNDA:212,(anonymous_25)
FNDA:260,(anonymous_26)
FNDA:570,(anonymous_27)
FNDA:344,(anonymous_28)
FNDA:255,(anonymous_29)
FNDA:316,(anonymous_30)
FNDA:375,(anonymous_31)
DA:1,3
DA:3,3
DA:5,4595
DA:14,1830
DA:15,4525
DA:16,4525
DA:17,1830
DA:23,3
DA:27,842
DA:31,145
DA:34,9
DA:37,21
DA:40,345
DA:44,3
DA:48,519
DA:52,231
DA:55,104
DA:58,130
DA:61,525
DA:65,3
DA:69,742
DA:73,145
DA:76,42
DA:79,131
DA:82,166
DA:86,3
DA:90,1489
DA:94,117
DA:97,62
DA:100,95
DA:103,177
DA:107,3
DA:111,503
DA:115,230
DA:118,158
DA:121,212
DA:124,260
DA:128,3
DA:132,570
DA:136,344
DA:139,255
DA:142,316
DA:145,375
LF:43
LH:43
BRDA:16,0,0,1830
BRDA:27,1,0,842
BRDA:27,1,1,2
BRDA:48,2,0,519
BRDA:48,2,1,1
BRDA:69,3,0,742
BRDA:69,3,1,2
BRDA:90,4,0,1489
BRDA:90,4,1,2
BRDA:111,5,0,503
BRDA:111,5,1,2
BRDA:132,6,0,570
BRDA:132,6,1,2
BRF:13
BRH:13
end_of_record
TN:
SF:src\2022\22\direction.ts
FN:6,(anonymous_0)
FN:26,(anonymous_1)
FN:46,(anonymous_2)
FN:61,(anonymous_3)
FN:69,(anonymous_4)
FN:81,(anonymous_5)
FN:85,(anonymous_6)
FN:88,(anonymous_7)
FN:92,(anonymous_8)
FN:96,(anonymous_9)
FN:100,(anonymous_10)
FN:104,(anonymous_11)
FN:108,(anonymous_12)
FN:112,(anonymous_13)
FN:116,(anonymous_14)
FN:124,(anonymous_15)
FN:125,(anonymous_16)
FN:128,(anonymous_17)
FN:132,(anonymous_18)
FN:140,(anonymous_19)
FN:144,(anonymous_20)
FN:147,(anonymous_21)
FN:151,(anonymous_22)
FN:155,(anonymous_23)
FN:159,(anonymous_24)
FN:163,(anonymous_25)
FN:167,(anonymous_26)
FN:171,(anonymous_27)
FN:175,(anonymous_28)
FN:183,(anonymous_29)
FN:187,(anonymous_30)
FN:191,(anonymous_31)
FN:199,(anonymous_32)
FN:203,(anonymous_33)
FN:206,(anonymous_34)
FN:210,(anonymous_35)
FN:214,(anonymous_36)
FN:218,(anonymous_37)
FN:222,(anonymous_38)
FN:226,(anonymous_39)
FN:230,(anonymous_40)
FN:234,(anonymous_41)
FN:242,(anonymous_42)
FN:244,(anonymous_43)
FN:247,(anonymous_44)
FN:251,(anonymous_45)
FN:259,(anonymous_46)
FN:263,(anonymous_47)
FN:266,(anonymous_48)
FN:270,(anonymous_49)
FN:274,(anonymous_50)
FN:278,(anonymous_51)
FN:282,(anonymous_52)
FN:286,(anonymous_53)
FN:290,(anonymous_54)
FN:294,(anonymous_55)
FN:302,(anonymous_56)
FN:307,(anonymous_57)
FN:311,(anonymous_58)
FNF:59
FNH:54
FNDA:1950,(anonymous_0)
FNDA:2678,(anonymous_1)
FNDA:60,(anonymous_2)
FNDA:0,(anonymous_3)
FNDA:20,(anonymous_4)
FNDA:5727,(anonymous_5)
FNDA:513,(anonymous_6)
FNDA:1703,(anonymous_7)
FNDA:81,(anonymous_8)
FNDA:0,(anonymous_9)
FNDA:6,(anonymous_10)
FNDA:24,(anonymous_11)
FNDA:493,(anonymous_12)
FNDA:62,(anonymous_13)
FNDA:7972,(anonymous_14)
FNDA:287,(anonymous_15)
FNDA:13936,(anonymous_16)
FNDA:4165,(anonymous_17)
FNDA:1848,(anonymous_18)
FNDA:4615,(anonymous_19)
FNDA:465,(anonymous_20)
FNDA:2243,(anonymous_21)
FNDA:87,(anonymous_22)
FNDA:2,(anonymous_23)
FNDA:36,(anonymous_24)
FNDA:0,(anonymous_25)
FNDA:355,(anonymous_26)
FNDA:56,(anonymous_27)
FNDA:8050,(anonymous_28)
FNDA:203,(anonymous_29)
FNDA:4138,(anonymous_30)
FNDA:1212,(anonymous_31)
FNDA:4369,(anonymous_32)
FNDA:488,(anonymous_33)
FNDA:1314,(anonymous_34)
FNDA:83,(anonymous_35)
FNDA:2,(anonymous_36)
FNDA:18,(anonymous_37)
FNDA:8,(anonymous_38)
FNDA:445,(anonymous_39)
FNDA:64,(anonymous_40)
FNDA:8107,(anonymous_41)
FNDA:208,(anonymous_42)
FNDA:10262,(anonymous_43)
FNDA:4041,(anonymous_44)
FNDA:905,(anonymous_45)
FNDA:5316,(anonymous_46)
FNDA:514,(anonymous_47)
FNDA:979,(anonymous_48)
FNDA:98,(anonymous_49)
FNDA:0,(anonymous_50)
FNDA:0,(anonymous_51)
FNDA:10,(anonymous_52)
FNDA:449,(anonymous_53)
FNDA:86,(anonymous_54)
FNDA:7318,(anonymous_55)
FNDA:178,(anonymous_56)
FNDA:4850,(anonymous_57)
FNDA:630,(anonymous_58)
DA:5,3
DA:7,1950
DA:27,2678
DA:28,552
DA:30,2126
DA:31,2126
DA:32,717
DA:35,1409
DA:36,1409
DA:37,795
DA:40,614
DA:41,614
DA:42,614
DA:47,60
DA:48,60
DA:49,36
DA:50,0
DA:53,24
DA:54,36
DA:58,60
DA:62,0
DA:63,0
DA:64,0
DA:66,0
DA:70,20
DA:71,20
DA:72,22
DA:74,20
DA:78,3
DA:82,5727
DA:86,513
DA:89,1703
DA:93,81
DA:97,0
DA:101,6
DA:105,24
DA:109,493
DA:113,62
DA:117,7972
DA:118,7916
DA:120,56
DA:125,13936
DA:129,4165
DA:133,1848
DA:137,3
DA:141,4615
DA:145,465
DA:148,2243
DA:152,87
DA:156,2
DA:160,36
DA:164,0
DA:168,355
DA:172,56
DA:176,8050
DA:177,8006
DA:179,44
DA:184,203
DA:188,4138
DA:192,1212
DA:196,3
DA:200,4369
DA:204,488
DA:207,1314
DA:211,83
DA:215,2
DA:219,18
DA:223,8
DA:227,445
DA:231,64
DA:235,8107
DA:236,8048
DA:238,59
DA:243,208
DA:244,10262
DA:248,4041
DA:252,905
DA:256,3
DA:260,5316
DA:264,514
DA:267,979
DA:271,98
DA:275,0
DA:279,0
DA:283,10
DA:287,449
DA:291,86
DA:295,7318
DA:296,7280
DA:298,38
DA:303,178
DA:304,178
DA:308,4850
DA:312,630
LF:94
LH:85
BRDA:27,0,0,552
BRDA:31,1,0,717
BRDA:36,2,0,795
BRDA:41,3,0,614
BRDA:48,4,0,36
BRDA:48,4,1,24
BRDA:82,5,0,5727
BRDA:82,5,1,3
BRDA:117,6,0,7916
BRDA:117,6,1,56
BRDA:141,7,0,4615
BRDA:141,7,1,3
BRDA:176,8,0,8006
BRDA:176,8,1,44
BRDA:200,9,0,4369
BRDA:200,9,1,3
BRDA:235,10,0,8048
BRDA:235,10,1,59
BRDA:260,11,0,5316
BRDA:260,11,1,3
BRDA:295,12,0,7280
BRDA:295,12,1,38
BRF:22
BRH:22
end_of_record
TN:
SF:src\2022\22\monkeyCubeMap.ts
FN:14,(anonymous_0)
FN:17,(anonymous_1)
FN:18,(anonymous_2)
FN:39,(anonymous_3)
FN:54,(anonymous_4)
FN:73,(anonymous_5)
FN:100,(anonymous_6)
FN:101,(anonymous_7)
FN:104,(anonymous_8)
FN:112,(anonymous_9)
FN:120,(anonymous_10)
FN:131,(anonymous_11)
FN:143,(anonymous_12)
FN:155,(anonymous_13)
FN:167,(anonymous_14)
FN:179,(anonymous_15)
FN:185,(anonymous_16)
FN:195,(anonymous_17)
FN:199,(anonymous_18)
FN:200,(anonymous_19)
FN:201,(anonymous_20)
FN:204,(anonymous_21)
FN:205,(anonymous_22)
FN:208,(anonymous_23)
FN:212,(anonymous_24)
FN:216,(anonymous_25)
FN:225,(anonymous_26)
FN:240,(anonymous_27)
FN:258,(anonymous_28)
FN:263,(anonymous_29)
FN:271,(anonymous_30)
FN:291,(anonymous_31)
FN:296,(anonymous_32)
FN:325,(anonymous_33)
FNF:34
FNH:34
FNDA:4,(anonymous_0)
FNDA:4,(anonymous_1)
FNDA:40320,(anonymous_2)
FNDA:4,(anonymous_3)
FNDA:24,(anonymous_4)
FNDA:4,(anonymous_5)
FNDA:30,(anonymous_6)
FNDA:134,(anonymous_7)
FNDA:17194,(anonymous_8)
FNDA:24,(anonymous_9)
FNDA:17194,(anonymous_10)
FNDA:4165,(anonymous_11)
FNDA:4138,(anonymous_12)
FNDA:4041,(anonymous_13)
FNDA:4850,(anonymous_14)
FNDA:17194,(anonymous_15)
FNDA:34,(anonymous_16)
FNDA:8925,(anonymous_17)
FNDA:120,(anonymous_18)
FNDA:182,(anonymous_19)
FNDA:480,(anonymous_20)
FNDA:910,(anonymous_21)
FNDA:2225,(anonymous_22)
FNDA:29,(anonymous_23)
FNDA:20,(anonymous_24)
FNDA:18,(anonymous_25)
FNDA:24,(anonymous_26)
FNDA:30,(anonymous_27)
FNDA:100,(anonymous_28)
FNDA:148,(anonymous_29)
FNDA:44,(anonymous_30)
FNDA:96,(anonymous_31)
FNDA:871,(anonymous_32)
FNDA:876,(anonymous_33)
DA:2,2
DA:3,2
DA:10,2
DA:11,2
DA:14,2
DA:15,4
DA:18,40320
DA:19,4
DA:21,4
DA:23,4
DA:25,4
DA:27,4
DA:28,4
DA:30,4
DA:31,24
DA:32,30
DA:33,30
DA:34,30
DA:40,4
DA:41,424
DA:42,424
DA:43,40320
DA:44,40320
DA:45,30192
DA:46,30192
DA:47,24
DA:55,24
DA:56,24
DA:57,24
DA:58,24
DA:59,24
DA:60,648
DA:61,648
DA:62,30192
DA:63,30192
DA:64,30192
DA:66,648
DA:69,24
DA:70,24
DA:74,4
DA:75,4
DA:77,4
DA:78,24
DA:79,24
DA:80,96
DA:81,268
DA:82,268
DA:87,20
DA:91,20
DA:92,20
DA:101,134
DA:105,17194
DA:106,17194
DA:108,17194
DA:112,2
DA:114,24
DA:128,17194
DA:132,4165
DA:134,4165
DA:135,206
DA:136,206
DA:137,206
DA:139,3959
DA:144,4138
DA:146,4138
DA:147,154
DA:148,154
DA:149,154
DA:151,3984
DA:156,4041
DA:158,4041
DA:159,238
DA:160,238
DA:161,238
DA:163,3803
DA:168,4850
DA:170,4850
DA:171,273
DA:172,273
DA:173,273
DA:175,4577
DA:180,17194
DA:181,17194
DA:182,17194
DA:186,34
DA:187,34
DA:188,34
DA:189,34
DA:190,34
DA:192,34
DA:196,8925
DA:200,182
DA:201,480
DA:205,2225
DA:209,29
DA:216,20
DA:217,20
DA:219,20
DA:220,20
DA:222,20
DA:226,24
DA:227,40
DA:228,40
DA:229,20
DA:232,20
DA:234,20
DA:235,20
DA:241,30
DA:242,30
DA:243,30
DA:245,30
DA:246,30
DA:247,30
DA:250,30
DA:252,30
DA:254,30
DA:255,30
DA:263,148
DA:264,100
DA:265,96
DA:266,96
DA:267,96
DA:272,44
DA:273,24
DA:275,24
DA:276,40
DA:277,40
DA:278,8
DA:280,32
DA:286,2
DA:292,96
DA:293,96
DA:301,871
DA:303,871
DA:307,871
DA:308,871
DA:311,871
DA:312,734
DA:314,137
DA:317,871
DA:318,309
DA:319,309
DA:322,562
DA:326,876
DA:330,876
DA:332,876
DA:333,876
LF:147
LH:147
BRDA:44,0,0,30192
BRDA:44,1,0,40320
BRDA:44,1,1,40320
BRDA:46,2,0,24
BRDA:82,3,0,20
BRDA:83,4,0,268
BRDA:83,4,1,192
BRDA:83,4,2,156
BRDA:91,5,0,20
BRDA:134,6,0,206
BRDA:134,6,1,3959
BRDA:137,7,0,206
BRDA:137,7,1,133
BRDA:146,8,0,154
BRDA:146,8,1,3984
BRDA:149,9,0,154
BRDA:149,9,1,81
BRDA:158,10,0,238
BRDA:158,10,1,3803
BRDA:161,11,0,238
BRDA:161,11,1,158
BRDA:170,12,0,273
BRDA:170,12,1,4577
BRDA:173,13,0,273
BRDA:173,13,1,190
BRDA:217,14,0,0
BRDA:228,15,0,20
BRDA:264,16,0,96
BRDA:272,17,0,20
BRDA:277,18,0,8
BRDA:277,18,1,32
BRDA:311,19,0,734
BRDA:311,19,1,137
BRDA:317,20,0,309
BRF:34
BRH:33
end_of_record
TN:
SF:src\2022\22\monkeyMap.ts
FN:14,(anonymous_0)
FN:18,(anonymous_1)
FN:35,(anonymous_2)
FN:36,(anonymous_3)
FN:46,(anonymous_4)
FN:59,(anonymous_5)
FN:72,(anonymous_6)
FN:73,(anonymous_7)
FNF:8
FNH:8
FNDA:7,(anonymous_0)
FNDA:648,(anonymous_1)
FNDA:3,(anonymous_2)
FNDA:224,(anonymous_3)
FNDA:15695,(anonymous_4)
FNDA:4022,(anonymous_5)
FNDA:5,(anonymous_6)
FNDA:171,(anonymous_7)
DA:1,2
DA:10,2
DA:15,7
DA:19,648
DA:20,648
DA:21,648
DA:22,60640
DA:23,60640
DA:24,15256
DA:25,45384
DA:26,40838
DA:27,4546
DA:28,4546
DA:32,648
DA:36,224
DA:38,3
DA:39,224
DA:40,224
DA:41,10064
DA:47,15695
DA:48,15695
DA:49,31447
DA:56,15695
DA:60,4022
DA:61,4022
DA:62,32879
DA:63,32879
DA:64,3261
DA:66,29618
DA:69,761
DA:73,171
LF:31
LH:31
BRDA:23,0,0,15256
BRDA:23,0,1,45384
BRDA:25,1,0,40838
BRDA:25,1,1,4546
BRDA:27,2,0,4546
BRDA:63,3,0,3261
BRDA:73,4,0,171
BRDA:73,4,1,5
BRF:8
BRH:8
end_of_record
TN:
SF:src\2022\22\monkeyPath.ts
FN:9,(anonymous_0)
FN:13,(anonymous_1)
FN:25,(anonymous_2)
FN:29,(anonymous_3)
FN:40,(anonymous_4)
FN:47,(anonymous_5)
FN:56,(anonymous_6)
FN:70,(anonymous_7)
FNF:8
FNH:8
FNDA:5,(anonymous_0)
FNDA:634,(anonymous_1)
FNDA:5,(anonymous_2)
FNDA:4,(anonymous_3)
FNDA:17,(anonymous_4)
FNDA:4,(anonymous_5)
FNDA:8032,(anonymous_6)
FNDA:8046,(anonymous_7)
DA:2,2
DA:5,2
DA:10,5
DA:14,634
DA:15,629
DA:17,629
DA:18,5
DA:19,5
DA:21,624
DA:26,5
DA:30,4
DA:34,2
DA:41,17
DA:42,17
DA:43,17
DA:44,17
DA:48,4
DA:49,4
DA:50,4
DA:51,8028
DA:52,8028
DA:57,8032
DA:58,1958
DA:59,6074
DA:60,2054
DA:62,4020
DA:63,4020
DA:71,8046
DA:72,8041
DA:73,8041
DA:76,8041
DA:77,5
DA:78,8036
DA:79,14
DA:80,8022
DA:81,0
DA:83,8022
DA:86,8041
DA:87,4018
DA:90,4023
DA:91,4023
DA:92,4023
LF:42
LH:41
BRDA:14,0,0,5
BRDA:17,1,0,5
BRDA:17,1,1,624
BRDA:57,2,0,1958
BRDA:57,2,1,6074
BRDA:59,3,0,2054
BRDA:59,3,1,4020
BRDA:71,4,0,5
BRDA:76,5,0,5
BRDA:76,5,1,8036
BRDA:76,6,0,8041
BRDA:76,6,1,19
BRDA:78,7,0,14
BRDA:78,7,1,8022
BRDA:80,8,0,0
BRDA:80,8,1,8022
BRDA:86,9,0,4018
BRF:17
BRH:16
end_of_record
TN:
SF:src\2022\23\23.1.ts
FN:4,spreadArea
FNF:1
FNH:1
FNDA:3,spreadArea
DA:1,1
DA:2,1
DA:4,1
DA:8,3
DA:10,3
DA:12,3
DA:13,88
DA:16,3
DA:18,3
DA:19,3
DA:20,3
LF:11
LH:11
BRF:0
BRH:0
end_of_record
TN:
SF:src\2022\23\23.2.ts
FN:4,roundsBeforeElvesStabilize
FNF:1
FNH:1
FNDA:3,roundsBeforeElvesStabilize
DA:1,1
DA:2,1
DA:4,1
DA:7,3
DA:9,3
DA:11,3
DA:12,88
DA:15,3
DA:17,3
LF:9
LH:9
BRF:0
BRH:0
end_of_record
TN:
SF:src\2022\23\checkPos.ts
FN:4,(anonymous_0)
FN:7,(anonymous_1)
FN:10,(anonymous_2)
FN:13,(anonymous_3)
FN:17,(anonymous_4)
FN:24,(anonymous_5)
FN:42,(anonymous_6)
FN:46,(anonymous_7)
FN:55,(anonymous_8)
FN:63,(anonymous_9)
FN:67,(anonymous_10)
FN:76,(anonymous_11)
FN:84,(anonymous_12)
FN:88,(anonymous_13)
FN:97,(anonymous_14)
FN:105,(anonymous_15)
FN:109,(anonymous_16)
FN:118,(anonymous_17)
FNF:18
FNH:18
FNDA:980,(anonymous_0)
FNDA:979,(anonymous_1)
FNDA:979,(anonymous_2)
FNDA:979,(anonymous_3)
FNDA:977,(anonymous_4)
FNDA:1,(anonymous_5)
FNDA:980,(anonymous_6)
FNDA:2305908,(anonymous_7)
FNDA:1556658,(anonymous_8)
FNDA:979,(anonymous_9)
FNDA:2305908,(anonymous_10)
FNDA:1550705,(anonymous_11)
FNDA:979,(anonymous_12)
FNDA:2305908,(anonymous_13)
FNDA:1547422,(anonymous_14)
FNDA:979,(anonymous_15)
FNDA:2305908,(anonymous_16)
FNDA:1559418,(anonymous_17)
DA:1,2
DA:3,2
DA:5,980
DA:8,979
DA:11,979
DA:14,979
DA:18,977
DA:25,1
DA:27,1
DA:28,3
DA:29,9
DA:30,8
DA:31,8
DA:35,1
DA:39,2
DA:43,980
DA:47,2305908
DA:48,2305908
DA:49,6917724
DA:50,6917724
DA:52,2305908
DA:56,1556658
DA:60,2
DA:64,979
DA:68,2305908
DA:69,2305908
DA:70,6917724
DA:71,6917724
DA:73,2305908
DA:77,1550705
DA:81,2
DA:85,979
DA:89,2305908
DA:90,2305908
DA:91,6917724
DA:92,6917724
DA:94,2305908
DA:98,1547422
DA:102,2
DA:106,979
DA:110,2305908
DA:111,2305908
DA:112,6917724
DA:113,6917724
DA:115,2305908
DA:119,1559418
LF:46
LH:46
BRDA:29,0,0,1
BRDA:29,1,0,9
BRDA:29,1,1,3
BRDA:43,2,0,980
BRDA:43,2,1,2
BRDA:64,3,0,979
BRDA:64,3,1,2
BRDA:85,4,0,979
BRDA:85,4,1,2
BRDA:106,5,0,979
BRDA:106,5,1,2
BRF:11
BRH:11
end_of_record
TN:
SF:src\2022\23\elf.ts
FN:9,(anonymous_0)
FNF:1
FNH:1
FNDA:33890225,(anonymous_0)
DA:1,2
DA:5,2
DA:10,33890225
DA:11,33890225
LF:4
LH:4
BRF:0
BRH:0
end_of_record
TN:
SF:src\2022\23\elfSpread.ts
FN:4,(anonymous_0)
FN:8,(anonymous_1)
FN:20,(anonymous_2)
FN:30,(anonymous_3)
FN:43,(anonymous_4)
FN:96,(anonymous_5)
FN:113,(anonymous_6)
FN:118,(anonymous_7)
FNF:8
FNH:8
FNDA:11,(anonymous_0)
FNDA:206,(anonymous_1)
FNDA:5,(anonymous_2)
FNDA:3,(anonymous_3)
FNDA:977,(anonymous_4)
FNDA:7,(anonymous_5)
FNDA:4,(anonymous_6)
FNDA:3,(anonymous_7)
DA:1,2
DA:2,2
DA:4,2
DA:5,11
DA:6,11
DA:9,206
DA:10,10346
DA:11,10346
DA:12,5047
DA:13,5047
DA:14,5047
DA:17,206
DA:21,5
DA:22,35
DA:24,35
DA:26,35
DA:31,3
DA:33,3
DA:34,942
DA:35,942
DA:36,942
DA:37,942
DA:40,3
DA:44,977
DA:45,977
DA:47,977
DA:48,2305907
DA:49,2305907
DA:51,2305907
DA:52,9223628
DA:53,9223628
DA:54,9223628
DA:55,9223628
DA:56,23695002
DA:57,3009429
DA:58,3009429
DA:61,9223628
DA:62,6214199
DA:67,2305907
DA:71,1490736
DA:72,1490736
DA:75,815171
DA:76,815171
DA:79,815171
DA:80,34919
DA:81,34919
DA:82,34919
DA:83,34919
DA:84,34919
DA:85,34919
DA:86,34919
DA:89,780252
DA:90,780252
DA:91,780252
DA:93,977
DA:97,7
DA:98,7
DA:99,7
DA:100,7
DA:102,7
DA:103,2531
DA:104,2531
DA:105,2531
DA:106,2531
DA:107,2531
DA:110,7
DA:114,4
DA:115,4
DA:119,3
DA:120,3
DA:121,3
DA:122,15
DA:123,48
DA:124,48
DA:125,48
DA:127,15
DA:129,3
DA:130,3
LF:78
LH:78
BRDA:11,0,0,5047
BRDA:56,1,0,3009429
BRDA:61,2,0,6214199
BRDA:67,3,0,1490736
BRDA:68,4,0,2305907
BRDA:68,4,1,1167325
BRDA:79,5,0,34919
BRDA:125,6,0,15
BRDA:125,6,1,33
BRF:9
BRH:9
end_of_record
TN:
SF:src\2022\3\3.1.ts
FN:4,runsackPrioritiesSum
FNF:1
FNH:1
FNDA:2,runsackPrioritiesSum
DA:1,1
DA:2,1
DA:4,1
DA:8,2
DA:10,2
DA:12,2
DA:13,306
DA:14,306
DA:15,306
DA:18,2
DA:19,2
LF:11
LH:11
BRDA:5,0,0,0
BRDA:6,1,0,0
BRF:2
BRH:0
end_of_record
TN:
SF:src\2022\3\3.2.ts
FN:4,runsackPrioritiesSumGroups
FNF:1
FNH:1
FNDA:2,runsackPrioritiesSumGroups
DA:1,1
DA:2,1
DA:4,1
DA:8,2
DA:10,2
DA:12,2
DA:13,2
DA:14,306
DA:15,306
DA:17,306
DA:18,102
DA:19,102
DA:20,102
DA:21,102
DA:26,2
DA:27,2
LF:16
LH:16
BRDA:5,0,0,0
BRDA:6,1,0,0
BRDA:14,2,0,306
BRDA:17,3,0,102
BRF:4
BRH:2
end_of_record
TN:
SF:src\2022\3\Runsack.ts
FN:6,(anonymous_0)
FN:10,(anonymous_1)
FN:22,(anonymous_2)
FN:39,(anonymous_3)
FN:53,(anonymous_4)
FN:58,(anonymous_5)
FN:66,(anonymous_6)
FN:78,(anonymous_7)
FN:82,(anonymous_8)
FN:86,(anonymous_9)
FN:89,(anonymous_10)
FNF:11
FNH:11
FNDA:416,(anonymous_0)
FNDA:312,(anonymous_1)
FNDA:312,(anonymous_2)
FNDA:624,(anonymous_3)
FNDA:413,(anonymous_4)
FNDA:9546,(anonymous_5)
FNDA:412,(anonymous_6)
FNDA:412,(anonymous_7)
FNDA:218,(anonymous_8)
FNDA:410,(anonymous_9)
FNDA:410,(anonymous_10)
DA:3,2
DA:7,416
DA:14,312
DA:19,312
DA:26,312
DA:28,312
DA:29,624
DA:34,624
DA:36,312
DA:44,624
DA:45,624
DA:50,624
DA:54,413
DA:56,413
DA:57,517
DA:58,9546
DA:62,413
DA:63,413
DA:67,412
DA:69,412
DA:70,194
DA:73,218
DA:74,218
DA:79,412
DA:83,218
DA:87,410
DA:88,410
DA:89,410
DA:92,410
LF:29
LH:29
BRDA:69,0,0,194
BRDA:73,1,0,218
BRDA:79,2,0,412
BRDA:79,2,1,194
BRDA:83,3,0,218
BRDA:83,3,1,218
BRF:6
BRH:6
end_of_record
TN:
SF:src\2022\4\4.ts
FN:4,amountOfElvesOnCleanOverlap
FNF:1
FNH:1
FNDA:4,amountOfElvesOnCleanOverlap
DA:1,2
DA:2,2
DA:4,2
DA:8,4
DA:10,4
DA:12,4
DA:13,2012
DA:14,2012
DA:18,2012
DA:21,4
DA:22,4
LF:11
LH:11
BRDA:6,0,0,0
BRDA:14,1,0,1006
BRDA:14,1,1,1006
BRDA:18,2,0,1251
BRF:4
BRH:3
end_of_record
TN:
SF:src\2022\4\elvesCleaningSections.ts
FN:4,(anonymous_0)
FN:8,(anonymous_1)
FN:26,(anonymous_2)
FN:42,(anonymous_3)
FN:62,(anonymous_4)
FN:66,(anonymous_5)
FN:85,(anonymous_6)
FNF:7
FNH:7
FNDA:2018,(anonymous_0)
FNDA:2017,(anonymous_1)
FNDA:1008,(anonymous_2)
FNDA:1008,(anonymous_3)
FNDA:4044,(anonymous_4)
FNDA:1573,(anonymous_5)
FNDA:1214,(anonymous_6)
DA:1,2
DA:5,2018
DA:9,2017
DA:10,2017
DA:12,2017
DA:13,4034
DA:14,4034
DA:15,4034
DA:17,4034
DA:18,4034
DA:19,152227
DA:21,4034
DA:23,2017
DA:27,1008
DA:29,1569
DA:30,2577
DA:31,1569
DA:33,1569
DA:36,1569
DA:39,561
DA:43,1008
DA:45,1210
DA:46,2218
DA:47,1210
DA:49,1210
DA:52,1210
DA:55,202
DA:59,2
DA:63,4044
DA:67,1573
DA:68,1573
DA:69,18774
DA:70,1325
DA:71,1325
DA:75,1573
DA:77,1325
DA:78,15486
DA:79,1124
DA:82,201
DA:86,1214
DA:87,16389
DA:88,808
DA:91,406
LF:43
LH:43
BRDA:30,0,0,1008
BRDA:33,1,0,1122
BRDA:36,2,0,447
BRDA:46,3,0,1008
BRDA:49,4,0,404
BRDA:52,5,0,806
BRDA:69,6,0,1325
BRDA:75,7,0,248
BRDA:78,8,0,1124
BRDA:87,9,0,808
BRF:10
BRH:10
end_of_record
TN:
SF:src\2022\5\5.ts
FN:4,stacksCraneSimulation
FNF:1
FNH:1
FNDA:4,stacksCraneSimulation
DA:1,2
DA:2,2
DA:4,2
DA:8,4
DA:10,4
DA:11,4
DA:13,4
DA:14,1040
DA:15,30
DA:16,30
DA:17,4
DA:23,1010
DA:27,4
DA:28,4
DA:29,4
LF:15
LH:15
BRDA:5,0,0,0
BRDA:6,1,0,0
BRDA:14,2,0,30
BRDA:14,2,1,1010
BRDA:16,3,0,4
BRDA:18,4,0,2
BRDA:18,4,1,2
BRF:7
BRH:5
end_of_record
TN:
SF:src\2022\5\crateMover.ts
FN:4,(anonymous_0)
FN:8,(anonymous_1)
FN:15,(anonymous_2)
FN:16,(anonymous_3)
FN:43,(anonymous_4)
FN:53,(anonymous_5)
FN:67,(anonymous_6)
FN:68,(anonymous_7)
FN:73,(anonymous_8)
FN:80,(anonymous_9)
FNF:10
FNH:10
FNDA:9,(anonymous_0)
FNDA:6,(anonymous_1)
FNDA:9,(anonymous_2)
FNDA:54,(anonymous_3)
FNDA:507,(anonymous_4)
FNDA:1012,(anonymous_5)
FNDA:5,(anonymous_6)
FNDA:27,(anonymous_7)
FNDA:3,(anonymous_8)
FNDA:506,(anonymous_9)
DA:1,2
DA:5,9
DA:10,6
DA:12,6
DA:16,54
DA:18,9
DA:21,9
DA:24,9
DA:26,9
DA:27,39
DA:28,39
DA:29,39
DA:31,39
DA:32,154
DA:33,154
DA:34,141
DA:35,141
DA:37,39
DA:38,39
DA:40,9
DA:44,507
DA:45,507
DA:47,507
DA:48,2376
DA:49,2376
DA:54,1012
DA:55,1012
DA:57,1012
DA:58,1012
DA:60,1012
DA:61,1012
DA:63,1012
DA:64,1012
DA:68,27
DA:72,2
DA:75,3
DA:77,3
DA:81,506
DA:82,506
DA:84,506
DA:86,506
DA:87,2374
DA:88,2374
DA:91,506
LF:44
LH:44
BRDA:33,0,0,13
BRF:1
BRH:1
end_of_record
TN:
SF:src\2022\6\6.ts
FN:4,detectMarkerOnSingal
FNF:1
FNH:1
FNDA:2,detectMarkerOnSingal
DA:1,2
DA:2,2
DA:4,2
DA:8,2
DA:10,2
DA:11,2
DA:12,2
DA:13,2
DA:16,2
DA:19,2
LF:10
LH:10
BRDA:5,0,0,0
BRDA:6,1,0,0
BRF:2
BRH:0
end_of_record
TN:
SF:src\2022\6\SignalTuner.ts
FN:4,(anonymous_0)
FN:8,(anonymous_1)
FNF:2
FNH:2
FNDA:7,(anonymous_0)
FNDA:7,(anonymous_1)
DA:1,2
DA:5,7
DA:9,7
DA:11,7
DA:12,4717
DA:13,4717
DA:14,6
DA:18,1
LF:8
LH:8
BRDA:13,0,0,6
BRF:1
BRH:1
end_of_record
TN:
SF:src\2022\7\7.1.ts
FN:4,foldersBelowThresholdTotalSize
FNF:1
FNH:1
FNDA:2,foldersBelowThresholdTotalSize
DA:1,1
DA:2,1
DA:4,1
DA:8,2
DA:10,2
DA:12,2
DA:13,1131
DA:17,2
DA:18,2
LF:9
LH:9
BRDA:6,0,0,0
BRF:1
BRH:0
end_of_record
TN:
SF:src\2022\7\7.2.ts
FN:4,folderToDeleteToAchieveSpace
FNF:1
FNH:1
FNDA:2,folderToDeleteToAchieveSpace
DA:1,1
DA:2,1
DA:4,1
DA:9,2
DA:11,2
DA:12,2
DA:14,2
DA:15,1131
DA:19,2
DA:20,2
LF:10
LH:10
BRDA:7,0,0,0
BRF:1
BRH:0
end_of_record
TN:
SF:src\2022\7\file.ts
FN:12,(anonymous_0)
FN:23,(anonymous_1)
FN:28,(anonymous_2)
FN:33,(anonymous_3)
FN:34,(anonymous_4)
FN:39,(anonymous_5)
FN:40,(anonymous_6)
FN:43,(anonymous_7)
FN:55,(anonymous_8)
FN:57,(anonymous_9)
FN:65,(anonymous_10)
FNF:11
FNH:11
FNDA:638,(anonymous_0)
FNDA:455,(anonymous_1)
FNDA:1066,(anonymous_2)
FNDA:14115,(anonymous_3)
FNDA:31169,(anonymous_4)
FNDA:420,(anonymous_5)
FNDA:1967,(anonymous_6)
FNDA:5,(anonymous_7)
FNDA:4,(anonymous_8)
FNDA:1311,(anonymous_9)
FNDA:431,(anonymous_10)
DA:7,2
DA:13,638
DA:14,638
DA:18,2
DA:24,455
DA:25,455
DA:29,1066
DA:30,1066
DA:34,14115
DA:35,31169
DA:40,1967
DA:44,5
DA:45,5
DA:46,5
DA:47,215
DA:48,43
DA:52,5
DA:56,4
DA:57,1311
DA:58,4
DA:59,198
DA:60,4
DA:66,431
DA:67,431
DA:68,1050
DA:69,421
DA:70,421
DA:73,431
LF:28
LH:28
BRDA:40,0,0,420
BRDA:40,0,1,2
BRDA:47,1,0,43
BRDA:59,2,0,4
BRDA:68,3,0,421
BRF:5
BRH:5
end_of_record
TN:
SF:src\2022\7\fileExplorer.ts
FN:8,(anonymous_0)
FN:13,(anonymous_1)
FN:31,(anonymous_2)
FN:43,(anonymous_3)
FN:47,(anonymous_4)
FN:51,(anonymous_5)
FN:54,(anonymous_6)
FNF:7
FNH:7
FNDA:17,(anonymous_0)
FNDA:831,(anonymous_1)
FNDA:1035,(anonymous_2)
FNDA:418,(anonymous_3)
FNDA:625,(anonymous_4)
FNDA:4,(anonymous_5)
FNDA:3,(anonymous_6)
DA:1,2
DA:3,2
DA:9,17
DA:10,17
DA:14,831
DA:15,408
DA:16,408
DA:18,423
DA:19,5
DA:20,5
DA:23,418
DA:24,418
DA:25,2
DA:28,416
DA:32,1035
DA:33,1035
DA:34,1035
DA:35,415
DA:36,415
DA:39,620
DA:40,620
DA:44,418
DA:48,625
DA:52,4
DA:55,3
DA:57,3
DA:58,3
LF:27
LH:27
BRDA:14,0,0,408
BRDA:18,1,0,5
BRDA:24,2,0,2
BRDA:34,3,0,415
BRDA:57,4,0,0
BRF:5
BRH:4
end_of_record
TN:
SF:src\2022\7\terminal.ts
FN:6,(anonymous_0)
FN:10,(anonymous_1)
FNF:2
FNH:2
FNDA:9,(anonymous_0)
FNDA:2272,(anonymous_1)
DA:1,2
DA:3,2
DA:7,9
DA:11,2272
DA:13,2272
DA:15,1239
DA:16,825
DA:17,825
DA:20,1033
LF:9
LH:9
BRDA:13,0,0,1239
BRDA:13,0,1,1033
BRDA:15,1,0,825
BRF:3
BRH:3
end_of_record
TN:
SF:src\2022\8\8.1.ts
FN:4,treeHouseCounter
FNF:1
FNH:1
FNDA:2,treeHouseCounter
DA:1,1
DA:2,1
DA:4,1
DA:7,2
DA:9,2
DA:10,2
DA:11,104
DA:13,2
DA:14,2
DA:15,2
LF:10
LH:10
BRDA:5,0,0,0
BRF:1
BRH:0
end_of_record
TN:
SF:src\2022\8\8.2.ts
FN:4,bestScenicValueInForest
FNF:1
FNH:1
FNDA:2,bestScenicValueInForest
DA:1,1
DA:2,1
DA:4,1
DA:7,2
DA:9,2
DA:10,2
DA:11,104
DA:13,2
DA:14,2
DA:15,2
DA:16,2
LF:11
LH:11
BRDA:5,0,0,0
BRF:1
BRH:0
end_of_record
TN:
SF:src\2022\8\direction.ts
FN:4,(anonymous_0)
FN:16,(anonymous_1)
FN:48,(anonymous_2)
FN:52,(anonymous_3)
FN:56,(anonymous_4)
FN:60,(anonymous_5)
FN:70,(anonymous_6)
FN:78,(anonymous_7)
FN:82,(anonymous_8)
FN:86,(anonymous_9)
FN:90,(anonymous_10)
FN:100,(anonymous_11)
FN:108,(anonymous_12)
FN:112,(anonymous_13)
FN:116,(anonymous_14)
FN:120,(anonymous_15)
FN:130,(anonymous_16)
FN:138,(anonymous_17)
FN:142,(anonymous_18)
FN:146,(anonymous_19)
FN:150,(anonymous_20)
FN:160,(anonymous_21)
FNF:22
FNH:22
FNDA:9838,(anonymous_0)
FNDA:884,(anonymous_1)
FNDA:10303,(anonymous_2)
FNDA:227,(anonymous_3)
FNDA:29573,(anonymous_4)
FNDA:10066,(anonymous_5)
FNDA:227,(anonymous_6)
FNDA:10274,(anonymous_7)
FNDA:215,(anonymous_8)
FNDA:29516,(anonymous_9)
FNDA:10054,(anonymous_10)
FNDA:215,(anonymous_11)
FNDA:10302,(anonymous_12)
FNDA:227,(anonymous_13)
FNDA:29572,(anonymous_14)
FNDA:10066,(anonymous_15)
FNDA:227,(anonymous_16)
FNDA:10275,(anonymous_17)
FNDA:215,(anonymous_18)
FNDA:29517,(anonymous_19)
FNDA:10054,(anonymous_20)
FNDA:215,(anonymous_21)
DA:3,2
DA:5,9838
DA:17,884
DA:18,884
DA:19,884
DA:20,78796
DA:21,78796
DA:22,78796
DA:23,4419
DA:25,78796
DA:45,2
DA:49,10303
DA:53,227
DA:57,29573
DA:61,10066
DA:63,10066
DA:64,500044
DA:67,10066
DA:71,227
DA:75,2
DA:79,10274
DA:83,215
DA:87,29516
DA:91,10054
DA:93,10054
DA:94,499985
DA:97,10054
DA:101,215
DA:105,2
DA:109,10302
DA:113,227
DA:117,29572
DA:121,10066
DA:123,10066
DA:124,500043
DA:127,10066
DA:131,227
DA:135,2
DA:139,10275
DA:143,215
DA:147,29517
DA:151,10054
DA:153,10054
DA:154,499985
DA:157,10054
DA:161,215
LF:46
LH:46
BRDA:22,0,0,4419
BRDA:49,1,0,10303
BRDA:49,1,1,2
BRDA:79,2,0,10274
BRDA:79,2,1,2
BRDA:109,3,0,10302
BRDA:109,3,1,2
BRDA:139,4,0,10275
BRDA:139,4,1,2
BRF:9
BRH:9
end_of_record
TN:
SF:src\2022\8\forest.ts
FN:7,(anonymous_0)
FN:11,(anonymous_1)
FN:12,(anonymous_2)
FN:15,(anonymous_3)
FN:16,(anonymous_4)
FN:19,(anonymous_5)
FN:30,(anonymous_6)
FN:38,(anonymous_7)
FN:45,(anonymous_8)
FN:56,(anonymous_9)
FN:70,(anonymous_10)
FN:74,(anonymous_11)
FNF:12
FNH:12
FNDA:11,(anonymous_0)
FNDA:3,(anonymous_1)
FNDA:9835,(anonymous_2)
FNDA:3,(anonymous_3)
FNDA:9838,(anonymous_4)
FNDA:227,(anonymous_5)
FNDA:227,(anonymous_6)
FNDA:6,(anonymous_7)
FNDA:3,(anonymous_8)
FNDA:39352,(anonymous_9)
FNDA:39356,(anonymous_10)
FNDA:39352,(anonymous_11)
DA:1,2
DA:2,2
DA:4,2
DA:8,11
DA:12,9835
DA:16,9838
DA:20,227
DA:22,227
DA:23,227
DA:24,227
DA:26,227
DA:27,227
DA:31,227
DA:32,19725
DA:33,19725
DA:34,19725
DA:39,6
DA:40,215
DA:41,215
DA:46,3
DA:47,107
DA:48,9838
DA:49,9838
DA:50,39352
DA:62,39352
DA:63,39352
DA:67,39352
DA:71,39356
DA:78,39352
DA:79,39352
DA:80,107727
DA:81,107727
DA:82,37164
DA:86,39352
LF:34
LH:34
BRDA:81,0,0,37164
BRF:1
BRH:1
end_of_record
TN:
SF:src\2022\8\tree.ts
FN:5,(anonymous_0)
FN:9,(anonymous_1)
FN:12,(anonymous_2)
FN:13,(anonymous_3)
FN:16,(anonymous_4)
FN:17,(anonymous_5)
FN:28,(anonymous_6)
FN:34,(anonymous_7)
FN:38,(anonymous_8)
FNF:9
FNH:9
FNDA:19741,(anonymous_0)
FNDA:78964,(anonymous_1)
FNDA:9837,(anonymous_2)
FNDA:36405,(anonymous_3)
FNDA:9840,(anonymous_4)
FNDA:39360,(anonymous_5)
FNDA:78967,(anonymous_6)
FNDA:36410,(anonymous_7)
FNDA:78818,(anonymous_8)
DA:1,2
DA:6,19741
DA:7,19741
DA:9,78964
DA:13,36405
DA:17,9840
DA:18,39360
DA:23,2
DA:29,78967
DA:30,78967
DA:31,78967
DA:35,36410
DA:39,78818
DA:40,78818
LF:14
LH:14
BRF:0
BRH:0
end_of_record
TN:
SF:src\2022\9\9.ts
FN:4,traversedCellsCounter
FN:23,bridgeSimulation
FNF:2
FNH:2
FNDA:4,traversedCellsCounter
FNDA:1,bridgeSimulation
DA:1,2
DA:2,2
DA:4,2
DA:8,4
DA:10,4
DA:12,4
DA:13,4016
DA:14,4016
DA:15,4016
DA:16,4016
DA:19,4
DA:20,4
DA:23,2
DA:27,1
DA:29,1
DA:31,1
DA:32,8
DA:33,8
DA:34,8
DA:35,8
DA:38,1
LF:21
LH:21
BRF:0
BRH:0
end_of_record
TN:
SF:src\2022\9\bridge.ts
FN:9,(anonymous_0)
FN:20,(anonymous_1)
FN:24,(anonymous_2)
FN:28,(anonymous_3)
FN:33,(anonymous_4)
FN:39,(anonymous_5)
FN:54,(anonymous_6)
FN:56,(anonymous_7)
FN:56,(anonymous_8)
FN:60,(anonymous_9)
FN:72,(anonymous_10)
FN:98,(anonymous_11)
FN:103,(anonymous_12)
FN:106,(anonymous_13)
FN:110,(anonymous_14)
FN:118,(anonymous_15)
FN:125,(anonymous_16)
FN:134,(anonymous_17)
FNF:18
FNH:17
FNDA:11,(anonymous_0)
FNDA:46613,(anonymous_1)
FNDA:23199,(anonymous_2)
FNDA:11721,(anonymous_3)
FNDA:4030,(anonymous_4)
FNDA:92992,(anonymous_5)
FNDA:6,(anonymous_6)
FNDA:11713,(anonymous_7)
FNDA:42264066,(anonymous_8)
FNDA:1,(anonymous_9)
FNDA:217,(anonymous_10)
FNDA:250314,(anonymous_11)
FNDA:76582,(anonymous_12)
FNDA:116157,(anonymous_13)
FNDA:116157,(anonymous_14)
FNDA:0,(anonymous_15)
FNDA:53426,(anonymous_16)
FNDA:42264338,(anonymous_17)
DA:1,2
DA:3,2
DA:10,11
DA:11,11
DA:12,11
DA:13,11
DA:14,11
DA:16,24
DA:21,46613
DA:25,23199
DA:29,11721
DA:30,11721
DA:34,4030
DA:35,4030
DA:36,4030
DA:37,23165
DA:38,23165
DA:39,23165
DA:40,92992
DA:41,41708
DA:42,41708
DA:44,92992
DA:46,23165
DA:47,11709
DA:48,11709
DA:55,6
DA:56,42264066
DA:66,1
DA:67,1
DA:68,1
DA:69,1
DA:70,5
DA:71,30
DA:72,30
DA:73,217
DA:75,30
DA:76,1
DA:77,29
DA:78,4
DA:79,25
DA:80,0
DA:81,25
DA:82,0
DA:84,25
DA:87,5
DA:89,1
DA:90,1
DA:94,2
DA:99,250314
DA:100,250314
DA:104,76582
DA:107,116157
DA:111,116157
DA:112,116157
DA:113,116157
DA:114,116157
DA:115,116157
DA:119,0
DA:120,0
DA:122,0
DA:126,53426
DA:127,53426
DA:128,53426
DA:135,42264338
LF:64
LH:59
BRDA:40,0,0,41708
BRDA:46,1,0,11709
BRDA:75,2,0,1
BRDA:75,2,1,29
BRDA:77,3,0,4
BRDA:77,3,1,25
BRDA:79,4,0,0
BRDA:79,4,1,25
BRDA:81,5,0,0
BRDA:81,5,1,25
BRDA:81,6,0,25
BRDA:81,6,1,5
BRDA:114,7,0,116157
BRDA:114,7,1,88372
BRDA:122,8,0,0
BRDA:122,8,1,0
BRDA:129,9,0,16448
BRDA:129,9,1,36978
BRDA:129,10,0,18073
BRDA:129,10,1,18905
BRDA:130,11,0,17526
BRDA:130,11,1,35900
BRDA:130,12,0,18744
BRDA:130,12,1,17156
BRDA:135,13,0,42264338
BRDA:135,13,1,277136
BRF:26
BRH:22
end_of_record
TN:
SF:src\2022\9\direction.ts
FN:7,(anonymous_0)
FN:11,(anonymous_1)
FN:12,(anonymous_2)
FN:19,(anonymous_3)
FN:22,(anonymous_4)
FN:26,(anonymous_5)
FN:34,(anonymous_6)
FN:38,(anonymous_7)
FN:42,(anonymous_8)
FN:50,(anonymous_9)
FN:54,(anonymous_10)
FN:58,(anonymous_11)
FN:66,(anonymous_12)
FN:70,(anonymous_13)
FN:74,(anonymous_14)
FNF:15
FNH:15
FNDA:4030,(anonymous_0)
FNDA:4030,(anonymous_1)
FNDA:10073,(anonymous_2)
FNDA:4030,(anonymous_3)
FNDA:4030,(anonymous_4)
FNDA:1001,(anonymous_5)
FNDA:4030,(anonymous_6)
FNDA:3029,(anonymous_7)
FNDA:1015,(anonymous_8)
FNDA:4030,(anonymous_9)
FNDA:2014,(anonymous_10)
FNDA:1014,(anonymous_11)
FNDA:4030,(anonymous_12)
FNDA:1000,(anonymous_13)
FNDA:1000,(anonymous_14)
DA:1,2
DA:3,2
DA:8,4030
DA:12,10073
DA:16,2
DA:20,4030
DA:23,4030
DA:27,1001
DA:31,2
DA:35,4030
DA:39,3029
DA:43,1015
DA:47,2
DA:51,4030
DA:55,2014
DA:59,1014
DA:63,2
DA:67,4030
DA:71,1000
DA:75,1000
LF:20
LH:20
BRDA:20,0,0,4030
BRDA:20,0,1,2
BRDA:35,1,0,4030
BRDA:35,1,1,2
BRDA:51,2,0,4030
BRDA:51,2,1,2
BRDA:67,3,0,4030
BRDA:67,3,1,2
BRF:8
BRH:8
end_of_record
TN:
SF:src\common\Utils.ts
FN:2,(anonymous_0)
FN:12,(anonymous_1)
FNF:2
FNH:2
FNDA:38,(anonymous_0)
FNDA:38,(anonymous_1)
DA:1,2
DA:2,2
DA:4,38
DA:5,136
DA:6,136
DA:7,136
DA:9,38
DA:12,2
DA:13,38
LF:9
LH:9
BRF:0
BRH:0
end_of_record
TN:
SF:src\common\priorityQueue.ts
FN:2,(anonymous_0)
FN:3,(anonymous_1)
FN:4,(anonymous_2)
FN:10,(anonymous_3)
FN:10,(anonymous_4)
FN:14,(anonymous_5)
FN:17,(anonymous_6)
FN:20,(anonymous_7)
FN:23,(anonymous_8)
FN:24,(anonymous_9)
FN:30,(anonymous_10)
FN:40,(anonymous_11)
FN:46,(anonymous_12)
FN:49,(anonymous_13)
FN:52,(anonymous_14)
FN:59,(anonymous_15)
FNF:16
FNH:14
FNDA:284437,(anonymous_0)
FNDA:598533,(anonymous_1)
FNDA:465245,(anonymous_2)
FNDA:216,(anonymous_3)
FNDA:0,(anonymous_4)
FNDA:577727,(anonymous_5)
FNDA:44395,(anonymous_6)
FNDA:44184,(anonymous_7)
FNDA:30526,(anonymous_8)
FNDA:44364,(anonymous_9)
FNDA:44184,(anonymous_10)
FNDA:0,(anonymous_11)
FNDA:446208,(anonymous_12)
FNDA:289620,(anonymous_13)
FNDA:44364,(anonymous_14)
FNDA:44184,(anonymous_15)
DA:1,4
DA:2,284437
DA:3,598533
DA:4,465245
DA:6,4
DA:10,0
DA:11,216
DA:12,216
DA:15,577727
DA:18,44395
DA:21,44184
DA:24,30526
DA:25,44364
DA:26,44364
DA:28,30526
DA:31,44184
DA:32,44184
DA:33,44184
DA:34,43687
DA:36,44184
DA:37,44184
DA:38,44184
DA:41,0
DA:42,0
DA:43,0
DA:44,0
DA:47,446208
DA:50,289620
DA:53,44364
DA:54,44364
DA:55,83657
DA:56,83657
DA:60,44184
DA:61,44184
DA:66,162276
DA:69,162276
DA:70,162276
LF:37
LH:32
BRDA:10,0,0,0
BRDA:33,1,0,43687
BRDA:54,2,0,128021
BRDA:54,2,1,117123
BRDA:62,3,0,206460
BRDA:62,3,1,166093
BRDA:62,3,2,45522
BRDA:62,3,3,4833
BRDA:66,4,0,94455
BRDA:66,4,1,67821
BRDA:66,5,0,162276
BRDA:66,5,1,158159
BRF:12
BRH:11
end_of_record
TN:
SF:src\common\readfileLines.ts
FN:5,readFileLines
FNF:1
FNH:1
FNDA:91,readFileLines
DA:1,45
DA:2,45
DA:3,45
DA:5,45
DA:9,91
DA:16,91
DA:20,91
LF:7
LH:7
BRF:0
BRH:0
end_of_record
